[0.347s] Invoking command in '/home/jacky/Documents/robot_vision_project_2025/src/my_camera_pkg': PYTHONPATH=/home/jacky/Documents/robot_vision_project_2025/build/my_camera_pkg/prefix_override:/usr/lib/python3/dist-packages/colcon_core/task/python/colcon_distutils_commands:/home/jacky/Documents/robot_vision_project_2025/install/my_camera_pkg/lib/python3.10/site-packages:${PYTHONPATH} /usr/bin/python3 -W ignore:setup.py install is deprecated -W ignore:easy_install command is deprecated setup.py egg_info --egg-base ../../build/my_camera_pkg build --build-base /home/jacky/Documents/robot_vision_project_2025/build/my_camera_pkg/build install --record /home/jacky/Documents/robot_vision_project_2025/build/my_camera_pkg/install.log --single-version-externally-managed install_data
[0.490s] running egg_info
[0.491s] creating ../../build/my_camera_pkg/my_camera_pkg.egg-info
[0.491s] writing ../../build/my_camera_pkg/my_camera_pkg.egg-info/PKG-INFO
[0.491s] writing dependency_links to ../../build/my_camera_pkg/my_camera_pkg.egg-info/dependency_links.txt
[0.491s] writing entry points to ../../build/my_camera_pkg/my_camera_pkg.egg-info/entry_points.txt
[0.491s] writing requirements to ../../build/my_camera_pkg/my_camera_pkg.egg-info/requires.txt
[0.491s] writing top-level names to ../../build/my_camera_pkg/my_camera_pkg.egg-info/top_level.txt
[0.491s] writing manifest file '../../build/my_camera_pkg/my_camera_pkg.egg-info/SOURCES.txt'
[0.492s] reading manifest file '../../build/my_camera_pkg/my_camera_pkg.egg-info/SOURCES.txt'
[0.493s] writing manifest file '../../build/my_camera_pkg/my_camera_pkg.egg-info/SOURCES.txt'
[0.493s] running build
[0.493s] running build_py
[0.493s] creating /home/jacky/Documents/robot_vision_project_2025/build/my_camera_pkg/build
[0.493s] creating /home/jacky/Documents/robot_vision_project_2025/build/my_camera_pkg/build/lib
[0.493s] creating /home/jacky/Documents/robot_vision_project_2025/build/my_camera_pkg/build/lib/my_camera_pkg
[0.493s] copying my_camera_pkg/camera_node.py -> /home/jacky/Documents/robot_vision_project_2025/build/my_camera_pkg/build/lib/my_camera_pkg
[0.493s] copying my_camera_pkg/__init__.py -> /home/jacky/Documents/robot_vision_project_2025/build/my_camera_pkg/build/lib/my_camera_pkg
[0.493s] copying my_camera_pkg/camera_subscriber.py -> /home/jacky/Documents/robot_vision_project_2025/build/my_camera_pkg/build/lib/my_camera_pkg
[0.493s] running install
[0.493s] running install_lib
[0.493s] creating /home/jacky/Documents/robot_vision_project_2025/install/my_camera_pkg/lib/python3.10/site-packages/my_camera_pkg
[0.494s] copying /home/jacky/Documents/robot_vision_project_2025/build/my_camera_pkg/build/lib/my_camera_pkg/camera_node.py -> /home/jacky/Documents/robot_vision_project_2025/install/my_camera_pkg/lib/python3.10/site-packages/my_camera_pkg
[0.494s] copying /home/jacky/Documents/robot_vision_project_2025/build/my_camera_pkg/build/lib/my_camera_pkg/__init__.py -> /home/jacky/Documents/robot_vision_project_2025/install/my_camera_pkg/lib/python3.10/site-packages/my_camera_pkg
[0.494s] copying /home/jacky/Documents/robot_vision_project_2025/build/my_camera_pkg/build/lib/my_camera_pkg/camera_subscriber.py -> /home/jacky/Documents/robot_vision_project_2025/install/my_camera_pkg/lib/python3.10/site-packages/my_camera_pkg
[0.494s] byte-compiling /home/jacky/Documents/robot_vision_project_2025/install/my_camera_pkg/lib/python3.10/site-packages/my_camera_pkg/camera_node.py to camera_node.cpython-310.pyc
[0.494s] byte-compiling /home/jacky/Documents/robot_vision_project_2025/install/my_camera_pkg/lib/python3.10/site-packages/my_camera_pkg/__init__.py to __init__.cpython-310.pyc
[0.494s] byte-compiling /home/jacky/Documents/robot_vision_project_2025/install/my_camera_pkg/lib/python3.10/site-packages/my_camera_pkg/camera_subscriber.py to camera_subscriber.cpython-310.pyc
[0.495s] running install_data
[0.495s] creating /home/jacky/Documents/robot_vision_project_2025/install/my_camera_pkg/share/ament_index
[0.495s] creating /home/jacky/Documents/robot_vision_project_2025/install/my_camera_pkg/share/ament_index/resource_index
[0.495s] creating /home/jacky/Documents/robot_vision_project_2025/install/my_camera_pkg/share/ament_index/resource_index/packages
[0.495s] copying resource/my_camera_pkg -> /home/jacky/Documents/robot_vision_project_2025/install/my_camera_pkg/share/ament_index/resource_index/packages
[0.495s] copying package.xml -> /home/jacky/Documents/robot_vision_project_2025/install/my_camera_pkg/share/my_camera_pkg
[0.495s] creating /home/jacky/Documents/robot_vision_project_2025/install/my_camera_pkg/share/my_camera_pkg/launch
[0.495s] copying launch/camera_launch.py -> /home/jacky/Documents/robot_vision_project_2025/install/my_camera_pkg/share/my_camera_pkg/launch
[0.495s] running install_egg_info
[0.496s] Copying ../../build/my_camera_pkg/my_camera_pkg.egg-info to /home/jacky/Documents/robot_vision_project_2025/install/my_camera_pkg/lib/python3.10/site-packages/my_camera_pkg-0.0.0-py3.10.egg-info
[0.496s] running install_scripts
[0.509s] Installing camera_node script to /home/jacky/Documents/robot_vision_project_2025/install/my_camera_pkg/lib/my_camera_pkg
[0.509s] Installing camera_subscriber script to /home/jacky/Documents/robot_vision_project_2025/install/my_camera_pkg/lib/my_camera_pkg
[0.509s] writing list of installed files to '/home/jacky/Documents/robot_vision_project_2025/build/my_camera_pkg/install.log'
[0.525s] Invoked command in '/home/jacky/Documents/robot_vision_project_2025/src/my_camera_pkg' returned '0': PYTHONPATH=/home/jacky/Documents/robot_vision_project_2025/build/my_camera_pkg/prefix_override:/usr/lib/python3/dist-packages/colcon_core/task/python/colcon_distutils_commands:/home/jacky/Documents/robot_vision_project_2025/install/my_camera_pkg/lib/python3.10/site-packages:${PYTHONPATH} /usr/bin/python3 -W ignore:setup.py install is deprecated -W ignore:easy_install command is deprecated setup.py egg_info --egg-base ../../build/my_camera_pkg build --build-base /home/jacky/Documents/robot_vision_project_2025/build/my_camera_pkg/build install --record /home/jacky/Documents/robot_vision_project_2025/build/my_camera_pkg/install.log --single-version-externally-managed install_data
