[0.499s] Invoking command in '/home/lego/ros2_ws/src/webcam_stream': PYTHONPATH=/home/lego/ros2_ws/build/webcam_stream/prefix_override:/usr/lib/python3/dist-packages/colcon_core/task/python/colcon_distutils_commands:/home/lego/ros2_ws/install/webcam_stream/lib/python3.10/site-packages:${PYTHONPATH} /usr/bin/python3 -W ignore:setup.py install is deprecated -W ignore:easy_install command is deprecated setup.py egg_info --egg-base ../../build/webcam_stream build --build-base /home/lego/ros2_ws/build/webcam_stream/build install --record /home/lego/ros2_ws/build/webcam_stream/install.log --single-version-externally-managed install_data
[0.616s] running egg_info
[0.616s] writing ../../build/webcam_stream/webcam_stream.egg-info/PKG-INFO
[0.616s] writing dependency_links to ../../build/webcam_stream/webcam_stream.egg-info/dependency_links.txt
[0.617s] writing entry points to ../../build/webcam_stream/webcam_stream.egg-info/entry_points.txt
[0.617s] writing requirements to ../../build/webcam_stream/webcam_stream.egg-info/requires.txt
[0.617s] writing top-level names to ../../build/webcam_stream/webcam_stream.egg-info/top_level.txt
[0.618s] reading manifest file '../../build/webcam_stream/webcam_stream.egg-info/SOURCES.txt'
[0.618s] writing manifest file '../../build/webcam_stream/webcam_stream.egg-info/SOURCES.txt'
[0.618s] running build
[0.618s] running build_py
[0.618s] copying webcam_stream/camera_node.py -> /home/lego/ros2_ws/build/webcam_stream/build/lib/webcam_stream
[0.619s] running install
[0.619s] running install_lib
[0.619s] copying /home/lego/ros2_ws/build/webcam_stream/build/lib/webcam_stream/camera_node.py -> /home/lego/ros2_ws/install/webcam_stream/lib/python3.10/site-packages/webcam_stream
[0.619s] byte-compiling /home/lego/ros2_ws/install/webcam_stream/lib/python3.10/site-packages/webcam_stream/camera_node.py to camera_node.cpython-310.pyc
[0.620s] running install_data
[0.620s] running install_egg_info
[0.621s] removing '/home/lego/ros2_ws/install/webcam_stream/lib/python3.10/site-packages/webcam_stream-0.0.0-py3.10.egg-info' (and everything under it)
[0.621s] Copying ../../build/webcam_stream/webcam_stream.egg-info to /home/lego/ros2_ws/install/webcam_stream/lib/python3.10/site-packages/webcam_stream-0.0.0-py3.10.egg-info
[0.622s] running install_scripts
[0.640s] Installing camera_node script to /home/lego/ros2_ws/install/webcam_stream/lib/webcam_stream
[0.641s] writing list of installed files to '/home/lego/ros2_ws/build/webcam_stream/install.log'
[0.678s] Invoked command in '/home/lego/ros2_ws/src/webcam_stream' returned '0': PYTHONPATH=/home/lego/ros2_ws/build/webcam_stream/prefix_override:/usr/lib/python3/dist-packages/colcon_core/task/python/colcon_distutils_commands:/home/lego/ros2_ws/install/webcam_stream/lib/python3.10/site-packages:${PYTHONPATH} /usr/bin/python3 -W ignore:setup.py install is deprecated -W ignore:easy_install command is deprecated setup.py egg_info --egg-base ../../build/webcam_stream build --build-base /home/lego/ros2_ws/build/webcam_stream/build install --record /home/lego/ros2_ws/build/webcam_stream/install.log --single-version-externally-managed install_data
