/home/jacky/Documents/robot_vision_project_2025/install/imu_serial/lib/python3.10/site-packages/imu_serial/imu_serial_node.py
/home/jacky/Documents/robot_vision_project_2025/install/imu_serial/lib/python3.10/site-packages/imu_serial/__init__.py
/home/jacky/Documents/robot_vision_project_2025/install/imu_serial/lib/python3.10/site-packages/imu_serial/imu_velocity_node.py
/home/jacky/Documents/robot_vision_project_2025/install/imu_serial/lib/python3.10/site-packages/imu_serial/__pycache__/imu_serial_node.cpython-310.pyc
/home/jacky/Documents/robot_vision_project_2025/install/imu_serial/lib/python3.10/site-packages/imu_serial/__pycache__/__init__.cpython-310.pyc
/home/jacky/Documents/robot_vision_project_2025/install/imu_serial/lib/python3.10/site-packages/imu_serial/__pycache__/imu_velocity_node.cpython-310.pyc
/home/jacky/Documents/robot_vision_project_2025/install/imu_serial/share/ament_index/resource_index/packages/imu_serial
/home/jacky/Documents/robot_vision_project_2025/install/imu_serial/share/imu_serial/package.xml
/home/jacky/Documents/robot_vision_project_2025/install/imu_serial/share/imu_serial/launch/imu_ekf_launch.py
/home/jacky/Documents/robot_vision_project_2025/install/imu_serial/share/imu_serial/config/imu_ekf.yaml
/home/jacky/Documents/robot_vision_project_2025/install/imu_serial/share/imu_serial/rviz/imu_ekf.rviz
/home/jacky/Documents/robot_vision_project_2025/install/imu_serial/lib/python3.10/site-packages/imu_serial-0.0.0-py3.10.egg-info/entry_points.txt
/home/jacky/Documents/robot_vision_project_2025/install/imu_serial/lib/python3.10/site-packages/imu_serial-0.0.0-py3.10.egg-info/SOURCES.txt
/home/jacky/Documents/robot_vision_project_2025/install/imu_serial/lib/python3.10/site-packages/imu_serial-0.0.0-py3.10.egg-info/PKG-INFO
/home/jacky/Documents/robot_vision_project_2025/install/imu_serial/lib/python3.10/site-packages/imu_serial-0.0.0-py3.10.egg-info/requires.txt
/home/jacky/Documents/robot_vision_project_2025/install/imu_serial/lib/python3.10/site-packages/imu_serial-0.0.0-py3.10.egg-info/zip-safe
/home/jacky/Documents/robot_vision_project_2025/install/imu_serial/lib/python3.10/site-packages/imu_serial-0.0.0-py3.10.egg-info/top_level.txt
/home/jacky/Documents/robot_vision_project_2025/install/imu_serial/lib/python3.10/site-packages/imu_serial-0.0.0-py3.10.egg-info/dependency_links.txt
/home/jacky/Documents/robot_vision_project_2025/install/imu_serial/lib/imu_serial/imu_serial_node
/home/jacky/Documents/robot_vision_project_2025/install/imu_serial/lib/imu_serial/imu_velocity_node
