running egg_info
writing ../../build/my_camera_pkg/my_camera_pkg.egg-info/PKG-INFO
writing dependency_links to ../../build/my_camera_pkg/my_camera_pkg.egg-info/dependency_links.txt
writing entry points to ../../build/my_camera_pkg/my_camera_pkg.egg-info/entry_points.txt
writing requirements to ../../build/my_camera_pkg/my_camera_pkg.egg-info/requires.txt
writing top-level names to ../../build/my_camera_pkg/my_camera_pkg.egg-info/top_level.txt
reading manifest file '../../build/my_camera_pkg/my_camera_pkg.egg-info/SOURCES.txt'
writing manifest file '../../build/my_camera_pkg/my_camera_pkg.egg-info/SOURCES.txt'
running build
running build_py
running install
/usr/local/lib/python3.6/dist-packages/setuptools/command/install.py:37: SetuptoolsDeprecationWarning: setup.py install is deprecated. Use build and pip and other standards-based tools.
  setuptools.SetuptoolsDeprecationWarning,
running install_lib
running install_data
running install_egg_info
removing '/ros_ws/install/my_camera_pkg/lib/python3.6/site-packages/my_camera_pkg-0.0.0-py3.6.egg-info' (and everything under it)
Copying ../../build/my_camera_pkg/my_camera_pkg.egg-info to /ros_ws/install/my_camera_pkg/lib/python3.6/site-packages/my_camera_pkg-0.0.0-py3.6.egg-info
running install_scripts
Installing camera_subscriber script to /ros_ws/install/my_camera_pkg/lib/my_camera_pkg
writing list of installed files to '/ros_ws/build/my_camera_pkg/install.log'
