[6.667s] Invoking command in '/ros_ws/src/my_camera_pkg': PYTHONPATH=/ros_ws/build/my_camera_pkg/prefix_override:/ros_ws/install/my_camera_pkg/lib/python3.6/site-packages:${PYTHONPATH} /usr/bin/python3 setup.py egg_info --egg-base ../../build/my_camera_pkg build --build-base /ros_ws/build/my_camera_pkg/build install --record /ros_ws/build/my_camera_pkg/install.log --single-version-externally-managed
[8.237s] running egg_info
[8.241s] writing ../../build/my_camera_pkg/my_camera_pkg.egg-info/PKG-INFO
[8.242s] writing dependency_links to ../../build/my_camera_pkg/my_camera_pkg.egg-info/dependency_links.txt
[8.243s] writing entry points to ../../build/my_camera_pkg/my_camera_pkg.egg-info/entry_points.txt
[8.243s] writing requirements to ../../build/my_camera_pkg/my_camera_pkg.egg-info/requires.txt
[8.244s] writing top-level names to ../../build/my_camera_pkg/my_camera_pkg.egg-info/top_level.txt
[8.254s] reading manifest file '../../build/my_camera_pkg/my_camera_pkg.egg-info/SOURCES.txt'
[8.260s] writing manifest file '../../build/my_camera_pkg/my_camera_pkg.egg-info/SOURCES.txt'
[8.261s] running build
[8.261s] running build_py
[8.262s] running install
[8.263s] /usr/local/lib/python3.6/dist-packages/setuptools/command/install.py:37: SetuptoolsDeprecationWarning: setup.py install is deprecated. Use build and pip and other standards-based tools.
[8.264s]   setuptools.SetuptoolsDeprecationWarning,
[8.264s] running install_lib
[8.269s] running install_data
[8.271s] running install_egg_info
[8.279s] removing '/ros_ws/install/my_camera_pkg/lib/python3.6/site-packages/my_camera_pkg-0.0.0-py3.6.egg-info' (and everything under it)
[8.281s] Copying ../../build/my_camera_pkg/my_camera_pkg.egg-info to /ros_ws/install/my_camera_pkg/lib/python3.6/site-packages/my_camera_pkg-0.0.0-py3.6.egg-info
[8.286s] running install_scripts
[8.371s] Installing camera_subscriber script to /ros_ws/install/my_camera_pkg/lib/my_camera_pkg
[8.372s] writing list of installed files to '/ros_ws/build/my_camera_pkg/install.log'
[8.508s] Invoked command in '/ros_ws/src/my_camera_pkg' returned '0': PYTHONPATH=/ros_ws/build/my_camera_pkg/prefix_override:/ros_ws/install/my_camera_pkg/lib/python3.6/site-packages:${PYTHONPATH} /usr/bin/python3 setup.py egg_info --egg-base ../../build/my_camera_pkg build --build-base /ros_ws/build/my_camera_pkg/build install --record /ros_ws/build/my_camera_pkg/install.log --single-version-externally-managed
