[0.348s] Invoking command in '/home/lego/ros2_ws/src/webcam_stream': PYTHONPATH=/home/lego/ros2_ws/build/webcam_stream/prefix_override:/usr/lib/python3/dist-packages/colcon_core/task/python/colcon_distutils_commands:/home/lego/ros2_ws/install/webcam_stream/lib/python3.10/site-packages:${PYTHONPATH} /usr/bin/python3 -W ignore:setup.py install is deprecated -W ignore:easy_install command is deprecated setup.py egg_info --egg-base ../../build/webcam_stream build --build-base /home/lego/ros2_ws/build/webcam_stream/build install --record /home/lego/ros2_ws/build/webcam_stream/install.log --single-version-externally-managed
[0.468s] running egg_info
[0.468s] writing ../../build/webcam_stream/webcam_stream.egg-info/PKG-INFO
[0.468s] writing dependency_links to ../../build/webcam_stream/webcam_stream.egg-info/dependency_links.txt
[0.468s] writing entry points to ../../build/webcam_stream/webcam_stream.egg-info/entry_points.txt
[0.468s] writing requirements to ../../build/webcam_stream/webcam_stream.egg-info/requires.txt
[0.468s] writing top-level names to ../../build/webcam_stream/webcam_stream.egg-info/top_level.txt
[0.469s] reading manifest file '../../build/webcam_stream/webcam_stream.egg-info/SOURCES.txt'
[0.470s] writing manifest file '../../build/webcam_stream/webcam_stream.egg-info/SOURCES.txt'
[0.470s] running build
[0.470s] running build_py
[0.470s] running install
[0.470s] running install_lib
[0.471s] running install_egg_info
[0.472s] removing '/home/lego/ros2_ws/install/webcam_stream/lib/python3.10/site-packages/webcam_stream-0.0.0-py3.10.egg-info' (and everything under it)
[0.472s] Copying ../../build/webcam_stream/webcam_stream.egg-info to /home/lego/ros2_ws/install/webcam_stream/lib/python3.10/site-packages/webcam_stream-0.0.0-py3.10.egg-info
[0.472s] running install_scripts
[0.486s] Installing camera_node script to /home/lego/ros2_ws/install/webcam_stream/lib/webcam_stream
[0.486s] writing list of installed files to '/home/lego/ros2_ws/build/webcam_stream/install.log'
[0.515s] Invoked command in '/home/lego/ros2_ws/src/webcam_stream' returned '0': PYTHONPATH=/home/lego/ros2_ws/build/webcam_stream/prefix_override:/usr/lib/python3/dist-packages/colcon_core/task/python/colcon_distutils_commands:/home/lego/ros2_ws/install/webcam_stream/lib/python3.10/site-packages:${PYTHONPATH} /usr/bin/python3 -W ignore:setup.py install is deprecated -W ignore:easy_install command is deprecated setup.py egg_info --egg-base ../../build/webcam_stream build --build-base /home/lego/ros2_ws/build/webcam_stream/build install --record /home/lego/ros2_ws/build/webcam_stream/install.log --single-version-externally-managed
