running egg_info
creating ../build/webcam_stream/webcam_stream.egg-info
writing ../build/webcam_stream/webcam_stream.egg-info/PKG-INFO
writing dependency_links to ../build/webcam_stream/webcam_stream.egg-info/dependency_links.txt
writing entry points to ../build/webcam_stream/webcam_stream.egg-info/entry_points.txt
writing requirements to ../build/webcam_stream/webcam_stream.egg-info/requires.txt
writing top-level names to ../build/webcam_stream/webcam_stream.egg-info/top_level.txt
writing manifest file '../build/webcam_stream/webcam_stream.egg-info/SOURCES.txt'
reading manifest file '../build/webcam_stream/webcam_stream.egg-info/SOURCES.txt'
writing manifest file '../build/webcam_stream/webcam_stream.egg-info/SOURCES.txt'
running build
running build_py
creating /home/lego/ros2_ws/build/webcam_stream/build
creating /home/lego/ros2_ws/build/webcam_stream/build/lib
creating /home/lego/ros2_ws/build/webcam_stream/build/lib/webcam_stream
copying webcam_stream/__init__.py -> /home/lego/ros2_ws/build/webcam_stream/build/lib/webcam_stream
copying webcam_stream/camera_node.py -> /home/lego/ros2_ws/build/webcam_stream/build/lib/webcam_stream
running install
running install_lib
creating /home/lego/ros2_ws/install/webcam_stream/lib/python3.10/site-packages/webcam_stream
copying /home/lego/ros2_ws/build/webcam_stream/build/lib/webcam_stream/__init__.py -> /home/lego/ros2_ws/install/webcam_stream/lib/python3.10/site-packages/webcam_stream
copying /home/lego/ros2_ws/build/webcam_stream/build/lib/webcam_stream/camera_node.py -> /home/lego/ros2_ws/install/webcam_stream/lib/python3.10/site-packages/webcam_stream
byte-compiling /home/lego/ros2_ws/install/webcam_stream/lib/python3.10/site-packages/webcam_stream/__init__.py to __init__.cpython-310.pyc
byte-compiling /home/lego/ros2_ws/install/webcam_stream/lib/python3.10/site-packages/webcam_stream/camera_node.py to camera_node.cpython-310.pyc
running install_data
creating /home/lego/ros2_ws/install/webcam_stream/share
creating /home/lego/ros2_ws/install/webcam_stream/share/ament_index
creating /home/lego/ros2_ws/install/webcam_stream/share/ament_index/resource_index
creating /home/lego/ros2_ws/install/webcam_stream/share/ament_index/resource_index/packages
copying resource/webcam_stream -> /home/lego/ros2_ws/install/webcam_stream/share/ament_index/resource_index/packages
creating /home/lego/ros2_ws/install/webcam_stream/share/webcam_stream
copying package.xml -> /home/lego/ros2_ws/install/webcam_stream/share/webcam_stream
running install_egg_info
Copying ../build/webcam_stream/webcam_stream.egg-info to /home/lego/ros2_ws/install/webcam_stream/lib/python3.10/site-packages/webcam_stream-0.0.0-py3.10.egg-info
running install_scripts
writing list of installed files to '/home/lego/ros2_ws/build/webcam_stream/install.log'
