[0.504s] Invoking command in '/home/lego/ros2_ws/webcam_stream': PYTHONPATH=/home/lego/ros2_ws/build/webcam_stream/prefix_override:/usr/lib/python3/dist-packages/colcon_core/task/python/colcon_distutils_commands:/home/lego/ros2_ws/install/webcam_stream/lib/python3.10/site-packages:${PYTHONPATH} /usr/bin/python3 -W ignore:setup.py install is deprecated -W ignore:easy_install command is deprecated setup.py egg_info --egg-base ../build/webcam_stream build --build-base /home/lego/ros2_ws/build/webcam_stream/build install --record /home/lego/ros2_ws/build/webcam_stream/install.log --single-version-externally-managed install_data
[0.623s] running egg_info
[0.623s] creating ../build/webcam_stream/webcam_stream.egg-info
[0.623s] writing ../build/webcam_stream/webcam_stream.egg-info/PKG-INFO
[0.623s] writing dependency_links to ../build/webcam_stream/webcam_stream.egg-info/dependency_links.txt
[0.623s] writing entry points to ../build/webcam_stream/webcam_stream.egg-info/entry_points.txt
[0.624s] writing requirements to ../build/webcam_stream/webcam_stream.egg-info/requires.txt
[0.624s] writing top-level names to ../build/webcam_stream/webcam_stream.egg-info/top_level.txt
[0.624s] writing manifest file '../build/webcam_stream/webcam_stream.egg-info/SOURCES.txt'
[0.624s] reading manifest file '../build/webcam_stream/webcam_stream.egg-info/SOURCES.txt'
[0.625s] writing manifest file '../build/webcam_stream/webcam_stream.egg-info/SOURCES.txt'
[0.625s] running build
[0.625s] running build_py
[0.625s] creating /home/lego/ros2_ws/build/webcam_stream/build
[0.625s] creating /home/lego/ros2_ws/build/webcam_stream/build/lib
[0.625s] creating /home/lego/ros2_ws/build/webcam_stream/build/lib/webcam_stream
[0.625s] copying webcam_stream/__init__.py -> /home/lego/ros2_ws/build/webcam_stream/build/lib/webcam_stream
[0.626s] copying webcam_stream/camera_node.py -> /home/lego/ros2_ws/build/webcam_stream/build/lib/webcam_stream
[0.626s] running install
[0.626s] running install_lib
[0.626s] creating /home/lego/ros2_ws/install/webcam_stream/lib/python3.10/site-packages/webcam_stream
[0.626s] copying /home/lego/ros2_ws/build/webcam_stream/build/lib/webcam_stream/__init__.py -> /home/lego/ros2_ws/install/webcam_stream/lib/python3.10/site-packages/webcam_stream
[0.626s] copying /home/lego/ros2_ws/build/webcam_stream/build/lib/webcam_stream/camera_node.py -> /home/lego/ros2_ws/install/webcam_stream/lib/python3.10/site-packages/webcam_stream
[0.626s] byte-compiling /home/lego/ros2_ws/install/webcam_stream/lib/python3.10/site-packages/webcam_stream/__init__.py to __init__.cpython-310.pyc
[0.626s] byte-compiling /home/lego/ros2_ws/install/webcam_stream/lib/python3.10/site-packages/webcam_stream/camera_node.py to camera_node.cpython-310.pyc
[0.627s] running install_data
[0.627s] creating /home/lego/ros2_ws/install/webcam_stream/share
[0.627s] creating /home/lego/ros2_ws/install/webcam_stream/share/ament_index
[0.627s] creating /home/lego/ros2_ws/install/webcam_stream/share/ament_index/resource_index
[0.627s] creating /home/lego/ros2_ws/install/webcam_stream/share/ament_index/resource_index/packages
[0.627s] copying resource/webcam_stream -> /home/lego/ros2_ws/install/webcam_stream/share/ament_index/resource_index/packages
[0.627s] creating /home/lego/ros2_ws/install/webcam_stream/share/webcam_stream
[0.627s] copying package.xml -> /home/lego/ros2_ws/install/webcam_stream/share/webcam_stream
[0.627s] running install_egg_info
[0.628s] Copying ../build/webcam_stream/webcam_stream.egg-info to /home/lego/ros2_ws/install/webcam_stream/lib/python3.10/site-packages/webcam_stream-0.0.0-py3.10.egg-info
[0.629s] running install_scripts
[0.646s] writing list of installed files to '/home/lego/ros2_ws/build/webcam_stream/install.log'
[0.686s] Invoked command in '/home/lego/ros2_ws/webcam_stream' returned '0': PYTHONPATH=/home/lego/ros2_ws/build/webcam_stream/prefix_override:/usr/lib/python3/dist-packages/colcon_core/task/python/colcon_distutils_commands:/home/lego/ros2_ws/install/webcam_stream/lib/python3.10/site-packages:${PYTHONPATH} /usr/bin/python3 -W ignore:setup.py install is deprecated -W ignore:easy_install command is deprecated setup.py egg_info --egg-base ../build/webcam_stream build --build-base /home/lego/ros2_ws/build/webcam_stream/build install --record /home/lego/ros2_ws/build/webcam_stream/install.log --single-version-externally-managed install_data
