running egg_info
creating ../../build/imu_serial/imu_serial.egg-info
writing ../../build/imu_serial/imu_serial.egg-info/PKG-INFO
writing dependency_links to ../../build/imu_serial/imu_serial.egg-info/dependency_links.txt
writing entry points to ../../build/imu_serial/imu_serial.egg-info/entry_points.txt
writing requirements to ../../build/imu_serial/imu_serial.egg-info/requires.txt
writing top-level names to ../../build/imu_serial/imu_serial.egg-info/top_level.txt
writing manifest file '../../build/imu_serial/imu_serial.egg-info/SOURCES.txt'
reading manifest file '../../build/imu_serial/imu_serial.egg-info/SOURCES.txt'
writing manifest file '../../build/imu_serial/imu_serial.egg-info/SOURCES.txt'
running build
running build_py
creating /home/jacky/Documents/robot_vision_project_2025/build/imu_serial/build
creating /home/jacky/Documents/robot_vision_project_2025/build/imu_serial/build/lib
creating /home/jacky/Documents/robot_vision_project_2025/build/imu_serial/build/lib/imu_serial
copying imu_serial/imu_serial_node.py -> /home/jacky/Documents/robot_vision_project_2025/build/imu_serial/build/lib/imu_serial
copying imu_serial/__init__.py -> /home/jacky/Documents/robot_vision_project_2025/build/imu_serial/build/lib/imu_serial
copying imu_serial/imu_velocity_node.py -> /home/jacky/Documents/robot_vision_project_2025/build/imu_serial/build/lib/imu_serial
running install
running install_lib
creating /home/jacky/Documents/robot_vision_project_2025/install/imu_serial/lib/python3.10/site-packages/imu_serial
copying /home/jacky/Documents/robot_vision_project_2025/build/imu_serial/build/lib/imu_serial/imu_serial_node.py -> /home/jacky/Documents/robot_vision_project_2025/install/imu_serial/lib/python3.10/site-packages/imu_serial
copying /home/jacky/Documents/robot_vision_project_2025/build/imu_serial/build/lib/imu_serial/__init__.py -> /home/jacky/Documents/robot_vision_project_2025/install/imu_serial/lib/python3.10/site-packages/imu_serial
copying /home/jacky/Documents/robot_vision_project_2025/build/imu_serial/build/lib/imu_serial/imu_velocity_node.py -> /home/jacky/Documents/robot_vision_project_2025/install/imu_serial/lib/python3.10/site-packages/imu_serial
byte-compiling /home/jacky/Documents/robot_vision_project_2025/install/imu_serial/lib/python3.10/site-packages/imu_serial/imu_serial_node.py to imu_serial_node.cpython-310.pyc
byte-compiling /home/jacky/Documents/robot_vision_project_2025/install/imu_serial/lib/python3.10/site-packages/imu_serial/__init__.py to __init__.cpython-310.pyc
byte-compiling /home/jacky/Documents/robot_vision_project_2025/install/imu_serial/lib/python3.10/site-packages/imu_serial/imu_velocity_node.py to imu_velocity_node.cpython-310.pyc
running install_data
creating /home/jacky/Documents/robot_vision_project_2025/install/imu_serial/share/ament_index
creating /home/jacky/Documents/robot_vision_project_2025/install/imu_serial/share/ament_index/resource_index
creating /home/jacky/Documents/robot_vision_project_2025/install/imu_serial/share/ament_index/resource_index/packages
copying resource/imu_serial -> /home/jacky/Documents/robot_vision_project_2025/install/imu_serial/share/ament_index/resource_index/packages
copying package.xml -> /home/jacky/Documents/robot_vision_project_2025/install/imu_serial/share/imu_serial
creating /home/jacky/Documents/robot_vision_project_2025/install/imu_serial/share/imu_serial/launch
copying launch/imu_ekf_launch.py -> /home/jacky/Documents/robot_vision_project_2025/install/imu_serial/share/imu_serial/launch
creating /home/jacky/Documents/robot_vision_project_2025/install/imu_serial/share/imu_serial/config
copying config/imu_ekf.yaml -> /home/jacky/Documents/robot_vision_project_2025/install/imu_serial/share/imu_serial/config
creating /home/jacky/Documents/robot_vision_project_2025/install/imu_serial/share/imu_serial/rviz
copying rviz/imu_ekf.rviz -> /home/jacky/Documents/robot_vision_project_2025/install/imu_serial/share/imu_serial/rviz
running install_egg_info
Copying ../../build/imu_serial/imu_serial.egg-info to /home/jacky/Documents/robot_vision_project_2025/install/imu_serial/lib/python3.10/site-packages/imu_serial-0.0.0-py3.10.egg-info
running install_scripts
Installing imu_serial_node script to /home/jacky/Documents/robot_vision_project_2025/install/imu_serial/lib/imu_serial
Installing imu_velocity_node script to /home/jacky/Documents/robot_vision_project_2025/install/imu_serial/lib/imu_serial
writing list of installed files to '/home/jacky/Documents/robot_vision_project_2025/build/imu_serial/install.log'
