[0.512s] Invoking command in '/home/jacky/Documents/robot_vision_project_2025/src/my_camera_pkg': PYTHONPATH=/home/jacky/Documents/robot_vision_project_2025/build/my_camera_pkg/prefix_override:/usr/lib/python3/dist-packages/colcon_core/task/python/colcon_distutils_commands:/home/jacky/Documents/robot_vision_project_2025/install/my_camera_pkg/lib/python3.10/site-packages:${PYTHONPATH} /usr/bin/python3 -W ignore:setup.py install is deprecated -W ignore:easy_install command is deprecated setup.py egg_info --egg-base ../../build/my_camera_pkg build --build-base /home/jacky/Documents/robot_vision_project_2025/build/my_camera_pkg/build install --record /home/jacky/Documents/robot_vision_project_2025/build/my_camera_pkg/install.log --single-version-externally-managed install_data
[0.653s] running egg_info
[0.653s] writing ../../build/my_camera_pkg/my_camera_pkg.egg-info/PKG-INFO
[0.654s] writing dependency_links to ../../build/my_camera_pkg/my_camera_pkg.egg-info/dependency_links.txt
[0.654s] writing entry points to ../../build/my_camera_pkg/my_camera_pkg.egg-info/entry_points.txt
[0.654s] writing requirements to ../../build/my_camera_pkg/my_camera_pkg.egg-info/requires.txt
[0.654s] writing top-level names to ../../build/my_camera_pkg/my_camera_pkg.egg-info/top_level.txt
[0.656s] reading manifest file '../../build/my_camera_pkg/my_camera_pkg.egg-info/SOURCES.txt'
[0.656s] writing manifest file '../../build/my_camera_pkg/my_camera_pkg.egg-info/SOURCES.txt'
[0.657s] running build
[0.657s] running build_py
[0.657s] running install
[0.657s] running install_lib
[0.658s] running install_data
[0.658s] running install_egg_info
[0.660s] removing '/home/jacky/Documents/robot_vision_project_2025/install/my_camera_pkg/lib/python3.10/site-packages/my_camera_pkg-0.0.0-py3.10.egg-info' (and everything under it)
[0.660s] Copying ../../build/my_camera_pkg/my_camera_pkg.egg-info to /home/jacky/Documents/robot_vision_project_2025/install/my_camera_pkg/lib/python3.10/site-packages/my_camera_pkg-0.0.0-py3.10.egg-info
[0.660s] running install_scripts
[0.676s] Installing camera_subscriber script to /home/jacky/Documents/robot_vision_project_2025/install/my_camera_pkg/lib/my_camera_pkg
[0.676s] writing list of installed files to '/home/jacky/Documents/robot_vision_project_2025/build/my_camera_pkg/install.log'
[0.691s] Invoked command in '/home/jacky/Documents/robot_vision_project_2025/src/my_camera_pkg' returned '0': PYTHONPATH=/home/jacky/Documents/robot_vision_project_2025/build/my_camera_pkg/prefix_override:/usr/lib/python3/dist-packages/colcon_core/task/python/colcon_distutils_commands:/home/jacky/Documents/robot_vision_project_2025/install/my_camera_pkg/lib/python3.10/site-packages:${PYTHONPATH} /usr/bin/python3 -W ignore:setup.py install is deprecated -W ignore:easy_install command is deprecated setup.py egg_info --egg-base ../../build/my_camera_pkg build --build-base /home/jacky/Documents/robot_vision_project_2025/build/my_camera_pkg/build install --record /home/jacky/Documents/robot_vision_project_2025/build/my_camera_pkg/install.log --single-version-externally-managed install_data
