[0.331s] Invoking command in '/home/jacky/Documents/robot_vision_project_2025/src/imu_serial': PYTHONPATH=/home/jacky/Documents/robot_vision_project_2025/build/imu_serial/prefix_override:/usr/lib/python3/dist-packages/colcon_core/task/python/colcon_distutils_commands:/home/jacky/Documents/robot_vision_project_2025/install/imu_serial/lib/python3.10/site-packages:${PYTHONPATH} /usr/bin/python3 -W ignore:setup.py install is deprecated -W ignore:easy_install command is deprecated setup.py egg_info --egg-base ../../build/imu_serial build --build-base /home/jacky/Documents/robot_vision_project_2025/build/imu_serial/build install --record /home/jacky/Documents/robot_vision_project_2025/build/imu_serial/install.log --single-version-externally-managed install_data
[0.477s] running egg_info
[0.477s] creating ../../build/imu_serial/imu_serial.egg-info
[0.477s] writing ../../build/imu_serial/imu_serial.egg-info/PKG-INFO
[0.477s] writing dependency_links to ../../build/imu_serial/imu_serial.egg-info/dependency_links.txt
[0.477s] writing entry points to ../../build/imu_serial/imu_serial.egg-info/entry_points.txt
[0.477s] writing requirements to ../../build/imu_serial/imu_serial.egg-info/requires.txt
[0.477s] writing top-level names to ../../build/imu_serial/imu_serial.egg-info/top_level.txt
[0.477s] writing manifest file '../../build/imu_serial/imu_serial.egg-info/SOURCES.txt'
[0.478s] reading manifest file '../../build/imu_serial/imu_serial.egg-info/SOURCES.txt'
[0.479s] writing manifest file '../../build/imu_serial/imu_serial.egg-info/SOURCES.txt'
[0.479s] running build
[0.479s] running build_py
[0.479s] creating /home/jacky/Documents/robot_vision_project_2025/build/imu_serial/build
[0.479s] creating /home/jacky/Documents/robot_vision_project_2025/build/imu_serial/build/lib
[0.479s] creating /home/jacky/Documents/robot_vision_project_2025/build/imu_serial/build/lib/imu_serial
[0.479s] copying imu_serial/imu_data.py -> /home/jacky/Documents/robot_vision_project_2025/build/imu_serial/build/lib/imu_serial
[0.479s] copying imu_serial/imu_based_odom.py -> /home/jacky/Documents/robot_vision_project_2025/build/imu_serial/build/lib/imu_serial
[0.479s] copying imu_serial/__init__.py -> /home/jacky/Documents/robot_vision_project_2025/build/imu_serial/build/lib/imu_serial
[0.480s] running install
[0.480s] running install_lib
[0.481s] creating /home/jacky/Documents/robot_vision_project_2025/install/imu_serial/lib/python3.10/site-packages/imu_serial
[0.481s] copying /home/jacky/Documents/robot_vision_project_2025/build/imu_serial/build/lib/imu_serial/imu_data.py -> /home/jacky/Documents/robot_vision_project_2025/install/imu_serial/lib/python3.10/site-packages/imu_serial
[0.481s] copying /home/jacky/Documents/robot_vision_project_2025/build/imu_serial/build/lib/imu_serial/imu_based_odom.py -> /home/jacky/Documents/robot_vision_project_2025/install/imu_serial/lib/python3.10/site-packages/imu_serial
[0.481s] copying /home/jacky/Documents/robot_vision_project_2025/build/imu_serial/build/lib/imu_serial/__init__.py -> /home/jacky/Documents/robot_vision_project_2025/install/imu_serial/lib/python3.10/site-packages/imu_serial
[0.481s] byte-compiling /home/jacky/Documents/robot_vision_project_2025/install/imu_serial/lib/python3.10/site-packages/imu_serial/imu_data.py to imu_data.cpython-310.pyc
[0.483s] byte-compiling /home/jacky/Documents/robot_vision_project_2025/install/imu_serial/lib/python3.10/site-packages/imu_serial/imu_based_odom.py to imu_based_odom.cpython-310.pyc
[0.483s] byte-compiling /home/jacky/Documents/robot_vision_project_2025/install/imu_serial/lib/python3.10/site-packages/imu_serial/__init__.py to __init__.cpython-310.pyc
[0.483s] running install_data
[0.483s] creating /home/jacky/Documents/robot_vision_project_2025/install/imu_serial/share/ament_index
[0.484s] creating /home/jacky/Documents/robot_vision_project_2025/install/imu_serial/share/ament_index/resource_index
[0.484s] creating /home/jacky/Documents/robot_vision_project_2025/install/imu_serial/share/ament_index/resource_index/packages
[0.484s] copying resource/imu_serial -> /home/jacky/Documents/robot_vision_project_2025/install/imu_serial/share/ament_index/resource_index/packages
[0.484s] copying package.xml -> /home/jacky/Documents/robot_vision_project_2025/install/imu_serial/share/imu_serial
[0.484s] creating /home/jacky/Documents/robot_vision_project_2025/install/imu_serial/share/imu_serial/launch
[0.484s] copying launch/imu_ekf_launch.py -> /home/jacky/Documents/robot_vision_project_2025/install/imu_serial/share/imu_serial/launch
[0.484s] creating /home/jacky/Documents/robot_vision_project_2025/install/imu_serial/share/imu_serial/config
[0.484s] copying config/imu_ekf.yaml -> /home/jacky/Documents/robot_vision_project_2025/install/imu_serial/share/imu_serial/config
[0.484s] creating /home/jacky/Documents/robot_vision_project_2025/install/imu_serial/share/imu_serial/rviz
[0.484s] copying rviz/imu_ekf.rviz -> /home/jacky/Documents/robot_vision_project_2025/install/imu_serial/share/imu_serial/rviz
[0.484s] running install_egg_info
[0.486s] Copying ../../build/imu_serial/imu_serial.egg-info to /home/jacky/Documents/robot_vision_project_2025/install/imu_serial/lib/python3.10/site-packages/imu_serial-0.0.0-py3.10.egg-info
[0.486s] running install_scripts
[0.501s] Installing imu_based_odom script to /home/jacky/Documents/robot_vision_project_2025/install/imu_serial/lib/imu_serial
[0.501s] Installing imu_data script to /home/jacky/Documents/robot_vision_project_2025/install/imu_serial/lib/imu_serial
[0.501s] writing list of installed files to '/home/jacky/Documents/robot_vision_project_2025/build/imu_serial/install.log'
[0.517s] Invoked command in '/home/jacky/Documents/robot_vision_project_2025/src/imu_serial' returned '0': PYTHONPATH=/home/jacky/Documents/robot_vision_project_2025/build/imu_serial/prefix_override:/usr/lib/python3/dist-packages/colcon_core/task/python/colcon_distutils_commands:/home/jacky/Documents/robot_vision_project_2025/install/imu_serial/lib/python3.10/site-packages:${PYTHONPATH} /usr/bin/python3 -W ignore:setup.py install is deprecated -W ignore:easy_install command is deprecated setup.py egg_info --egg-base ../../build/imu_serial build --build-base /home/jacky/Documents/robot_vision_project_2025/build/imu_serial/build install --record /home/jacky/Documents/robot_vision_project_2025/build/imu_serial/install.log --single-version-externally-managed install_data
