[0.836s] Invoking command in '/home/jacky/Documents/robot_vision_project_2025/src/my_camera_pkg': PYTHONPATH=/home/jacky/Documents/robot_vision_project_2025/build/my_camera_pkg/prefix_override:/usr/lib/python3/dist-packages/colcon_core/task/python/colcon_distutils_commands:/home/jacky/Documents/robot_vision_project_2025/install/my_camera_pkg/lib/python3.10/site-packages:${PYTHONPATH} /usr/bin/python3 -W ignore:setup.py install is deprecated -W ignore:easy_install command is deprecated setup.py egg_info --egg-base ../../build/my_camera_pkg build --build-base /home/jacky/Documents/robot_vision_project_2025/build/my_camera_pkg/build install --record /home/jacky/Documents/robot_vision_project_2025/build/my_camera_pkg/install.log --single-version-externally-managed install_data
[1.172s] running egg_info
[1.172s] writing ../../build/my_camera_pkg/my_camera_pkg.egg-info/PKG-INFO
[1.172s] writing dependency_links to ../../build/my_camera_pkg/my_camera_pkg.egg-info/dependency_links.txt
[1.173s] writing entry points to ../../build/my_camera_pkg/my_camera_pkg.egg-info/entry_points.txt
[1.173s] writing requirements to ../../build/my_camera_pkg/my_camera_pkg.egg-info/requires.txt
[1.173s] writing top-level names to ../../build/my_camera_pkg/my_camera_pkg.egg-info/top_level.txt
[1.177s] reading manifest file '../../build/my_camera_pkg/my_camera_pkg.egg-info/SOURCES.txt'
[1.177s] writing manifest file '../../build/my_camera_pkg/my_camera_pkg.egg-info/SOURCES.txt'
[1.178s] running build
[1.178s] running build_py
[1.179s] running install
[1.180s] running install_lib
[1.182s] running install_data
[1.183s] running install_egg_info
[1.185s] removing '/home/jacky/Documents/robot_vision_project_2025/install/my_camera_pkg/lib/python3.10/site-packages/my_camera_pkg-0.0.0-py3.10.egg-info' (and everything under it)
[1.187s] Copying ../../build/my_camera_pkg/my_camera_pkg.egg-info to /home/jacky/Documents/robot_vision_project_2025/install/my_camera_pkg/lib/python3.10/site-packages/my_camera_pkg-0.0.0-py3.10.egg-info
[1.194s] running install_scripts
[1.268s] Installing camera_node script to /home/jacky/Documents/robot_vision_project_2025/install/my_camera_pkg/lib/my_camera_pkg
[1.270s] Installing camera_subscriber script to /home/jacky/Documents/robot_vision_project_2025/install/my_camera_pkg/lib/my_camera_pkg
[1.271s] Installing canny_edges script to /home/jacky/Documents/robot_vision_project_2025/install/my_camera_pkg/lib/my_camera_pkg
[1.274s] Installing hough_circle script to /home/jacky/Documents/robot_vision_project_2025/install/my_camera_pkg/lib/my_camera_pkg
[1.274s] Installing hough_circle_tuner script to /home/jacky/Documents/robot_vision_project_2025/install/my_camera_pkg/lib/my_camera_pkg
[1.274s] Installing hsv script to /home/jacky/Documents/robot_vision_project_2025/install/my_camera_pkg/lib/my_camera_pkg
[1.275s] Installing hsv_tuner script to /home/jacky/Documents/robot_vision_project_2025/install/my_camera_pkg/lib/my_camera_pkg
[1.275s] Installing object_detect script to /home/jacky/Documents/robot_vision_project_2025/install/my_camera_pkg/lib/my_camera_pkg
[1.275s] Installing tkinter = my_camera_pkg.tkinter:mainhole_template_match script to /home/jacky/Documents/robot_vision_project_2025/install/my_camera_pkg/lib/my_camera_pkg
[1.276s] Installing yolo script to /home/jacky/Documents/robot_vision_project_2025/install/my_camera_pkg/lib/my_camera_pkg
[1.276s] writing list of installed files to '/home/jacky/Documents/robot_vision_project_2025/build/my_camera_pkg/install.log'
[1.306s] Invoked command in '/home/jacky/Documents/robot_vision_project_2025/src/my_camera_pkg' returned '0': PYTHONPATH=/home/jacky/Documents/robot_vision_project_2025/build/my_camera_pkg/prefix_override:/usr/lib/python3/dist-packages/colcon_core/task/python/colcon_distutils_commands:/home/jacky/Documents/robot_vision_project_2025/install/my_camera_pkg/lib/python3.10/site-packages:${PYTHONPATH} /usr/bin/python3 -W ignore:setup.py install is deprecated -W ignore:easy_install command is deprecated setup.py egg_info --egg-base ../../build/my_camera_pkg build --build-base /home/jacky/Documents/robot_vision_project_2025/build/my_camera_pkg/build install --record /home/jacky/Documents/robot_vision_project_2025/build/my_camera_pkg/install.log --single-version-externally-managed install_data
