[0.509s] Invoking command in '/home/lego/ros2_ws/src/my_camera_pkg': PYTHONPATH=/home/lego/ros2_ws/build/my_camera_pkg/prefix_override:/usr/lib/python3/dist-packages/colcon_core/task/python/colcon_distutils_commands:/home/lego/ros2_ws/install/my_camera_pkg/lib/python3.10/site-packages:${PYTHONPATH} /usr/bin/python3 -W ignore:setup.py install is deprecated -W ignore:easy_install command is deprecated setup.py egg_info --egg-base ../../build/my_camera_pkg build --build-base /home/lego/ros2_ws/build/my_camera_pkg/build install --record /home/lego/ros2_ws/build/my_camera_pkg/install.log --single-version-externally-managed install_data
[0.624s] running egg_info
[0.625s] writing ../../build/my_camera_pkg/my_camera_pkg.egg-info/PKG-INFO
[0.625s] writing dependency_links to ../../build/my_camera_pkg/my_camera_pkg.egg-info/dependency_links.txt
[0.625s] writing entry points to ../../build/my_camera_pkg/my_camera_pkg.egg-info/entry_points.txt
[0.625s] writing requirements to ../../build/my_camera_pkg/my_camera_pkg.egg-info/requires.txt
[0.625s] writing top-level names to ../../build/my_camera_pkg/my_camera_pkg.egg-info/top_level.txt
[0.626s] reading manifest file '../../build/my_camera_pkg/my_camera_pkg.egg-info/SOURCES.txt'
[0.626s] writing manifest file '../../build/my_camera_pkg/my_camera_pkg.egg-info/SOURCES.txt'
[0.626s] running build
[0.626s] running build_py
[0.627s] running install
[0.627s] running install_lib
[0.627s] running install_data
[0.627s] running install_egg_info
[0.628s] removing '/home/lego/ros2_ws/install/my_camera_pkg/lib/python3.10/site-packages/my_camera_pkg-0.0.0-py3.10.egg-info' (and everything under it)
[0.628s] Copying ../../build/my_camera_pkg/my_camera_pkg.egg-info to /home/lego/ros2_ws/install/my_camera_pkg/lib/python3.10/site-packages/my_camera_pkg-0.0.0-py3.10.egg-info
[0.629s] running install_scripts
[0.647s] Installing camera_subscriber script to /home/lego/ros2_ws/install/my_camera_pkg/lib/my_camera_pkg
[0.647s] writing list of installed files to '/home/lego/ros2_ws/build/my_camera_pkg/install.log'
[0.705s] Invoked command in '/home/lego/ros2_ws/src/my_camera_pkg' returned '0': PYTHONPATH=/home/lego/ros2_ws/build/my_camera_pkg/prefix_override:/usr/lib/python3/dist-packages/colcon_core/task/python/colcon_distutils_commands:/home/lego/ros2_ws/install/my_camera_pkg/lib/python3.10/site-packages:${PYTHONPATH} /usr/bin/python3 -W ignore:setup.py install is deprecated -W ignore:easy_install command is deprecated setup.py egg_info --egg-base ../../build/my_camera_pkg build --build-base /home/lego/ros2_ws/build/my_camera_pkg/build install --record /home/lego/ros2_ws/build/my_camera_pkg/install.log --single-version-externally-managed install_data
