running egg_info
creating ../../build/webcam_stream/webcam_stream.egg-info
writing ../../build/webcam_stream/webcam_stream.egg-info/PKG-INFO
writing dependency_links to ../../build/webcam_stream/webcam_stream.egg-info/dependency_links.txt
writing entry points to ../../build/webcam_stream/webcam_stream.egg-info/entry_points.txt
writing requirements to ../../build/webcam_stream/webcam_stream.egg-info/requires.txt
writing top-level names to ../../build/webcam_stream/webcam_stream.egg-info/top_level.txt
writing manifest file '../../build/webcam_stream/webcam_stream.egg-info/SOURCES.txt'
reading manifest file '../../build/webcam_stream/webcam_stream.egg-info/SOURCES.txt'
writing manifest file '../../build/webcam_stream/webcam_stream.egg-info/SOURCES.txt'
running build
running build_py
creating /home/jacky/Documents/robot_vision_project_2025/build/webcam_stream/build
creating /home/jacky/Documents/robot_vision_project_2025/build/webcam_stream/build/lib
creating /home/jacky/Documents/robot_vision_project_2025/build/webcam_stream/build/lib/webcam_stream
copying webcam_stream/camera_node.py -> /home/jacky/Documents/robot_vision_project_2025/build/webcam_stream/build/lib/webcam_stream
copying webcam_stream/__init__.py -> /home/jacky/Documents/robot_vision_project_2025/build/webcam_stream/build/lib/webcam_stream
running install
running install_lib
creating /home/jacky/Documents/robot_vision_project_2025/install/webcam_stream/lib/python3.10/site-packages/webcam_stream
copying /home/jacky/Documents/robot_vision_project_2025/build/webcam_stream/build/lib/webcam_stream/camera_node.py -> /home/jacky/Documents/robot_vision_project_2025/install/webcam_stream/lib/python3.10/site-packages/webcam_stream
copying /home/jacky/Documents/robot_vision_project_2025/build/webcam_stream/build/lib/webcam_stream/__init__.py -> /home/jacky/Documents/robot_vision_project_2025/install/webcam_stream/lib/python3.10/site-packages/webcam_stream
byte-compiling /home/jacky/Documents/robot_vision_project_2025/install/webcam_stream/lib/python3.10/site-packages/webcam_stream/camera_node.py to camera_node.cpython-310.pyc
byte-compiling /home/jacky/Documents/robot_vision_project_2025/install/webcam_stream/lib/python3.10/site-packages/webcam_stream/__init__.py to __init__.cpython-310.pyc
running install_egg_info
Copying ../../build/webcam_stream/webcam_stream.egg-info to /home/jacky/Documents/robot_vision_project_2025/install/webcam_stream/lib/python3.10/site-packages/webcam_stream-0.0.0-py3.10.egg-info
running install_scripts
Installing camera_node script to /home/jacky/Documents/robot_vision_project_2025/install/webcam_stream/lib/webcam_stream
writing list of installed files to '/home/jacky/Documents/robot_vision_project_2025/build/webcam_stream/install.log'
