[0.514s] Invoking command in '/home/jacky/Documents/robot_vision_project_2025/src/webcam_stream': PYTHONPATH=/home/jacky/Documents/robot_vision_project_2025/build/webcam_stream/prefix_override:/usr/lib/python3/dist-packages/colcon_core/task/python/colcon_distutils_commands:/home/jacky/Documents/robot_vision_project_2025/install/webcam_stream/lib/python3.10/site-packages:${PYTHONPATH} /usr/bin/python3 -W ignore:setup.py install is deprecated -W ignore:easy_install command is deprecated setup.py egg_info --egg-base ../../build/webcam_stream build --build-base /home/jacky/Documents/robot_vision_project_2025/build/webcam_stream/build install --record /home/jacky/Documents/robot_vision_project_2025/build/webcam_stream/install.log --single-version-externally-managed
[0.651s] running egg_info
[0.652s] creating ../../build/webcam_stream/webcam_stream.egg-info
[0.652s] writing ../../build/webcam_stream/webcam_stream.egg-info/PKG-INFO
[0.652s] writing dependency_links to ../../build/webcam_stream/webcam_stream.egg-info/dependency_links.txt
[0.652s] writing entry points to ../../build/webcam_stream/webcam_stream.egg-info/entry_points.txt
[0.652s] writing requirements to ../../build/webcam_stream/webcam_stream.egg-info/requires.txt
[0.652s] writing top-level names to ../../build/webcam_stream/webcam_stream.egg-info/top_level.txt
[0.652s] writing manifest file '../../build/webcam_stream/webcam_stream.egg-info/SOURCES.txt'
[0.653s] reading manifest file '../../build/webcam_stream/webcam_stream.egg-info/SOURCES.txt'
[0.654s] writing manifest file '../../build/webcam_stream/webcam_stream.egg-info/SOURCES.txt'
[0.654s] running build
[0.654s] running build_py
[0.654s] creating /home/jacky/Documents/robot_vision_project_2025/build/webcam_stream/build
[0.654s] creating /home/jacky/Documents/robot_vision_project_2025/build/webcam_stream/build/lib
[0.654s] creating /home/jacky/Documents/robot_vision_project_2025/build/webcam_stream/build/lib/webcam_stream
[0.654s] copying webcam_stream/camera_node.py -> /home/jacky/Documents/robot_vision_project_2025/build/webcam_stream/build/lib/webcam_stream
[0.654s] copying webcam_stream/__init__.py -> /home/jacky/Documents/robot_vision_project_2025/build/webcam_stream/build/lib/webcam_stream
[0.654s] running install
[0.654s] running install_lib
[0.655s] creating /home/jacky/Documents/robot_vision_project_2025/install/webcam_stream/lib/python3.10/site-packages/webcam_stream
[0.655s] copying /home/jacky/Documents/robot_vision_project_2025/build/webcam_stream/build/lib/webcam_stream/camera_node.py -> /home/jacky/Documents/robot_vision_project_2025/install/webcam_stream/lib/python3.10/site-packages/webcam_stream
[0.655s] copying /home/jacky/Documents/robot_vision_project_2025/build/webcam_stream/build/lib/webcam_stream/__init__.py -> /home/jacky/Documents/robot_vision_project_2025/install/webcam_stream/lib/python3.10/site-packages/webcam_stream
[0.655s] byte-compiling /home/jacky/Documents/robot_vision_project_2025/install/webcam_stream/lib/python3.10/site-packages/webcam_stream/camera_node.py to camera_node.cpython-310.pyc
[0.655s] byte-compiling /home/jacky/Documents/robot_vision_project_2025/install/webcam_stream/lib/python3.10/site-packages/webcam_stream/__init__.py to __init__.cpython-310.pyc
[0.655s] running install_egg_info
[0.657s] Copying ../../build/webcam_stream/webcam_stream.egg-info to /home/jacky/Documents/robot_vision_project_2025/install/webcam_stream/lib/python3.10/site-packages/webcam_stream-0.0.0-py3.10.egg-info
[0.657s] running install_scripts
[0.671s] Installing camera_node script to /home/jacky/Documents/robot_vision_project_2025/install/webcam_stream/lib/webcam_stream
[0.671s] writing list of installed files to '/home/jacky/Documents/robot_vision_project_2025/build/webcam_stream/install.log'
[0.688s] Invoked command in '/home/jacky/Documents/robot_vision_project_2025/src/webcam_stream' returned '0': PYTHONPATH=/home/jacky/Documents/robot_vision_project_2025/build/webcam_stream/prefix_override:/usr/lib/python3/dist-packages/colcon_core/task/python/colcon_distutils_commands:/home/jacky/Documents/robot_vision_project_2025/install/webcam_stream/lib/python3.10/site-packages:${PYTHONPATH} /usr/bin/python3 -W ignore:setup.py install is deprecated -W ignore:easy_install command is deprecated setup.py egg_info --egg-base ../../build/webcam_stream build --build-base /home/jacky/Documents/robot_vision_project_2025/build/webcam_stream/build install --record /home/jacky/Documents/robot_vision_project_2025/build/webcam_stream/install.log --single-version-externally-managed
