running egg_info
writing ../../build/webcam_stream/webcam_stream.egg-info/PKG-INFO
writing dependency_links to ../../build/webcam_stream/webcam_stream.egg-info/dependency_links.txt
writing entry points to ../../build/webcam_stream/webcam_stream.egg-info/entry_points.txt
writing requirements to ../../build/webcam_stream/webcam_stream.egg-info/requires.txt
writing top-level names to ../../build/webcam_stream/webcam_stream.egg-info/top_level.txt
reading manifest file '../../build/webcam_stream/webcam_stream.egg-info/SOURCES.txt'
writing manifest file '../../build/webcam_stream/webcam_stream.egg-info/SOURCES.txt'
running build
running build_py
running install
/usr/local/lib/python3.6/dist-packages/setuptools/command/install.py:37: SetuptoolsDeprecationWarning: setup.py install is deprecated. Use build and pip and other standards-based tools.
  setuptools.SetuptoolsDeprecationWarning,
running install_lib
running install_egg_info
removing '/ros_ws/install/webcam_stream/lib/python3.6/site-packages/webcam_stream-0.0.0-py3.6.egg-info' (and everything under it)
Copying ../../build/webcam_stream/webcam_stream.egg-info to /ros_ws/install/webcam_stream/lib/python3.6/site-packages/webcam_stream-0.0.0-py3.6.egg-info
running install_scripts
Installing camera_node script to /ros_ws/install/webcam_stream/lib/webcam_stream
writing list of installed files to '/ros_ws/build/webcam_stream/install.log'
