[6.361s] Invoking command in '/ros_ws/src/webcam_stream': PYTHONPATH=/ros_ws/build/webcam_stream/prefix_override:/ros_ws/install/webcam_stream/lib/python3.6/site-packages:${PYTHONPATH} /usr/bin/python3 setup.py egg_info --egg-base ../../build/webcam_stream build --build-base /ros_ws/build/webcam_stream/build install --record /ros_ws/build/webcam_stream/install.log --single-version-externally-managed
[7.941s] running egg_info
[7.943s] writing ../../build/webcam_stream/webcam_stream.egg-info/PKG-INFO
[7.944s] writing dependency_links to ../../build/webcam_stream/webcam_stream.egg-info/dependency_links.txt
[7.945s] writing entry points to ../../build/webcam_stream/webcam_stream.egg-info/entry_points.txt
[7.946s] writing requirements to ../../build/webcam_stream/webcam_stream.egg-info/requires.txt
[7.947s] writing top-level names to ../../build/webcam_stream/webcam_stream.egg-info/top_level.txt
[7.955s] reading manifest file '../../build/webcam_stream/webcam_stream.egg-info/SOURCES.txt'
[7.962s] writing manifest file '../../build/webcam_stream/webcam_stream.egg-info/SOURCES.txt'
[7.963s] running build
[7.963s] running build_py
[7.965s] running install
[7.965s] /usr/local/lib/python3.6/dist-packages/setuptools/command/install.py:37: SetuptoolsDeprecationWarning: setup.py install is deprecated. Use build and pip and other standards-based tools.
[7.966s]   setuptools.SetuptoolsDeprecationWarning,
[7.966s] running install_lib
[7.971s] running install_egg_info
[7.979s] removing '/ros_ws/install/webcam_stream/lib/python3.6/site-packages/webcam_stream-0.0.0-py3.6.egg-info' (and everything under it)
[7.980s] Copying ../../build/webcam_stream/webcam_stream.egg-info to /ros_ws/install/webcam_stream/lib/python3.6/site-packages/webcam_stream-0.0.0-py3.6.egg-info
[7.984s] running install_scripts
[8.073s] Installing camera_node script to /ros_ws/install/webcam_stream/lib/webcam_stream
[8.074s] writing list of installed files to '/ros_ws/build/webcam_stream/install.log'
[8.486s] Invoked command in '/ros_ws/src/webcam_stream' returned '0': PYTHONPATH=/ros_ws/build/webcam_stream/prefix_override:/ros_ws/install/webcam_stream/lib/python3.6/site-packages:${PYTHONPATH} /usr/bin/python3 setup.py egg_info --egg-base ../../build/webcam_stream build --build-base /ros_ws/build/webcam_stream/build install --record /ros_ws/build/webcam_stream/install.log --single-version-externally-managed
