running egg_info
writing ../../build/my_camera_pkg/my_camera_pkg.egg-info/PKG-INFO
writing dependency_links to ../../build/my_camera_pkg/my_camera_pkg.egg-info/dependency_links.txt
writing entry points to ../../build/my_camera_pkg/my_camera_pkg.egg-info/entry_points.txt
writing requirements to ../../build/my_camera_pkg/my_camera_pkg.egg-info/requires.txt
writing top-level names to ../../build/my_camera_pkg/my_camera_pkg.egg-info/top_level.txt
reading manifest file '../../build/my_camera_pkg/my_camera_pkg.egg-info/SOURCES.txt'
writing manifest file '../../build/my_camera_pkg/my_camera_pkg.egg-info/SOURCES.txt'
running build
running build_py
copying my_camera_pkg/canny_edges.py -> /home/jacky/Documents/robot_vision_project_2025/build/my_camera_pkg/build/lib/my_camera_pkg
running install
running install_lib
copying /home/jacky/Documents/robot_vision_project_2025/build/my_camera_pkg/build/lib/my_camera_pkg/canny_edges.py -> /home/jacky/Documents/robot_vision_project_2025/install/my_camera_pkg/lib/python3.10/site-packages/my_camera_pkg
byte-compiling /home/jacky/Documents/robot_vision_project_2025/install/my_camera_pkg/lib/python3.10/site-packages/my_camera_pkg/canny_edges.py to canny_edges.cpython-310.pyc
running install_data
running install_egg_info
removing '/home/jacky/Documents/robot_vision_project_2025/install/my_camera_pkg/lib/python3.10/site-packages/my_camera_pkg-0.0.0-py3.10.egg-info' (and everything under it)
Copying ../../build/my_camera_pkg/my_camera_pkg.egg-info to /home/jacky/Documents/robot_vision_project_2025/install/my_camera_pkg/lib/python3.10/site-packages/my_camera_pkg-0.0.0-py3.10.egg-info
running install_scripts
Installing camera_node script to /home/jacky/Documents/robot_vision_project_2025/install/my_camera_pkg/lib/my_camera_pkg
Installing camera_subscriber script to /home/jacky/Documents/robot_vision_project_2025/install/my_camera_pkg/lib/my_camera_pkg
Installing canny_edges script to /home/jacky/Documents/robot_vision_project_2025/install/my_camera_pkg/lib/my_camera_pkg
Installing hsv script to /home/jacky/Documents/robot_vision_project_2025/install/my_camera_pkg/lib/my_camera_pkg
Installing hsv_tuner script to /home/jacky/Documents/robot_vision_project_2025/install/my_camera_pkg/lib/my_camera_pkg
Installing object_detect script to /home/jacky/Documents/robot_vision_project_2025/install/my_camera_pkg/lib/my_camera_pkg
writing list of installed files to '/home/jacky/Documents/robot_vision_project_2025/build/my_camera_pkg/install.log'
