[0.062s] DEBUG:colcon:Command line arguments: ['/usr/bin/colcon', 'build', '--packages-select', 'rplidar_ros']
[0.062s] DEBUG:colcon:Parsed command line arguments: Namespace(log_base=None, log_level=None, verb_name='build', build_base='build', install_base='install', merge_install=False, symlink_install=False, test_result_base=None, continue_on_error=False, executor='parallel', parallel_workers=16, event_handlers=None, ignore_user_meta=False, metas=['./colcon.meta'], base_paths=['.'], packages_ignore=None, packages_ignore_regex=None, paths=None, packages_up_to=None, packages_up_to_regex=None, packages_above=None, packages_above_and_dependencies=None, packages_above_depth=None, packages_select_by_dep=None, packages_skip_by_dep=None, packages_skip_up_to=None, packages_select_build_failed=False, packages_skip_build_finished=False, packages_select_test_failures=False, packages_skip_test_passed=False, packages_select=['rplidar_ros'], packages_skip=None, packages_select_regex=None, packages_skip_regex=None, packages_start=None, packages_end=None, allow_overriding=[], cmake_args=None, cmake_target=None, cmake_target_skip_unavailable=False, cmake_clean_cache=False, cmake_clean_first=False, cmake_force_configure=False, ament_cmake_args=None, catkin_cmake_args=None, catkin_skip_building_tests=False, mixin_files=None, mixin=None, verb_parser=<colcon_mixin.mixin.mixin_argument.MixinArgumentDecorator object at 0x778c40460af0>, verb_extension=<colcon_core.verb.build.BuildVerb object at 0x778c40460610>, main=<bound method BuildVerb.main of <colcon_core.verb.build.BuildVerb object at 0x778c40460610>>, mixin_verb=('build',))
[0.144s] Level 1:colcon.colcon_core.package_discovery:discover_packages(colcon_meta) check parameters
[0.144s] Level 1:colcon.colcon_core.package_discovery:discover_packages(recursive) check parameters
[0.144s] Level 1:colcon.colcon_core.package_discovery:discover_packages(ignore) check parameters
[0.144s] Level 1:colcon.colcon_core.package_discovery:discover_packages(path) check parameters
[0.144s] Level 1:colcon.colcon_core.package_discovery:discover_packages(colcon_meta) discover
[0.144s] Level 1:colcon.colcon_core.package_discovery:discover_packages(recursive) discover
[0.144s] INFO:colcon.colcon_core.package_discovery:Crawling recursively for packages in '/home/jacky/Documents/robot_vision_project_2025'
[0.144s] Level 1:colcon.colcon_core.package_identification:_identify(.) by extensions ['ignore', 'ignore_ament_install']
[0.144s] Level 1:colcon.colcon_core.package_identification:_identify(.) by extension 'ignore'
[0.144s] Level 1:colcon.colcon_core.package_identification:_identify(.) by extension 'ignore_ament_install'
[0.144s] Level 1:colcon.colcon_core.package_identification:_identify(.) by extensions ['colcon_pkg']
[0.144s] Level 1:colcon.colcon_core.package_identification:_identify(.) by extension 'colcon_pkg'
[0.145s] Level 1:colcon.colcon_core.package_identification:_identify(.) by extensions ['colcon_meta']
[0.145s] Level 1:colcon.colcon_core.package_identification:_identify(.) by extension 'colcon_meta'
[0.145s] Level 1:colcon.colcon_core.package_identification:_identify(.) by extensions ['ros']
[0.145s] Level 1:colcon.colcon_core.package_identification:_identify(.) by extension 'ros'
[0.152s] Level 1:colcon.colcon_core.package_identification:_identify(.) by extensions ['cmake', 'python']
[0.152s] Level 1:colcon.colcon_core.package_identification:_identify(.) by extension 'cmake'
[0.152s] Level 1:colcon.colcon_core.package_identification:_identify(.) by extension 'python'
[0.152s] Level 1:colcon.colcon_core.package_identification:_identify(.) by extensions ['python_setup_py']
[0.152s] Level 1:colcon.colcon_core.package_identification:_identify(.) by extension 'python_setup_py'
[0.152s] Level 1:colcon.colcon_core.package_identification:_identify(build) by extensions ['ignore', 'ignore_ament_install']
[0.152s] Level 1:colcon.colcon_core.package_identification:_identify(build) by extension 'ignore'
[0.152s] Level 1:colcon.colcon_core.package_identification:_identify(build) ignored
[0.152s] Level 1:colcon.colcon_core.package_identification:_identify(install) by extensions ['ignore', 'ignore_ament_install']
[0.152s] Level 1:colcon.colcon_core.package_identification:_identify(install) by extension 'ignore'
[0.152s] Level 1:colcon.colcon_core.package_identification:_identify(install) ignored
[0.152s] Level 1:colcon.colcon_core.package_identification:_identify(log) by extensions ['ignore', 'ignore_ament_install']
[0.152s] Level 1:colcon.colcon_core.package_identification:_identify(log) by extension 'ignore'
[0.152s] Level 1:colcon.colcon_core.package_identification:_identify(log) ignored
[0.152s] Level 1:colcon.colcon_core.package_identification:_identify(src) by extensions ['ignore', 'ignore_ament_install']
[0.152s] Level 1:colcon.colcon_core.package_identification:_identify(src) by extension 'ignore'
[0.152s] Level 1:colcon.colcon_core.package_identification:_identify(src) by extension 'ignore_ament_install'
[0.152s] Level 1:colcon.colcon_core.package_identification:_identify(src) by extensions ['colcon_pkg']
[0.152s] Level 1:colcon.colcon_core.package_identification:_identify(src) by extension 'colcon_pkg'
[0.152s] Level 1:colcon.colcon_core.package_identification:_identify(src) by extensions ['colcon_meta']
[0.153s] Level 1:colcon.colcon_core.package_identification:_identify(src) by extension 'colcon_meta'
[0.153s] Level 1:colcon.colcon_core.package_identification:_identify(src) by extensions ['ros']
[0.153s] Level 1:colcon.colcon_core.package_identification:_identify(src) by extension 'ros'
[0.153s] Level 1:colcon.colcon_core.package_identification:_identify(src) by extensions ['cmake', 'python']
[0.153s] Level 1:colcon.colcon_core.package_identification:_identify(src) by extension 'cmake'
[0.153s] Level 1:colcon.colcon_core.package_identification:_identify(src) by extension 'python'
[0.153s] Level 1:colcon.colcon_core.package_identification:_identify(src) by extensions ['python_setup_py']
[0.153s] Level 1:colcon.colcon_core.package_identification:_identify(src) by extension 'python_setup_py'
[0.153s] Level 1:colcon.colcon_core.package_identification:_identify(src/my_camera_pkg) by extensions ['ignore', 'ignore_ament_install']
[0.153s] Level 1:colcon.colcon_core.package_identification:_identify(src/my_camera_pkg) by extension 'ignore'
[0.153s] Level 1:colcon.colcon_core.package_identification:_identify(src/my_camera_pkg) by extension 'ignore_ament_install'
[0.153s] Level 1:colcon.colcon_core.package_identification:_identify(src/my_camera_pkg) by extensions ['colcon_pkg']
[0.153s] Level 1:colcon.colcon_core.package_identification:_identify(src/my_camera_pkg) by extension 'colcon_pkg'
[0.153s] Level 1:colcon.colcon_core.package_identification:_identify(src/my_camera_pkg) by extensions ['colcon_meta']
[0.153s] Level 1:colcon.colcon_core.package_identification:_identify(src/my_camera_pkg) by extension 'colcon_meta'
[0.153s] Level 1:colcon.colcon_core.package_identification:_identify(src/my_camera_pkg) by extensions ['ros']
[0.153s] Level 1:colcon.colcon_core.package_identification:_identify(src/my_camera_pkg) by extension 'ros'
[0.154s] DEBUG:colcon.colcon_core.package_identification:Package 'src/my_camera_pkg' with type 'ros.ament_python' and name 'my_camera_pkg'
[0.154s] Level 1:colcon.colcon_core.package_identification:_identify(src/rplidar_ros-ros2) by extensions ['ignore', 'ignore_ament_install']
[0.154s] Level 1:colcon.colcon_core.package_identification:_identify(src/rplidar_ros-ros2) by extension 'ignore'
[0.155s] Level 1:colcon.colcon_core.package_identification:_identify(src/rplidar_ros-ros2) by extension 'ignore_ament_install'
[0.155s] Level 1:colcon.colcon_core.package_identification:_identify(src/rplidar_ros-ros2) by extensions ['colcon_pkg']
[0.155s] Level 1:colcon.colcon_core.package_identification:_identify(src/rplidar_ros-ros2) by extension 'colcon_pkg'
[0.155s] Level 1:colcon.colcon_core.package_identification:_identify(src/rplidar_ros-ros2) by extensions ['colcon_meta']
[0.155s] Level 1:colcon.colcon_core.package_identification:_identify(src/rplidar_ros-ros2) by extension 'colcon_meta'
[0.155s] Level 1:colcon.colcon_core.package_identification:_identify(src/rplidar_ros-ros2) by extensions ['ros']
[0.155s] Level 1:colcon.colcon_core.package_identification:_identify(src/rplidar_ros-ros2) by extension 'ros'
[0.155s] DEBUG:colcon.colcon_core.package_identification:Package 'src/rplidar_ros-ros2' with type 'ros.ament_cmake' and name 'rplidar_ros'
[0.155s] Level 1:colcon.colcon_core.package_identification:_identify(src/webcam_stream) by extensions ['ignore', 'ignore_ament_install']
[0.155s] Level 1:colcon.colcon_core.package_identification:_identify(src/webcam_stream) by extension 'ignore'
[0.155s] Level 1:colcon.colcon_core.package_identification:_identify(src/webcam_stream) by extension 'ignore_ament_install'
[0.155s] Level 1:colcon.colcon_core.package_identification:_identify(src/webcam_stream) by extensions ['colcon_pkg']
[0.155s] Level 1:colcon.colcon_core.package_identification:_identify(src/webcam_stream) by extension 'colcon_pkg'
[0.155s] Level 1:colcon.colcon_core.package_identification:_identify(src/webcam_stream) by extensions ['colcon_meta']
[0.155s] Level 1:colcon.colcon_core.package_identification:_identify(src/webcam_stream) by extension 'colcon_meta'
[0.155s] Level 1:colcon.colcon_core.package_identification:_identify(src/webcam_stream) by extensions ['ros']
[0.155s] Level 1:colcon.colcon_core.package_identification:_identify(src/webcam_stream) by extension 'ros'
[0.156s] DEBUG:colcon.colcon_core.package_identification:Package 'src/webcam_stream' with type 'ros.ament_python' and name 'webcam_stream'
[0.156s] Level 1:colcon.colcon_core.package_discovery:discover_packages(recursive) using defaults
[0.156s] Level 1:colcon.colcon_core.package_discovery:discover_packages(ignore) discover
[0.156s] Level 1:colcon.colcon_core.package_discovery:discover_packages(ignore) using defaults
[0.156s] Level 1:colcon.colcon_core.package_discovery:discover_packages(path) discover
[0.156s] Level 1:colcon.colcon_core.package_discovery:discover_packages(path) using defaults
[0.167s] INFO:colcon.colcon_core.package_selection:Skipping not selected package 'my_camera_pkg' in 'src/my_camera_pkg'
[0.167s] INFO:colcon.colcon_core.package_selection:Skipping not selected package 'webcam_stream' in 'src/webcam_stream'
[0.168s] Level 1:colcon.colcon_core.package_discovery:discover_packages(prefix_path) check parameters
[0.168s] Level 1:colcon.colcon_core.package_discovery:discover_packages(prefix_path) discover
[0.169s] WARNING:colcon.colcon_ros.prefix_path.ament:The path '/home/jacky/Documents/robot_vision_project_2025/install/rplidar_ros' in the environment variable AMENT_PREFIX_PATH doesn't exist
[0.169s] WARNING:colcon.colcon_ros.prefix_path.catkin:The path '/home/jacky/Documents/robot_vision_project_2025/install/rplidar_ros' in the environment variable CMAKE_PREFIX_PATH doesn't exist
[0.170s] DEBUG:colcon.colcon_installed_package_information.package_discovery:Found 2 installed packages in /home/jacky/Documents/robot_vision_project_2025/install
[0.170s] DEBUG:colcon.colcon_installed_package_information.package_discovery:Found 195 installed packages in /opt/ros/humble
[0.176s] Level 1:colcon.colcon_core.package_discovery:discover_packages(prefix_path) using defaults
[0.190s] Level 5:colcon.colcon_core.verb:set package 'rplidar_ros' build argument 'cmake_args' from command line to 'None'
[0.190s] Level 5:colcon.colcon_core.verb:set package 'rplidar_ros' build argument 'cmake_target' from command line to 'None'
[0.190s] Level 5:colcon.colcon_core.verb:set package 'rplidar_ros' build argument 'cmake_target_skip_unavailable' from command line to 'False'
[0.191s] Level 5:colcon.colcon_core.verb:set package 'rplidar_ros' build argument 'cmake_clean_cache' from command line to 'False'
[0.191s] Level 5:colcon.colcon_core.verb:set package 'rplidar_ros' build argument 'cmake_clean_first' from command line to 'False'
[0.191s] Level 5:colcon.colcon_core.verb:set package 'rplidar_ros' build argument 'cmake_force_configure' from command line to 'False'
[0.191s] Level 5:colcon.colcon_core.verb:set package 'rplidar_ros' build argument 'ament_cmake_args' from command line to 'None'
[0.191s] Level 5:colcon.colcon_core.verb:set package 'rplidar_ros' build argument 'catkin_cmake_args' from command line to 'None'
[0.191s] Level 5:colcon.colcon_core.verb:set package 'rplidar_ros' build argument 'catkin_skip_building_tests' from command line to 'False'
[0.191s] DEBUG:colcon.colcon_core.verb:Building package 'rplidar_ros' with the following arguments: {'ament_cmake_args': None, 'build_base': '/home/jacky/Documents/robot_vision_project_2025/build/rplidar_ros', 'catkin_cmake_args': None, 'catkin_skip_building_tests': False, 'cmake_args': None, 'cmake_clean_cache': False, 'cmake_clean_first': False, 'cmake_force_configure': False, 'cmake_target': None, 'cmake_target_skip_unavailable': False, 'install_base': '/home/jacky/Documents/robot_vision_project_2025/install/rplidar_ros', 'merge_install': False, 'path': '/home/jacky/Documents/robot_vision_project_2025/src/rplidar_ros-ros2', 'symlink_install': False, 'test_result_base': None}
[0.191s] INFO:colcon.colcon_core.executor:Executing jobs using 'parallel' executor
[0.191s] DEBUG:colcon.colcon_parallel_executor.executor.parallel:run_until_complete
[0.191s] INFO:colcon.colcon_ros.task.ament_cmake.build:Building ROS package in '/home/jacky/Documents/robot_vision_project_2025/src/rplidar_ros-ros2' with build type 'ament_cmake'
[0.192s] INFO:colcon.colcon_cmake.task.cmake.build:Building CMake package in '/home/jacky/Documents/robot_vision_project_2025/src/rplidar_ros-ros2'
[0.193s] INFO:colcon.colcon_core.plugin_system:Skipping extension 'colcon_core.shell.bat': Not used on non-Windows systems
[0.193s] INFO:colcon.colcon_core.shell:Skip shell extension 'powershell' for command environment: Not usable outside of PowerShell
[0.193s] DEBUG:colcon.colcon_core.shell:Skip shell extension 'dsv' for command environment
[0.197s] DEBUG:colcon.colcon_core.event_handler.log_command:Invoking command in '/home/jacky/Documents/robot_vision_project_2025/build/rplidar_ros': CMAKE_PREFIX_PATH=${CMAKE_PREFIX_PATH}:/home/jacky/Documents/robot_vision_project_2025/install/webcam_stream:/home/jacky/Documents/robot_vision_project_2025/install/my_camera_pkg:/opt/ros/humble /usr/bin/cmake /home/jacky/Documents/robot_vision_project_2025/src/rplidar_ros-ros2 -DCMAKE_INSTALL_PREFIX=/home/jacky/Documents/robot_vision_project_2025/install/rplidar_ros
[0.934s] DEBUG:colcon.colcon_core.event_handler.log_command:Invoked command in '/home/jacky/Documents/robot_vision_project_2025/build/rplidar_ros' returned '0': CMAKE_PREFIX_PATH=${CMAKE_PREFIX_PATH}:/home/jacky/Documents/robot_vision_project_2025/install/webcam_stream:/home/jacky/Documents/robot_vision_project_2025/install/my_camera_pkg:/opt/ros/humble /usr/bin/cmake /home/jacky/Documents/robot_vision_project_2025/src/rplidar_ros-ros2 -DCMAKE_INSTALL_PREFIX=/home/jacky/Documents/robot_vision_project_2025/install/rplidar_ros
[0.934s] DEBUG:colcon.colcon_core.event_handler.log_command:Invoking command in '/home/jacky/Documents/robot_vision_project_2025/build/rplidar_ros': CMAKE_PREFIX_PATH=${CMAKE_PREFIX_PATH}:/home/jacky/Documents/robot_vision_project_2025/install/webcam_stream:/home/jacky/Documents/robot_vision_project_2025/install/my_camera_pkg:/opt/ros/humble /usr/bin/cmake --build /home/jacky/Documents/robot_vision_project_2025/build/rplidar_ros -- -j16 -l16
[6.881s] DEBUG:colcon.colcon_core.event_handler.log_command:Invoked command in '/home/jacky/Documents/robot_vision_project_2025/build/rplidar_ros' returned '0': CMAKE_PREFIX_PATH=${CMAKE_PREFIX_PATH}:/home/jacky/Documents/robot_vision_project_2025/install/webcam_stream:/home/jacky/Documents/robot_vision_project_2025/install/my_camera_pkg:/opt/ros/humble /usr/bin/cmake --build /home/jacky/Documents/robot_vision_project_2025/build/rplidar_ros -- -j16 -l16
[6.887s] DEBUG:colcon.colcon_core.event_handler.log_command:Invoking command in '/home/jacky/Documents/robot_vision_project_2025/build/rplidar_ros': CMAKE_PREFIX_PATH=${CMAKE_PREFIX_PATH}:/home/jacky/Documents/robot_vision_project_2025/install/webcam_stream:/home/jacky/Documents/robot_vision_project_2025/install/my_camera_pkg:/opt/ros/humble /usr/bin/cmake --install /home/jacky/Documents/robot_vision_project_2025/build/rplidar_ros
[6.898s] Level 1:colcon.colcon_core.environment:create_environment_scripts_only(rplidar_ros)
[6.899s] DEBUG:colcon.colcon_core.event_handler.log_command:Invoked command in '/home/jacky/Documents/robot_vision_project_2025/build/rplidar_ros' returned '0': CMAKE_PREFIX_PATH=${CMAKE_PREFIX_PATH}:/home/jacky/Documents/robot_vision_project_2025/install/webcam_stream:/home/jacky/Documents/robot_vision_project_2025/install/my_camera_pkg:/opt/ros/humble /usr/bin/cmake --install /home/jacky/Documents/robot_vision_project_2025/build/rplidar_ros
[6.900s] Level 1:colcon.colcon_core.environment:checking '/home/jacky/Documents/robot_vision_project_2025/install/rplidar_ros' for CMake module files
[6.900s] Level 1:colcon.colcon_core.environment:checking '/home/jacky/Documents/robot_vision_project_2025/install/rplidar_ros' for CMake config files
[6.900s] Level 1:colcon.colcon_core.shell:create_environment_hook('rplidar_ros', 'cmake_prefix_path')
[6.901s] INFO:colcon.colcon_core.shell:Creating environment hook '/home/jacky/Documents/robot_vision_project_2025/install/rplidar_ros/share/rplidar_ros/hook/cmake_prefix_path.ps1'
[6.901s] INFO:colcon.colcon_core.shell:Creating environment descriptor '/home/jacky/Documents/robot_vision_project_2025/install/rplidar_ros/share/rplidar_ros/hook/cmake_prefix_path.dsv'
[6.901s] INFO:colcon.colcon_core.shell:Creating environment hook '/home/jacky/Documents/robot_vision_project_2025/install/rplidar_ros/share/rplidar_ros/hook/cmake_prefix_path.sh'
[6.902s] Level 1:colcon.colcon_core.environment:checking '/home/jacky/Documents/robot_vision_project_2025/install/rplidar_ros/lib'
[6.902s] Level 1:colcon.colcon_core.environment:checking '/home/jacky/Documents/robot_vision_project_2025/install/rplidar_ros/bin'
[6.902s] Level 1:colcon.colcon_core.environment:checking '/home/jacky/Documents/robot_vision_project_2025/install/rplidar_ros/lib/pkgconfig/rplidar_ros.pc'
[6.902s] Level 1:colcon.colcon_core.environment:checking '/home/jacky/Documents/robot_vision_project_2025/install/rplidar_ros/lib/python3.10/site-packages'
[6.902s] Level 1:colcon.colcon_core.environment:checking '/home/jacky/Documents/robot_vision_project_2025/install/rplidar_ros/bin'
[6.902s] INFO:colcon.colcon_core.shell:Creating package script '/home/jacky/Documents/robot_vision_project_2025/install/rplidar_ros/share/rplidar_ros/package.ps1'
[6.903s] INFO:colcon.colcon_core.shell:Creating package descriptor '/home/jacky/Documents/robot_vision_project_2025/install/rplidar_ros/share/rplidar_ros/package.dsv'
[6.903s] INFO:colcon.colcon_core.shell:Creating package script '/home/jacky/Documents/robot_vision_project_2025/install/rplidar_ros/share/rplidar_ros/package.sh'
[6.904s] INFO:colcon.colcon_core.shell:Creating package script '/home/jacky/Documents/robot_vision_project_2025/install/rplidar_ros/share/rplidar_ros/package.bash'
[6.904s] INFO:colcon.colcon_core.shell:Creating package script '/home/jacky/Documents/robot_vision_project_2025/install/rplidar_ros/share/rplidar_ros/package.zsh'
[6.904s] Level 1:colcon.colcon_core.environment:create_file_with_runtime_dependencies(/home/jacky/Documents/robot_vision_project_2025/install/rplidar_ros/share/colcon-core/packages/rplidar_ros)
[6.905s] Level 1:colcon.colcon_core.environment:create_environment_scripts_only(rplidar_ros)
[6.905s] Level 1:colcon.colcon_core.environment:checking '/home/jacky/Documents/robot_vision_project_2025/install/rplidar_ros' for CMake module files
[6.905s] Level 1:colcon.colcon_core.environment:checking '/home/jacky/Documents/robot_vision_project_2025/install/rplidar_ros' for CMake config files
[6.905s] Level 1:colcon.colcon_core.shell:create_environment_hook('rplidar_ros', 'cmake_prefix_path')
[6.905s] INFO:colcon.colcon_core.shell:Creating environment hook '/home/jacky/Documents/robot_vision_project_2025/install/rplidar_ros/share/rplidar_ros/hook/cmake_prefix_path.ps1'
[6.906s] INFO:colcon.colcon_core.shell:Creating environment descriptor '/home/jacky/Documents/robot_vision_project_2025/install/rplidar_ros/share/rplidar_ros/hook/cmake_prefix_path.dsv'
[6.906s] INFO:colcon.colcon_core.shell:Creating environment hook '/home/jacky/Documents/robot_vision_project_2025/install/rplidar_ros/share/rplidar_ros/hook/cmake_prefix_path.sh'
[6.906s] Level 1:colcon.colcon_core.environment:checking '/home/jacky/Documents/robot_vision_project_2025/install/rplidar_ros/lib'
[6.906s] Level 1:colcon.colcon_core.environment:checking '/home/jacky/Documents/robot_vision_project_2025/install/rplidar_ros/bin'
[6.906s] Level 1:colcon.colcon_core.environment:checking '/home/jacky/Documents/robot_vision_project_2025/install/rplidar_ros/lib/pkgconfig/rplidar_ros.pc'
[6.906s] Level 1:colcon.colcon_core.environment:checking '/home/jacky/Documents/robot_vision_project_2025/install/rplidar_ros/lib/python3.10/site-packages'
[6.906s] Level 1:colcon.colcon_core.environment:checking '/home/jacky/Documents/robot_vision_project_2025/install/rplidar_ros/bin'
[6.907s] INFO:colcon.colcon_core.shell:Creating package script '/home/jacky/Documents/robot_vision_project_2025/install/rplidar_ros/share/rplidar_ros/package.ps1'
[6.907s] INFO:colcon.colcon_core.shell:Creating package descriptor '/home/jacky/Documents/robot_vision_project_2025/install/rplidar_ros/share/rplidar_ros/package.dsv'
[6.907s] INFO:colcon.colcon_core.shell:Creating package script '/home/jacky/Documents/robot_vision_project_2025/install/rplidar_ros/share/rplidar_ros/package.sh'
[6.907s] INFO:colcon.colcon_core.shell:Creating package script '/home/jacky/Documents/robot_vision_project_2025/install/rplidar_ros/share/rplidar_ros/package.bash'
[6.908s] INFO:colcon.colcon_core.shell:Creating package script '/home/jacky/Documents/robot_vision_project_2025/install/rplidar_ros/share/rplidar_ros/package.zsh'
[6.908s] Level 1:colcon.colcon_core.environment:create_file_with_runtime_dependencies(/home/jacky/Documents/robot_vision_project_2025/install/rplidar_ros/share/colcon-core/packages/rplidar_ros)
[6.908s] DEBUG:colcon.colcon_parallel_executor.executor.parallel:closing loop
[6.908s] DEBUG:colcon.colcon_parallel_executor.executor.parallel:loop closed
[6.908s] DEBUG:colcon.colcon_parallel_executor.executor.parallel:run_until_complete finished with '0'
[6.909s] DEBUG:colcon.colcon_core.event_reactor:joining thread
[6.926s] INFO:colcon.colcon_core.plugin_system:Skipping extension 'colcon_notification.desktop_notification.terminal_notifier': Not used on non-Darwin systems
[6.926s] INFO:colcon.colcon_core.plugin_system:Skipping extension 'colcon_notification.desktop_notification.win32': Not used on non-Windows systems
[6.926s] INFO:colcon.colcon_notification.desktop_notification:Sending desktop notification using 'notify2'
[6.934s] DEBUG:colcon.colcon_core.event_reactor:joined thread
[6.934s] INFO:colcon.colcon_core.shell:Creating prefix script '/home/jacky/Documents/robot_vision_project_2025/install/local_setup.ps1'
[6.935s] INFO:colcon.colcon_core.shell:Creating prefix util module '/home/jacky/Documents/robot_vision_project_2025/install/_local_setup_util_ps1.py'
[6.936s] INFO:colcon.colcon_core.shell:Creating prefix chain script '/home/jacky/Documents/robot_vision_project_2025/install/setup.ps1'
[6.936s] INFO:colcon.colcon_core.shell:Creating prefix script '/home/jacky/Documents/robot_vision_project_2025/install/local_setup.sh'
[6.937s] INFO:colcon.colcon_core.shell:Creating prefix util module '/home/jacky/Documents/robot_vision_project_2025/install/_local_setup_util_sh.py'
[6.937s] INFO:colcon.colcon_core.shell:Creating prefix chain script '/home/jacky/Documents/robot_vision_project_2025/install/setup.sh'
[6.938s] INFO:colcon.colcon_core.shell:Creating prefix script '/home/jacky/Documents/robot_vision_project_2025/install/local_setup.bash'
[6.938s] INFO:colcon.colcon_core.shell:Creating prefix chain script '/home/jacky/Documents/robot_vision_project_2025/install/setup.bash'
[6.939s] INFO:colcon.colcon_core.shell:Creating prefix script '/home/jacky/Documents/robot_vision_project_2025/install/local_setup.zsh'
[6.939s] INFO:colcon.colcon_core.shell:Creating prefix chain script '/home/jacky/Documents/robot_vision_project_2025/install/setup.zsh'
