[0.312s] Invoking command in '/home/jacky/Documents/robot_vision_project_2025/src/imu_serial': PYTHONPATH=/home/jacky/Documents/robot_vision_project_2025/build/imu_serial/prefix_override:/usr/lib/python3/dist-packages/colcon_core/task/python/colcon_distutils_commands:/home/jacky/Documents/robot_vision_project_2025/install/imu_serial/lib/python3.10/site-packages:${PYTHONPATH} /usr/bin/python3 -W ignore:setup.py install is deprecated -W ignore:easy_install command is deprecated setup.py egg_info --egg-base ../../build/imu_serial build --build-base /home/jacky/Documents/robot_vision_project_2025/build/imu_serial/build install --record /home/jacky/Documents/robot_vision_project_2025/build/imu_serial/install.log --single-version-externally-managed install_data
[0.434s] running egg_info
[0.435s] writing ../../build/imu_serial/imu_serial.egg-info/PKG-INFO
[0.435s] writing dependency_links to ../../build/imu_serial/imu_serial.egg-info/dependency_links.txt
[0.435s] writing entry points to ../../build/imu_serial/imu_serial.egg-info/entry_points.txt
[0.435s] writing requirements to ../../build/imu_serial/imu_serial.egg-info/requires.txt
[0.435s] writing top-level names to ../../build/imu_serial/imu_serial.egg-info/top_level.txt
[0.436s] reading manifest file '../../build/imu_serial/imu_serial.egg-info/SOURCES.txt'
[0.436s] writing manifest file '../../build/imu_serial/imu_serial.egg-info/SOURCES.txt'
[0.436s] running build
[0.436s] running build_py
[0.436s] running install
[0.437s] running install_lib
[0.437s] running install_data
[0.437s] copying package.xml -> /home/jacky/Documents/robot_vision_project_2025/install/imu_serial/share/imu_serial
[0.437s] running install_egg_info
[0.438s] removing '/home/jacky/Documents/robot_vision_project_2025/install/imu_serial/lib/python3.10/site-packages/imu_serial-0.0.0-py3.10.egg-info' (and everything under it)
[0.439s] Copying ../../build/imu_serial/imu_serial.egg-info to /home/jacky/Documents/robot_vision_project_2025/install/imu_serial/lib/python3.10/site-packages/imu_serial-0.0.0-py3.10.egg-info
[0.439s] running install_scripts
[0.453s] writing list of installed files to '/home/jacky/Documents/robot_vision_project_2025/build/imu_serial/install.log'
[0.466s] Invoked command in '/home/jacky/Documents/robot_vision_project_2025/src/imu_serial' returned '0': PYTHONPATH=/home/jacky/Documents/robot_vision_project_2025/build/imu_serial/prefix_override:/usr/lib/python3/dist-packages/colcon_core/task/python/colcon_distutils_commands:/home/jacky/Documents/robot_vision_project_2025/install/imu_serial/lib/python3.10/site-packages:${PYTHONPATH} /usr/bin/python3 -W ignore:setup.py install is deprecated -W ignore:easy_install command is deprecated setup.py egg_info --egg-base ../../build/imu_serial build --build-base /home/jacky/Documents/robot_vision_project_2025/build/imu_serial/build install --record /home/jacky/Documents/robot_vision_project_2025/build/imu_serial/install.log --single-version-externally-managed install_data
