[0.694s] Invoking command in '/home/jacky/Documents/robot_vision_project_2025/src/imu_serial': PYTHONPATH=/home/jacky/Documents/robot_vision_project_2025/build/imu_serial/prefix_override:/usr/lib/python3/dist-packages/colcon_core/task/python/colcon_distutils_commands:/home/jacky/Documents/robot_vision_project_2025/install/imu_serial/lib/python3.10/site-packages:${PYTHONPATH} /usr/bin/python3 -W ignore:setup.py install is deprecated -W ignore:easy_install command is deprecated setup.py egg_info --egg-base ../../build/imu_serial build --build-base /home/jacky/Documents/robot_vision_project_2025/build/imu_serial/build install --record /home/jacky/Documents/robot_vision_project_2025/build/imu_serial/install.log --single-version-externally-managed install_data
[0.953s] running egg_info
[0.953s] writing ../../build/imu_serial/imu_serial.egg-info/PKG-INFO
[0.953s] writing dependency_links to ../../build/imu_serial/imu_serial.egg-info/dependency_links.txt
[0.954s] writing entry points to ../../build/imu_serial/imu_serial.egg-info/entry_points.txt
[0.954s] writing requirements to ../../build/imu_serial/imu_serial.egg-info/requires.txt
[0.954s] writing top-level names to ../../build/imu_serial/imu_serial.egg-info/top_level.txt
[0.955s] reading manifest file '../../build/imu_serial/imu_serial.egg-info/SOURCES.txt'
[0.956s] writing manifest file '../../build/imu_serial/imu_serial.egg-info/SOURCES.txt'
[0.957s] running build
[0.957s] running build_py
[0.957s] copying imu_serial/walk.py -> /home/jacky/Documents/robot_vision_project_2025/build/imu_serial/build/lib/imu_serial
[0.957s] running install
[0.957s] running install_lib
[0.958s] copying /home/jacky/Documents/robot_vision_project_2025/build/imu_serial/build/lib/imu_serial/walk.py -> /home/jacky/Documents/robot_vision_project_2025/install/imu_serial/lib/python3.10/site-packages/imu_serial
[0.959s] byte-compiling /home/jacky/Documents/robot_vision_project_2025/install/imu_serial/lib/python3.10/site-packages/imu_serial/walk.py to walk.cpython-310.pyc
[0.960s] running install_data
[0.960s] copying launch/imu_ekf_launch.py -> /home/jacky/Documents/robot_vision_project_2025/install/imu_serial/share/imu_serial/launch
[0.960s] copying config/imu_ekf.yaml -> /home/jacky/Documents/robot_vision_project_2025/install/imu_serial/share/imu_serial/config
[0.960s] running install_egg_info
[0.962s] removing '/home/jacky/Documents/robot_vision_project_2025/install/imu_serial/lib/python3.10/site-packages/imu_serial-0.0.0-py3.10.egg-info' (and everything under it)
[0.962s] Copying ../../build/imu_serial/imu_serial.egg-info to /home/jacky/Documents/robot_vision_project_2025/install/imu_serial/lib/python3.10/site-packages/imu_serial-0.0.0-py3.10.egg-info
[0.963s] running install_scripts
[0.984s] Installing imu_based_odom script to /home/jacky/Documents/robot_vision_project_2025/install/imu_serial/lib/imu_serial
[0.984s] Installing imu_data script to /home/jacky/Documents/robot_vision_project_2025/install/imu_serial/lib/imu_serial
[0.984s] Installing imu_data_j1010 script to /home/jacky/Documents/robot_vision_project_2025/install/imu_serial/lib/imu_serial
[0.984s] Installing walk script to /home/jacky/Documents/robot_vision_project_2025/install/imu_serial/lib/imu_serial
[0.984s] writing list of installed files to '/home/jacky/Documents/robot_vision_project_2025/build/imu_serial/install.log'
[1.005s] Invoked command in '/home/jacky/Documents/robot_vision_project_2025/src/imu_serial' returned '0': PYTHONPATH=/home/jacky/Documents/robot_vision_project_2025/build/imu_serial/prefix_override:/usr/lib/python3/dist-packages/colcon_core/task/python/colcon_distutils_commands:/home/jacky/Documents/robot_vision_project_2025/install/imu_serial/lib/python3.10/site-packages:${PYTHONPATH} /usr/bin/python3 -W ignore:setup.py install is deprecated -W ignore:easy_install command is deprecated setup.py egg_info --egg-base ../../build/imu_serial build --build-base /home/jacky/Documents/robot_vision_project_2025/build/imu_serial/build install --record /home/jacky/Documents/robot_vision_project_2025/build/imu_serial/install.log --single-version-externally-managed install_data
