[0.335s] Invoking command in '/home/lego/ros2_ws/src/webcam_stream': PYTHONPATH=/home/lego/ros2_ws/build/webcam_stream/prefix_override:/usr/lib/python3/dist-packages/colcon_core/task/python/colcon_distutils_commands:/home/lego/ros2_ws/install/webcam_stream/lib/python3.10/site-packages:${PYTHONPATH} /usr/bin/python3 -W ignore:setup.py install is deprecated -W ignore:easy_install command is deprecated setup.py egg_info --egg-base ../../build/webcam_stream build --build-base /home/lego/ros2_ws/build/webcam_stream/build install --record /home/lego/ros2_ws/build/webcam_stream/install.log --single-version-externally-managed install_data
[0.453s] running egg_info
[0.453s] writing ../../build/webcam_stream/webcam_stream.egg-info/PKG-INFO
[0.454s] writing dependency_links to ../../build/webcam_stream/webcam_stream.egg-info/dependency_links.txt
[0.454s] writing entry points to ../../build/webcam_stream/webcam_stream.egg-info/entry_points.txt
[0.454s] writing requirements to ../../build/webcam_stream/webcam_stream.egg-info/requires.txt
[0.454s] writing top-level names to ../../build/webcam_stream/webcam_stream.egg-info/top_level.txt
[0.455s] reading manifest file '../../build/webcam_stream/webcam_stream.egg-info/SOURCES.txt'
[0.455s] writing manifest file '../../build/webcam_stream/webcam_stream.egg-info/SOURCES.txt'
[0.455s] running build
[0.455s] running build_py
[0.455s] copying webcam_stream/camera_node.py -> /home/lego/ros2_ws/build/webcam_stream/build/lib/webcam_stream
[0.455s] running install
[0.456s] running install_lib
[0.456s] copying /home/lego/ros2_ws/build/webcam_stream/build/lib/webcam_stream/camera_node.py -> /home/lego/ros2_ws/install/webcam_stream/lib/python3.10/site-packages/webcam_stream
[0.456s] byte-compiling /home/lego/ros2_ws/install/webcam_stream/lib/python3.10/site-packages/webcam_stream/camera_node.py to camera_node.cpython-310.pyc
[0.457s] running install_data
[0.457s] running install_egg_info
[0.458s] removing '/home/lego/ros2_ws/install/webcam_stream/lib/python3.10/site-packages/webcam_stream-0.0.0-py3.10.egg-info' (and everything under it)
[0.458s] Copying ../../build/webcam_stream/webcam_stream.egg-info to /home/lego/ros2_ws/install/webcam_stream/lib/python3.10/site-packages/webcam_stream-0.0.0-py3.10.egg-info
[0.459s] running install_scripts
[0.472s] Installing camera_node script to /home/lego/ros2_ws/install/webcam_stream/lib/webcam_stream
[0.472s] writing list of installed files to '/home/lego/ros2_ws/build/webcam_stream/install.log'
[0.499s] Invoked command in '/home/lego/ros2_ws/src/webcam_stream' returned '0': PYTHONPATH=/home/lego/ros2_ws/build/webcam_stream/prefix_override:/usr/lib/python3/dist-packages/colcon_core/task/python/colcon_distutils_commands:/home/lego/ros2_ws/install/webcam_stream/lib/python3.10/site-packages:${PYTHONPATH} /usr/bin/python3 -W ignore:setup.py install is deprecated -W ignore:easy_install command is deprecated setup.py egg_info --egg-base ../../build/webcam_stream build --build-base /home/lego/ros2_ws/build/webcam_stream/build install --record /home/lego/ros2_ws/build/webcam_stream/install.log --single-version-externally-managed install_data
