[0.331s] Invoking command in '/home/lego/ros2_ws/src/my_camera_pkg': PYTHONPATH=/home/lego/ros2_ws/build/my_camera_pkg/prefix_override:/usr/lib/python3/dist-packages/colcon_core/task/python/colcon_distutils_commands:/home/lego/ros2_ws/install/my_camera_pkg/lib/python3.10/site-packages:${PYTHONPATH} /usr/bin/python3 -W ignore:setup.py install is deprecated -W ignore:easy_install command is deprecated setup.py egg_info --egg-base ../../build/my_camera_pkg build --build-base /home/lego/ros2_ws/build/my_camera_pkg/build install --record /home/lego/ros2_ws/build/my_camera_pkg/install.log --single-version-externally-managed install_data
[0.451s] running egg_info
[0.451s] creating ../../build/my_camera_pkg/my_camera_pkg.egg-info
[0.451s] writing ../../build/my_camera_pkg/my_camera_pkg.egg-info/PKG-INFO
[0.451s] writing dependency_links to ../../build/my_camera_pkg/my_camera_pkg.egg-info/dependency_links.txt
[0.451s] writing entry points to ../../build/my_camera_pkg/my_camera_pkg.egg-info/entry_points.txt
[0.451s] writing requirements to ../../build/my_camera_pkg/my_camera_pkg.egg-info/requires.txt
[0.451s] writing top-level names to ../../build/my_camera_pkg/my_camera_pkg.egg-info/top_level.txt
[0.452s] writing manifest file '../../build/my_camera_pkg/my_camera_pkg.egg-info/SOURCES.txt'
[0.452s] reading manifest file '../../build/my_camera_pkg/my_camera_pkg.egg-info/SOURCES.txt'
[0.452s] writing manifest file '../../build/my_camera_pkg/my_camera_pkg.egg-info/SOURCES.txt'
[0.453s] running build
[0.453s] running build_py
[0.453s] creating /home/lego/ros2_ws/build/my_camera_pkg/build
[0.453s] creating /home/lego/ros2_ws/build/my_camera_pkg/build/lib
[0.453s] creating /home/lego/ros2_ws/build/my_camera_pkg/build/lib/my_camera_pkg
[0.453s] copying my_camera_pkg/__init__.py -> /home/lego/ros2_ws/build/my_camera_pkg/build/lib/my_camera_pkg
[0.453s] running install
[0.453s] running install_lib
[0.453s] creating /home/lego/ros2_ws/install/my_camera_pkg/lib/python3.10/site-packages/my_camera_pkg
[0.453s] copying /home/lego/ros2_ws/build/my_camera_pkg/build/lib/my_camera_pkg/__init__.py -> /home/lego/ros2_ws/install/my_camera_pkg/lib/python3.10/site-packages/my_camera_pkg
[0.454s] byte-compiling /home/lego/ros2_ws/install/my_camera_pkg/lib/python3.10/site-packages/my_camera_pkg/__init__.py to __init__.cpython-310.pyc
[0.454s] running install_data
[0.454s] creating /home/lego/ros2_ws/install/my_camera_pkg/share/ament_index
[0.454s] creating /home/lego/ros2_ws/install/my_camera_pkg/share/ament_index/resource_index
[0.454s] creating /home/lego/ros2_ws/install/my_camera_pkg/share/ament_index/resource_index/packages
[0.454s] copying resource/my_camera_pkg -> /home/lego/ros2_ws/install/my_camera_pkg/share/ament_index/resource_index/packages
[0.454s] copying package.xml -> /home/lego/ros2_ws/install/my_camera_pkg/share/my_camera_pkg
[0.454s] running install_egg_info
[0.455s] Copying ../../build/my_camera_pkg/my_camera_pkg.egg-info to /home/lego/ros2_ws/install/my_camera_pkg/lib/python3.10/site-packages/my_camera_pkg-0.0.0-py3.10.egg-info
[0.456s] running install_scripts
[0.468s] Installing camera_subscriber script to /home/lego/ros2_ws/install/my_camera_pkg/lib/my_camera_pkg
[0.469s] writing list of installed files to '/home/lego/ros2_ws/build/my_camera_pkg/install.log'
[0.494s] Invoked command in '/home/lego/ros2_ws/src/my_camera_pkg' returned '0': PYTHONPATH=/home/lego/ros2_ws/build/my_camera_pkg/prefix_override:/usr/lib/python3/dist-packages/colcon_core/task/python/colcon_distutils_commands:/home/lego/ros2_ws/install/my_camera_pkg/lib/python3.10/site-packages:${PYTHONPATH} /usr/bin/python3 -W ignore:setup.py install is deprecated -W ignore:easy_install command is deprecated setup.py egg_info --egg-base ../../build/my_camera_pkg build --build-base /home/lego/ros2_ws/build/my_camera_pkg/build install --record /home/lego/ros2_ws/build/my_camera_pkg/install.log --single-version-externally-managed install_data
