[0.360s] Invoking command in '/home/jacky/Documents/robot_vision_project_2025/src/my_camera_pkg': PYTHONPATH=/home/jacky/Documents/robot_vision_project_2025/build/my_camera_pkg/prefix_override:/usr/lib/python3/dist-packages/colcon_core/task/python/colcon_distutils_commands:/home/jacky/Documents/robot_vision_project_2025/install/my_camera_pkg/lib/python3.10/site-packages:${PYTHONPATH} /usr/bin/python3 -W ignore:setup.py install is deprecated -W ignore:easy_install command is deprecated setup.py egg_info --egg-base ../../build/my_camera_pkg build --build-base /home/jacky/Documents/robot_vision_project_2025/build/my_camera_pkg/build install --record /home/jacky/Documents/robot_vision_project_2025/build/my_camera_pkg/install.log --single-version-externally-managed install_data
[0.514s] running egg_info
[0.515s] writing ../../build/my_camera_pkg/my_camera_pkg.egg-info/PKG-INFO
[0.515s] writing dependency_links to ../../build/my_camera_pkg/my_camera_pkg.egg-info/dependency_links.txt
[0.515s] writing entry points to ../../build/my_camera_pkg/my_camera_pkg.egg-info/entry_points.txt
[0.515s] writing requirements to ../../build/my_camera_pkg/my_camera_pkg.egg-info/requires.txt
[0.515s] writing top-level names to ../../build/my_camera_pkg/my_camera_pkg.egg-info/top_level.txt
[0.517s] reading manifest file '../../build/my_camera_pkg/my_camera_pkg.egg-info/SOURCES.txt'
[0.518s] writing manifest file '../../build/my_camera_pkg/my_camera_pkg.egg-info/SOURCES.txt'
[0.518s] running build
[0.518s] running build_py
[0.518s] copying my_camera_pkg/yolo.py -> /home/jacky/Documents/robot_vision_project_2025/build/my_camera_pkg/build/lib/my_camera_pkg
[0.518s] running install
[0.518s] running install_lib
[0.519s] copying /home/jacky/Documents/robot_vision_project_2025/build/my_camera_pkg/build/lib/my_camera_pkg/yolo.py -> /home/jacky/Documents/robot_vision_project_2025/install/my_camera_pkg/lib/python3.10/site-packages/my_camera_pkg
[0.519s] byte-compiling /home/jacky/Documents/robot_vision_project_2025/install/my_camera_pkg/lib/python3.10/site-packages/my_camera_pkg/yolo.py to yolo.cpython-310.pyc
[0.520s] running install_data
[0.520s] copying launch/camera_launch.py -> /home/jacky/Documents/robot_vision_project_2025/install/my_camera_pkg/share/my_camera_pkg/launch
[0.520s] running install_egg_info
[0.522s] removing '/home/jacky/Documents/robot_vision_project_2025/install/my_camera_pkg/lib/python3.10/site-packages/my_camera_pkg-0.0.0-py3.10.egg-info' (and everything under it)
[0.522s] Copying ../../build/my_camera_pkg/my_camera_pkg.egg-info to /home/jacky/Documents/robot_vision_project_2025/install/my_camera_pkg/lib/python3.10/site-packages/my_camera_pkg-0.0.0-py3.10.egg-info
[0.522s] running install_scripts
[0.537s] Installing camera_node script to /home/jacky/Documents/robot_vision_project_2025/install/my_camera_pkg/lib/my_camera_pkg
[0.537s] Installing camera_subscriber script to /home/jacky/Documents/robot_vision_project_2025/install/my_camera_pkg/lib/my_camera_pkg
[0.537s] Installing canny_edges script to /home/jacky/Documents/robot_vision_project_2025/install/my_camera_pkg/lib/my_camera_pkg
[0.537s] Installing hough_circle script to /home/jacky/Documents/robot_vision_project_2025/install/my_camera_pkg/lib/my_camera_pkg
[0.537s] Installing hough_circle_tuner script to /home/jacky/Documents/robot_vision_project_2025/install/my_camera_pkg/lib/my_camera_pkg
[0.537s] Installing hsv script to /home/jacky/Documents/robot_vision_project_2025/install/my_camera_pkg/lib/my_camera_pkg
[0.538s] Installing hsv_tuner script to /home/jacky/Documents/robot_vision_project_2025/install/my_camera_pkg/lib/my_camera_pkg
[0.538s] Installing object_detect script to /home/jacky/Documents/robot_vision_project_2025/install/my_camera_pkg/lib/my_camera_pkg
[0.538s] Installing yolo script to /home/jacky/Documents/robot_vision_project_2025/install/my_camera_pkg/lib/my_camera_pkg
[0.538s] writing list of installed files to '/home/jacky/Documents/robot_vision_project_2025/build/my_camera_pkg/install.log'
[0.557s] Invoked command in '/home/jacky/Documents/robot_vision_project_2025/src/my_camera_pkg' returned '0': PYTHONPATH=/home/jacky/Documents/robot_vision_project_2025/build/my_camera_pkg/prefix_override:/usr/lib/python3/dist-packages/colcon_core/task/python/colcon_distutils_commands:/home/jacky/Documents/robot_vision_project_2025/install/my_camera_pkg/lib/python3.10/site-packages:${PYTHONPATH} /usr/bin/python3 -W ignore:setup.py install is deprecated -W ignore:easy_install command is deprecated setup.py egg_info --egg-base ../../build/my_camera_pkg build --build-base /home/jacky/Documents/robot_vision_project_2025/build/my_camera_pkg/build install --record /home/jacky/Documents/robot_vision_project_2025/build/my_camera_pkg/install.log --single-version-externally-managed install_data
