[0.311s] Invoking command in '/home/jacky/Documents/robot_vision_project_2025/src/imu_serial': PYTHONPATH=/home/jacky/Documents/robot_vision_project_2025/build/imu_serial/prefix_override:/usr/lib/python3/dist-packages/colcon_core/task/python/colcon_distutils_commands:/home/jacky/Documents/robot_vision_project_2025/install/imu_serial/lib/python3.10/site-packages:${PYTHONPATH} /usr/bin/python3 -W ignore:setup.py install is deprecated -W ignore:easy_install command is deprecated setup.py egg_info --egg-base ../../build/imu_serial build --build-base /home/jacky/Documents/robot_vision_project_2025/build/imu_serial/build install --record /home/jacky/Documents/robot_vision_project_2025/build/imu_serial/install.log --single-version-externally-managed
[0.436s] running egg_info
[0.436s] writing ../../build/imu_serial/imu_serial.egg-info/PKG-INFO
[0.436s] writing dependency_links to ../../build/imu_serial/imu_serial.egg-info/dependency_links.txt
[0.436s] writing entry points to ../../build/imu_serial/imu_serial.egg-info/entry_points.txt
[0.436s] writing requirements to ../../build/imu_serial/imu_serial.egg-info/requires.txt
[0.436s] writing top-level names to ../../build/imu_serial/imu_serial.egg-info/top_level.txt
[0.437s] file imu_serial_node.py (for module imu_serial_node) not found
[0.437s] package init file 'imu_serial/__init__.py' not found (or not a regular file)
[0.437s] reading manifest file '../../build/imu_serial/imu_serial.egg-info/SOURCES.txt'
[0.438s] writing manifest file '../../build/imu_serial/imu_serial.egg-info/SOURCES.txt'
[0.438s] running build
[0.438s] running build_py
[0.438s] file imu_serial_node.py (for module imu_serial_node) not found
[0.438s] file imu_serial_node.py (for module imu_serial_node) not found
[0.439s] running install
[0.439s] running install_lib
[0.440s] running install_egg_info
[0.441s] removing '/home/jacky/Documents/robot_vision_project_2025/install/imu_serial/lib/python3.10/site-packages/imu_serial-0.0.0-py3.10.egg-info' (and everything under it)
[0.441s] Copying ../../build/imu_serial/imu_serial.egg-info to /home/jacky/Documents/robot_vision_project_2025/install/imu_serial/lib/python3.10/site-packages/imu_serial-0.0.0-py3.10.egg-info
[0.442s] running install_scripts
[0.461s] Installing imu_serial_node script to /home/jacky/Documents/robot_vision_project_2025/install/imu_serial/lib/imu_serial
[0.461s] file imu_serial_node.py (for module imu_serial_node) not found
[0.461s] writing list of installed files to '/home/jacky/Documents/robot_vision_project_2025/build/imu_serial/install.log'
[0.477s] Invoked command in '/home/jacky/Documents/robot_vision_project_2025/src/imu_serial' returned '0': PYTHONPATH=/home/jacky/Documents/robot_vision_project_2025/build/imu_serial/prefix_override:/usr/lib/python3/dist-packages/colcon_core/task/python/colcon_distutils_commands:/home/jacky/Documents/robot_vision_project_2025/install/imu_serial/lib/python3.10/site-packages:${PYTHONPATH} /usr/bin/python3 -W ignore:setup.py install is deprecated -W ignore:easy_install command is deprecated setup.py egg_info --egg-base ../../build/imu_serial build --build-base /home/jacky/Documents/robot_vision_project_2025/build/imu_serial/build install --record /home/jacky/Documents/robot_vision_project_2025/build/imu_serial/install.log --single-version-externally-managed
