[0.063s] DEBUG:colcon:Command line arguments: ['/usr/bin/colcon', 'build', '--packages-select', 'rplidar_ros']
[0.063s] DEBUG:colcon:Parsed command line arguments: Namespace(log_base=None, log_level=None, verb_name='build', build_base='build', install_base='install', merge_install=False, symlink_install=False, test_result_base=None, continue_on_error=False, executor='parallel', parallel_workers=16, event_handlers=None, ignore_user_meta=False, metas=['./colcon.meta'], base_paths=['.'], packages_ignore=None, packages_ignore_regex=None, paths=None, packages_up_to=None, packages_up_to_regex=None, packages_above=None, packages_above_and_dependencies=None, packages_above_depth=None, packages_select_by_dep=None, packages_skip_by_dep=None, packages_skip_up_to=None, packages_select_build_failed=False, packages_skip_build_finished=False, packages_select_test_failures=False, packages_skip_test_passed=False, packages_select=['rplidar_ros'], packages_skip=None, packages_select_regex=None, packages_skip_regex=None, packages_start=None, packages_end=None, allow_overriding=[], cmake_args=None, cmake_target=None, cmake_target_skip_unavailable=False, cmake_clean_cache=False, cmake_clean_first=False, cmake_force_configure=False, ament_cmake_args=None, catkin_cmake_args=None, catkin_skip_building_tests=False, mixin_files=None, mixin=None, verb_parser=<colcon_mixin.mixin.mixin_argument.MixinArgumentDecorator object at 0x7511f7d65270>, verb_extension=<colcon_core.verb.build.BuildVerb object at 0x7511f7d64d90>, main=<bound method BuildVerb.main of <colcon_core.verb.build.BuildVerb object at 0x7511f7d64d90>>, mixin_verb=('build',))
[0.154s] Level 1:colcon.colcon_core.package_discovery:discover_packages(colcon_meta) check parameters
[0.154s] Level 1:colcon.colcon_core.package_discovery:discover_packages(recursive) check parameters
[0.154s] Level 1:colcon.colcon_core.package_discovery:discover_packages(ignore) check parameters
[0.154s] Level 1:colcon.colcon_core.package_discovery:discover_packages(path) check parameters
[0.154s] Level 1:colcon.colcon_core.package_discovery:discover_packages(colcon_meta) discover
[0.154s] Level 1:colcon.colcon_core.package_discovery:discover_packages(recursive) discover
[0.154s] INFO:colcon.colcon_core.package_discovery:Crawling recursively for packages in '/home/jacky/Documents/robot_vision_project_2025'
[0.154s] Level 1:colcon.colcon_core.package_identification:_identify(.) by extensions ['ignore', 'ignore_ament_install']
[0.154s] Level 1:colcon.colcon_core.package_identification:_identify(.) by extension 'ignore'
[0.154s] Level 1:colcon.colcon_core.package_identification:_identify(.) by extension 'ignore_ament_install'
[0.154s] Level 1:colcon.colcon_core.package_identification:_identify(.) by extensions ['colcon_pkg']
[0.154s] Level 1:colcon.colcon_core.package_identification:_identify(.) by extension 'colcon_pkg'
[0.154s] Level 1:colcon.colcon_core.package_identification:_identify(.) by extensions ['colcon_meta']
[0.154s] Level 1:colcon.colcon_core.package_identification:_identify(.) by extension 'colcon_meta'
[0.154s] Level 1:colcon.colcon_core.package_identification:_identify(.) by extensions ['ros']
[0.154s] Level 1:colcon.colcon_core.package_identification:_identify(.) by extension 'ros'
[0.161s] Level 1:colcon.colcon_core.package_identification:_identify(.) by extensions ['cmake', 'python']
[0.161s] Level 1:colcon.colcon_core.package_identification:_identify(.) by extension 'cmake'
[0.161s] Level 1:colcon.colcon_core.package_identification:_identify(.) by extension 'python'
[0.161s] Level 1:colcon.colcon_core.package_identification:_identify(.) by extensions ['python_setup_py']
[0.161s] Level 1:colcon.colcon_core.package_identification:_identify(.) by extension 'python_setup_py'
[0.161s] Level 1:colcon.colcon_core.package_identification:_identify(build) by extensions ['ignore', 'ignore_ament_install']
[0.161s] Level 1:colcon.colcon_core.package_identification:_identify(build) by extension 'ignore'
[0.161s] Level 1:colcon.colcon_core.package_identification:_identify(build) ignored
[0.161s] Level 1:colcon.colcon_core.package_identification:_identify(install) by extensions ['ignore', 'ignore_ament_install']
[0.161s] Level 1:colcon.colcon_core.package_identification:_identify(install) by extension 'ignore'
[0.161s] Level 1:colcon.colcon_core.package_identification:_identify(install) ignored
[0.162s] Level 1:colcon.colcon_core.package_identification:_identify(log) by extensions ['ignore', 'ignore_ament_install']
[0.162s] Level 1:colcon.colcon_core.package_identification:_identify(log) by extension 'ignore'
[0.162s] Level 1:colcon.colcon_core.package_identification:_identify(log) ignored
[0.162s] Level 1:colcon.colcon_core.package_identification:_identify(src) by extensions ['ignore', 'ignore_ament_install']
[0.162s] Level 1:colcon.colcon_core.package_identification:_identify(src) by extension 'ignore'
[0.162s] Level 1:colcon.colcon_core.package_identification:_identify(src) by extension 'ignore_ament_install'
[0.162s] Level 1:colcon.colcon_core.package_identification:_identify(src) by extensions ['colcon_pkg']
[0.162s] Level 1:colcon.colcon_core.package_identification:_identify(src) by extension 'colcon_pkg'
[0.162s] Level 1:colcon.colcon_core.package_identification:_identify(src) by extensions ['colcon_meta']
[0.162s] Level 1:colcon.colcon_core.package_identification:_identify(src) by extension 'colcon_meta'
[0.162s] Level 1:colcon.colcon_core.package_identification:_identify(src) by extensions ['ros']
[0.162s] Level 1:colcon.colcon_core.package_identification:_identify(src) by extension 'ros'
[0.162s] Level 1:colcon.colcon_core.package_identification:_identify(src) by extensions ['cmake', 'python']
[0.162s] Level 1:colcon.colcon_core.package_identification:_identify(src) by extension 'cmake'
[0.162s] Level 1:colcon.colcon_core.package_identification:_identify(src) by extension 'python'
[0.162s] Level 1:colcon.colcon_core.package_identification:_identify(src) by extensions ['python_setup_py']
[0.162s] Level 1:colcon.colcon_core.package_identification:_identify(src) by extension 'python_setup_py'
[0.162s] Level 1:colcon.colcon_core.package_identification:_identify(src/arduino_code) by extensions ['ignore', 'ignore_ament_install']
[0.162s] Level 1:colcon.colcon_core.package_identification:_identify(src/arduino_code) by extension 'ignore'
[0.162s] Level 1:colcon.colcon_core.package_identification:_identify(src/arduino_code) by extension 'ignore_ament_install'
[0.162s] Level 1:colcon.colcon_core.package_identification:_identify(src/arduino_code) by extensions ['colcon_pkg']
[0.162s] Level 1:colcon.colcon_core.package_identification:_identify(src/arduino_code) by extension 'colcon_pkg'
[0.162s] Level 1:colcon.colcon_core.package_identification:_identify(src/arduino_code) by extensions ['colcon_meta']
[0.162s] Level 1:colcon.colcon_core.package_identification:_identify(src/arduino_code) by extension 'colcon_meta'
[0.162s] Level 1:colcon.colcon_core.package_identification:_identify(src/arduino_code) by extensions ['ros']
[0.162s] Level 1:colcon.colcon_core.package_identification:_identify(src/arduino_code) by extension 'ros'
[0.162s] Level 1:colcon.colcon_core.package_identification:_identify(src/arduino_code) by extensions ['cmake', 'python']
[0.162s] Level 1:colcon.colcon_core.package_identification:_identify(src/arduino_code) by extension 'cmake'
[0.162s] Level 1:colcon.colcon_core.package_identification:_identify(src/arduino_code) by extension 'python'
[0.162s] Level 1:colcon.colcon_core.package_identification:_identify(src/arduino_code) by extensions ['python_setup_py']
[0.162s] Level 1:colcon.colcon_core.package_identification:_identify(src/arduino_code) by extension 'python_setup_py'
[0.163s] Level 1:colcon.colcon_core.package_identification:_identify(src/arduino_code/motor_test) by extensions ['ignore', 'ignore_ament_install']
[0.163s] Level 1:colcon.colcon_core.package_identification:_identify(src/arduino_code/motor_test) by extension 'ignore'
[0.163s] Level 1:colcon.colcon_core.package_identification:_identify(src/arduino_code/motor_test) by extension 'ignore_ament_install'
[0.163s] Level 1:colcon.colcon_core.package_identification:_identify(src/arduino_code/motor_test) by extensions ['colcon_pkg']
[0.163s] Level 1:colcon.colcon_core.package_identification:_identify(src/arduino_code/motor_test) by extension 'colcon_pkg'
[0.163s] Level 1:colcon.colcon_core.package_identification:_identify(src/arduino_code/motor_test) by extensions ['colcon_meta']
[0.163s] Level 1:colcon.colcon_core.package_identification:_identify(src/arduino_code/motor_test) by extension 'colcon_meta'
[0.163s] Level 1:colcon.colcon_core.package_identification:_identify(src/arduino_code/motor_test) by extensions ['ros']
[0.163s] Level 1:colcon.colcon_core.package_identification:_identify(src/arduino_code/motor_test) by extension 'ros'
[0.163s] Level 1:colcon.colcon_core.package_identification:_identify(src/arduino_code/motor_test) by extensions ['cmake', 'python']
[0.163s] Level 1:colcon.colcon_core.package_identification:_identify(src/arduino_code/motor_test) by extension 'cmake'
[0.163s] Level 1:colcon.colcon_core.package_identification:_identify(src/arduino_code/motor_test) by extension 'python'
[0.163s] Level 1:colcon.colcon_core.package_identification:_identify(src/arduino_code/motor_test) by extensions ['python_setup_py']
[0.163s] Level 1:colcon.colcon_core.package_identification:_identify(src/arduino_code/motor_test) by extension 'python_setup_py'
[0.163s] Level 1:colcon.colcon_core.package_identification:_identify(src/imu_serial) by extensions ['ignore', 'ignore_ament_install']
[0.163s] Level 1:colcon.colcon_core.package_identification:_identify(src/imu_serial) by extension 'ignore'
[0.163s] Level 1:colcon.colcon_core.package_identification:_identify(src/imu_serial) by extension 'ignore_ament_install'
[0.163s] Level 1:colcon.colcon_core.package_identification:_identify(src/imu_serial) by extensions ['colcon_pkg']
[0.163s] Level 1:colcon.colcon_core.package_identification:_identify(src/imu_serial) by extension 'colcon_pkg'
[0.163s] Level 1:colcon.colcon_core.package_identification:_identify(src/imu_serial) by extensions ['colcon_meta']
[0.163s] Level 1:colcon.colcon_core.package_identification:_identify(src/imu_serial) by extension 'colcon_meta'
[0.163s] Level 1:colcon.colcon_core.package_identification:_identify(src/imu_serial) by extensions ['ros']
[0.163s] Level 1:colcon.colcon_core.package_identification:_identify(src/imu_serial) by extension 'ros'
[0.165s] DEBUG:colcon.colcon_core.package_identification:Package 'src/imu_serial' with type 'ros.ament_python' and name 'imu_serial'
[0.165s] Level 1:colcon.colcon_core.package_identification:_identify(src/my_camera_pkg) by extensions ['ignore', 'ignore_ament_install']
[0.165s] Level 1:colcon.colcon_core.package_identification:_identify(src/my_camera_pkg) by extension 'ignore'
[0.165s] Level 1:colcon.colcon_core.package_identification:_identify(src/my_camera_pkg) by extension 'ignore_ament_install'
[0.165s] Level 1:colcon.colcon_core.package_identification:_identify(src/my_camera_pkg) by extensions ['colcon_pkg']
[0.165s] Level 1:colcon.colcon_core.package_identification:_identify(src/my_camera_pkg) by extension 'colcon_pkg'
[0.165s] Level 1:colcon.colcon_core.package_identification:_identify(src/my_camera_pkg) by extensions ['colcon_meta']
[0.165s] Level 1:colcon.colcon_core.package_identification:_identify(src/my_camera_pkg) by extension 'colcon_meta'
[0.165s] Level 1:colcon.colcon_core.package_identification:_identify(src/my_camera_pkg) by extensions ['ros']
[0.165s] Level 1:colcon.colcon_core.package_identification:_identify(src/my_camera_pkg) by extension 'ros'
[0.165s] DEBUG:colcon.colcon_core.package_identification:Package 'src/my_camera_pkg' with type 'ros.ament_python' and name 'my_camera_pkg'
[0.165s] Level 1:colcon.colcon_core.package_identification:_identify(src/robot_vision_project_2025) by extensions ['ignore', 'ignore_ament_install']
[0.165s] Level 1:colcon.colcon_core.package_identification:_identify(src/robot_vision_project_2025) by extension 'ignore'
[0.165s] Level 1:colcon.colcon_core.package_identification:_identify(src/robot_vision_project_2025) by extension 'ignore_ament_install'
[0.165s] Level 1:colcon.colcon_core.package_identification:_identify(src/robot_vision_project_2025) by extensions ['colcon_pkg']
[0.165s] Level 1:colcon.colcon_core.package_identification:_identify(src/robot_vision_project_2025) by extension 'colcon_pkg'
[0.165s] Level 1:colcon.colcon_core.package_identification:_identify(src/robot_vision_project_2025) by extensions ['colcon_meta']
[0.166s] Level 1:colcon.colcon_core.package_identification:_identify(src/robot_vision_project_2025) by extension 'colcon_meta'
[0.166s] Level 1:colcon.colcon_core.package_identification:_identify(src/robot_vision_project_2025) by extensions ['ros']
[0.166s] Level 1:colcon.colcon_core.package_identification:_identify(src/robot_vision_project_2025) by extension 'ros'
[0.166s] Level 1:colcon.colcon_core.package_identification:_identify(src/robot_vision_project_2025) by extensions ['cmake', 'python']
[0.166s] Level 1:colcon.colcon_core.package_identification:_identify(src/robot_vision_project_2025) by extension 'cmake'
[0.166s] Level 1:colcon.colcon_core.package_identification:_identify(src/robot_vision_project_2025) by extension 'python'
[0.166s] Level 1:colcon.colcon_core.package_identification:_identify(src/robot_vision_project_2025) by extensions ['python_setup_py']
[0.166s] Level 1:colcon.colcon_core.package_identification:_identify(src/robot_vision_project_2025) by extension 'python_setup_py'
[0.166s] Level 1:colcon.colcon_core.package_identification:_identify(src/rplidar_ros-ros2) by extensions ['ignore', 'ignore_ament_install']
[0.166s] Level 1:colcon.colcon_core.package_identification:_identify(src/rplidar_ros-ros2) by extension 'ignore'
[0.166s] Level 1:colcon.colcon_core.package_identification:_identify(src/rplidar_ros-ros2) by extension 'ignore_ament_install'
[0.166s] Level 1:colcon.colcon_core.package_identification:_identify(src/rplidar_ros-ros2) by extensions ['colcon_pkg']
[0.166s] Level 1:colcon.colcon_core.package_identification:_identify(src/rplidar_ros-ros2) by extension 'colcon_pkg'
[0.166s] Level 1:colcon.colcon_core.package_identification:_identify(src/rplidar_ros-ros2) by extensions ['colcon_meta']
[0.166s] Level 1:colcon.colcon_core.package_identification:_identify(src/rplidar_ros-ros2) by extension 'colcon_meta'
[0.166s] Level 1:colcon.colcon_core.package_identification:_identify(src/rplidar_ros-ros2) by extensions ['ros']
[0.166s] Level 1:colcon.colcon_core.package_identification:_identify(src/rplidar_ros-ros2) by extension 'ros'
[0.166s] DEBUG:colcon.colcon_core.package_identification:Package 'src/rplidar_ros-ros2' with type 'ros.ament_cmake' and name 'rplidar_ros'
[0.166s] Level 1:colcon.colcon_core.package_identification:_identify(src/webcam_stream) by extensions ['ignore', 'ignore_ament_install']
[0.166s] Level 1:colcon.colcon_core.package_identification:_identify(src/webcam_stream) by extension 'ignore'
[0.166s] Level 1:colcon.colcon_core.package_identification:_identify(src/webcam_stream) by extension 'ignore_ament_install'
[0.166s] Level 1:colcon.colcon_core.package_identification:_identify(src/webcam_stream) by extensions ['colcon_pkg']
[0.166s] Level 1:colcon.colcon_core.package_identification:_identify(src/webcam_stream) by extension 'colcon_pkg'
[0.167s] Level 1:colcon.colcon_core.package_identification:_identify(src/webcam_stream) by extensions ['colcon_meta']
[0.167s] Level 1:colcon.colcon_core.package_identification:_identify(src/webcam_stream) by extension 'colcon_meta'
[0.167s] Level 1:colcon.colcon_core.package_identification:_identify(src/webcam_stream) by extensions ['ros']
[0.167s] Level 1:colcon.colcon_core.package_identification:_identify(src/webcam_stream) by extension 'ros'
[0.167s] DEBUG:colcon.colcon_core.package_identification:Package 'src/webcam_stream' with type 'ros.ament_python' and name 'webcam_stream'
[0.167s] Level 1:colcon.colcon_core.package_discovery:discover_packages(recursive) using defaults
[0.167s] Level 1:colcon.colcon_core.package_discovery:discover_packages(ignore) discover
[0.167s] Level 1:colcon.colcon_core.package_discovery:discover_packages(ignore) using defaults
[0.167s] Level 1:colcon.colcon_core.package_discovery:discover_packages(path) discover
[0.167s] Level 1:colcon.colcon_core.package_discovery:discover_packages(path) using defaults
[0.185s] INFO:colcon.colcon_core.package_selection:Skipping not selected package 'imu_serial' in 'src/imu_serial'
[0.185s] INFO:colcon.colcon_core.package_selection:Skipping not selected package 'my_camera_pkg' in 'src/my_camera_pkg'
[0.185s] INFO:colcon.colcon_core.package_selection:Skipping not selected package 'webcam_stream' in 'src/webcam_stream'
[0.186s] Level 1:colcon.colcon_core.package_discovery:discover_packages(prefix_path) check parameters
[0.186s] Level 1:colcon.colcon_core.package_discovery:discover_packages(prefix_path) discover
[0.187s] DEBUG:colcon.colcon_installed_package_information.package_discovery:Found 4 installed packages in /home/jacky/Documents/robot_vision_project_2025/install
[0.187s] DEBUG:colcon.colcon_installed_package_information.package_discovery:Found 201 installed packages in /opt/ros/humble
[0.188s] Level 1:colcon.colcon_core.package_discovery:discover_packages(prefix_path) using defaults
[0.203s] Level 5:colcon.colcon_core.verb:set package 'rplidar_ros' build argument 'cmake_args' from command line to 'None'
[0.203s] Level 5:colcon.colcon_core.verb:set package 'rplidar_ros' build argument 'cmake_target' from command line to 'None'
[0.203s] Level 5:colcon.colcon_core.verb:set package 'rplidar_ros' build argument 'cmake_target_skip_unavailable' from command line to 'False'
[0.203s] Level 5:colcon.colcon_core.verb:set package 'rplidar_ros' build argument 'cmake_clean_cache' from command line to 'False'
[0.203s] Level 5:colcon.colcon_core.verb:set package 'rplidar_ros' build argument 'cmake_clean_first' from command line to 'False'
[0.203s] Level 5:colcon.colcon_core.verb:set package 'rplidar_ros' build argument 'cmake_force_configure' from command line to 'False'
[0.203s] Level 5:colcon.colcon_core.verb:set package 'rplidar_ros' build argument 'ament_cmake_args' from command line to 'None'
[0.203s] Level 5:colcon.colcon_core.verb:set package 'rplidar_ros' build argument 'catkin_cmake_args' from command line to 'None'
[0.203s] Level 5:colcon.colcon_core.verb:set package 'rplidar_ros' build argument 'catkin_skip_building_tests' from command line to 'False'
[0.203s] DEBUG:colcon.colcon_core.verb:Building package 'rplidar_ros' with the following arguments: {'ament_cmake_args': None, 'build_base': '/home/jacky/Documents/robot_vision_project_2025/build/rplidar_ros', 'catkin_cmake_args': None, 'catkin_skip_building_tests': False, 'cmake_args': None, 'cmake_clean_cache': False, 'cmake_clean_first': False, 'cmake_force_configure': False, 'cmake_target': None, 'cmake_target_skip_unavailable': False, 'install_base': '/home/jacky/Documents/robot_vision_project_2025/install/rplidar_ros', 'merge_install': False, 'path': '/home/jacky/Documents/robot_vision_project_2025/src/rplidar_ros-ros2', 'symlink_install': False, 'test_result_base': None}
[0.203s] INFO:colcon.colcon_core.executor:Executing jobs using 'parallel' executor
[0.204s] DEBUG:colcon.colcon_parallel_executor.executor.parallel:run_until_complete
[0.204s] INFO:colcon.colcon_ros.task.ament_cmake.build:Building ROS package in '/home/jacky/Documents/robot_vision_project_2025/src/rplidar_ros-ros2' with build type 'ament_cmake'
[0.204s] INFO:colcon.colcon_cmake.task.cmake.build:Building CMake package in '/home/jacky/Documents/robot_vision_project_2025/src/rplidar_ros-ros2'
[0.205s] INFO:colcon.colcon_core.plugin_system:Skipping extension 'colcon_core.shell.bat': Not used on non-Windows systems
[0.205s] INFO:colcon.colcon_core.shell:Skip shell extension 'powershell' for command environment: Not usable outside of PowerShell
[0.205s] DEBUG:colcon.colcon_core.shell:Skip shell extension 'dsv' for command environment
[0.210s] DEBUG:colcon.colcon_core.event_handler.log_command:Invoking command in '/home/jacky/Documents/robot_vision_project_2025/build/rplidar_ros': CMAKE_PREFIX_PATH=${CMAKE_PREFIX_PATH}:/home/jacky/Documents/robot_vision_project_2025/install/webcam_stream:/home/jacky/Documents/robot_vision_project_2025/install/my_camera_pkg:/home/jacky/Documents/robot_vision_project_2025/install/imu_serial:/opt/ros/humble /usr/bin/cmake --build /home/jacky/Documents/robot_vision_project_2025/build/rplidar_ros -- -j16 -l16
[0.258s] DEBUG:colcon.colcon_core.event_handler.log_command:Invoked command in '/home/jacky/Documents/robot_vision_project_2025/build/rplidar_ros' returned '0': CMAKE_PREFIX_PATH=${CMAKE_PREFIX_PATH}:/home/jacky/Documents/robot_vision_project_2025/install/webcam_stream:/home/jacky/Documents/robot_vision_project_2025/install/my_camera_pkg:/home/jacky/Documents/robot_vision_project_2025/install/imu_serial:/opt/ros/humble /usr/bin/cmake --build /home/jacky/Documents/robot_vision_project_2025/build/rplidar_ros -- -j16 -l16
[0.265s] DEBUG:colcon.colcon_core.event_handler.log_command:Invoking command in '/home/jacky/Documents/robot_vision_project_2025/build/rplidar_ros': CMAKE_PREFIX_PATH=${CMAKE_PREFIX_PATH}:/home/jacky/Documents/robot_vision_project_2025/install/webcam_stream:/home/jacky/Documents/robot_vision_project_2025/install/my_camera_pkg:/home/jacky/Documents/robot_vision_project_2025/install/imu_serial:/opt/ros/humble /usr/bin/cmake --install /home/jacky/Documents/robot_vision_project_2025/build/rplidar_ros
[0.274s] Level 1:colcon.colcon_core.environment:create_environment_scripts_only(rplidar_ros)
[0.274s] DEBUG:colcon.colcon_core.event_handler.log_command:Invoked command in '/home/jacky/Documents/robot_vision_project_2025/build/rplidar_ros' returned '0': CMAKE_PREFIX_PATH=${CMAKE_PREFIX_PATH}:/home/jacky/Documents/robot_vision_project_2025/install/webcam_stream:/home/jacky/Documents/robot_vision_project_2025/install/my_camera_pkg:/home/jacky/Documents/robot_vision_project_2025/install/imu_serial:/opt/ros/humble /usr/bin/cmake --install /home/jacky/Documents/robot_vision_project_2025/build/rplidar_ros
[0.275s] Level 1:colcon.colcon_core.environment:checking '/home/jacky/Documents/robot_vision_project_2025/install/rplidar_ros' for CMake module files
[0.276s] Level 1:colcon.colcon_core.environment:checking '/home/jacky/Documents/robot_vision_project_2025/install/rplidar_ros' for CMake config files
[0.276s] Level 1:colcon.colcon_core.shell:create_environment_hook('rplidar_ros', 'cmake_prefix_path')
[0.276s] INFO:colcon.colcon_core.shell:Creating environment hook '/home/jacky/Documents/robot_vision_project_2025/install/rplidar_ros/share/rplidar_ros/hook/cmake_prefix_path.ps1'
[0.276s] INFO:colcon.colcon_core.shell:Creating environment descriptor '/home/jacky/Documents/robot_vision_project_2025/install/rplidar_ros/share/rplidar_ros/hook/cmake_prefix_path.dsv'
[0.277s] INFO:colcon.colcon_core.shell:Creating environment hook '/home/jacky/Documents/robot_vision_project_2025/install/rplidar_ros/share/rplidar_ros/hook/cmake_prefix_path.sh'
[0.277s] Level 1:colcon.colcon_core.environment:checking '/home/jacky/Documents/robot_vision_project_2025/install/rplidar_ros/lib'
[0.277s] Level 1:colcon.colcon_core.environment:checking '/home/jacky/Documents/robot_vision_project_2025/install/rplidar_ros/bin'
[0.277s] Level 1:colcon.colcon_core.environment:checking '/home/jacky/Documents/robot_vision_project_2025/install/rplidar_ros/lib/pkgconfig/rplidar_ros.pc'
[0.277s] Level 1:colcon.colcon_core.environment:checking '/home/jacky/Documents/robot_vision_project_2025/install/rplidar_ros/lib/python3.10/site-packages'
[0.278s] Level 1:colcon.colcon_core.environment:checking '/home/jacky/Documents/robot_vision_project_2025/install/rplidar_ros/bin'
[0.278s] INFO:colcon.colcon_core.shell:Creating package script '/home/jacky/Documents/robot_vision_project_2025/install/rplidar_ros/share/rplidar_ros/package.ps1'
[0.278s] INFO:colcon.colcon_core.shell:Creating package descriptor '/home/jacky/Documents/robot_vision_project_2025/install/rplidar_ros/share/rplidar_ros/package.dsv'
[0.279s] INFO:colcon.colcon_core.shell:Creating package script '/home/jacky/Documents/robot_vision_project_2025/install/rplidar_ros/share/rplidar_ros/package.sh'
[0.279s] INFO:colcon.colcon_core.shell:Creating package script '/home/jacky/Documents/robot_vision_project_2025/install/rplidar_ros/share/rplidar_ros/package.bash'
[0.279s] INFO:colcon.colcon_core.shell:Creating package script '/home/jacky/Documents/robot_vision_project_2025/install/rplidar_ros/share/rplidar_ros/package.zsh'
[0.280s] Level 1:colcon.colcon_core.environment:create_file_with_runtime_dependencies(/home/jacky/Documents/robot_vision_project_2025/install/rplidar_ros/share/colcon-core/packages/rplidar_ros)
[0.280s] Level 1:colcon.colcon_core.environment:create_environment_scripts_only(rplidar_ros)
[0.280s] Level 1:colcon.colcon_core.environment:checking '/home/jacky/Documents/robot_vision_project_2025/install/rplidar_ros' for CMake module files
[0.281s] Level 1:colcon.colcon_core.environment:checking '/home/jacky/Documents/robot_vision_project_2025/install/rplidar_ros' for CMake config files
[0.281s] Level 1:colcon.colcon_core.shell:create_environment_hook('rplidar_ros', 'cmake_prefix_path')
[0.281s] INFO:colcon.colcon_core.shell:Creating environment hook '/home/jacky/Documents/robot_vision_project_2025/install/rplidar_ros/share/rplidar_ros/hook/cmake_prefix_path.ps1'
[0.281s] INFO:colcon.colcon_core.shell:Creating environment descriptor '/home/jacky/Documents/robot_vision_project_2025/install/rplidar_ros/share/rplidar_ros/hook/cmake_prefix_path.dsv'
[0.281s] INFO:colcon.colcon_core.shell:Creating environment hook '/home/jacky/Documents/robot_vision_project_2025/install/rplidar_ros/share/rplidar_ros/hook/cmake_prefix_path.sh'
[0.281s] Level 1:colcon.colcon_core.environment:checking '/home/jacky/Documents/robot_vision_project_2025/install/rplidar_ros/lib'
[0.282s] Level 1:colcon.colcon_core.environment:checking '/home/jacky/Documents/robot_vision_project_2025/install/rplidar_ros/bin'
[0.282s] Level 1:colcon.colcon_core.environment:checking '/home/jacky/Documents/robot_vision_project_2025/install/rplidar_ros/lib/pkgconfig/rplidar_ros.pc'
[0.282s] Level 1:colcon.colcon_core.environment:checking '/home/jacky/Documents/robot_vision_project_2025/install/rplidar_ros/lib/python3.10/site-packages'
[0.282s] Level 1:colcon.colcon_core.environment:checking '/home/jacky/Documents/robot_vision_project_2025/install/rplidar_ros/bin'
[0.282s] INFO:colcon.colcon_core.shell:Creating package script '/home/jacky/Documents/robot_vision_project_2025/install/rplidar_ros/share/rplidar_ros/package.ps1'
[0.282s] INFO:colcon.colcon_core.shell:Creating package descriptor '/home/jacky/Documents/robot_vision_project_2025/install/rplidar_ros/share/rplidar_ros/package.dsv'
[0.283s] INFO:colcon.colcon_core.shell:Creating package script '/home/jacky/Documents/robot_vision_project_2025/install/rplidar_ros/share/rplidar_ros/package.sh'
[0.283s] INFO:colcon.colcon_core.shell:Creating package script '/home/jacky/Documents/robot_vision_project_2025/install/rplidar_ros/share/rplidar_ros/package.bash'
[0.283s] INFO:colcon.colcon_core.shell:Creating package script '/home/jacky/Documents/robot_vision_project_2025/install/rplidar_ros/share/rplidar_ros/package.zsh'
[0.283s] Level 1:colcon.colcon_core.environment:create_file_with_runtime_dependencies(/home/jacky/Documents/robot_vision_project_2025/install/rplidar_ros/share/colcon-core/packages/rplidar_ros)
[0.284s] DEBUG:colcon.colcon_parallel_executor.executor.parallel:closing loop
[0.284s] DEBUG:colcon.colcon_parallel_executor.executor.parallel:loop closed
[0.284s] DEBUG:colcon.colcon_parallel_executor.executor.parallel:run_until_complete finished with '0'
[0.284s] DEBUG:colcon.colcon_core.event_reactor:joining thread
[0.287s] INFO:colcon.colcon_core.plugin_system:Skipping extension 'colcon_notification.desktop_notification.terminal_notifier': Not used on non-Darwin systems
[0.287s] INFO:colcon.colcon_core.plugin_system:Skipping extension 'colcon_notification.desktop_notification.win32': Not used on non-Windows systems
[0.287s] INFO:colcon.colcon_notification.desktop_notification:Sending desktop notification using 'notify2'
[0.293s] DEBUG:colcon.colcon_core.event_reactor:joined thread
[0.294s] INFO:colcon.colcon_core.shell:Creating prefix script '/home/jacky/Documents/robot_vision_project_2025/install/local_setup.ps1'
[0.294s] INFO:colcon.colcon_core.shell:Creating prefix util module '/home/jacky/Documents/robot_vision_project_2025/install/_local_setup_util_ps1.py'
[0.295s] INFO:colcon.colcon_core.shell:Creating prefix chain script '/home/jacky/Documents/robot_vision_project_2025/install/setup.ps1'
[0.296s] INFO:colcon.colcon_core.shell:Creating prefix script '/home/jacky/Documents/robot_vision_project_2025/install/local_setup.sh'
[0.296s] INFO:colcon.colcon_core.shell:Creating prefix util module '/home/jacky/Documents/robot_vision_project_2025/install/_local_setup_util_sh.py'
[0.297s] INFO:colcon.colcon_core.shell:Creating prefix chain script '/home/jacky/Documents/robot_vision_project_2025/install/setup.sh'
[0.297s] INFO:colcon.colcon_core.shell:Creating prefix script '/home/jacky/Documents/robot_vision_project_2025/install/local_setup.bash'
[0.298s] INFO:colcon.colcon_core.shell:Creating prefix chain script '/home/jacky/Documents/robot_vision_project_2025/install/setup.bash'
[0.298s] INFO:colcon.colcon_core.shell:Creating prefix script '/home/jacky/Documents/robot_vision_project_2025/install/local_setup.zsh'
[0.298s] INFO:colcon.colcon_core.shell:Creating prefix chain script '/home/jacky/Documents/robot_vision_project_2025/install/setup.zsh'
