/home/jacky/Documents/robot_vision_project_2025/install/my_camera_pkg/lib/python3.10/site-packages/my_camera_pkg/tkinter.py
/home/jacky/Documents/robot_vision_project_2025/install/my_camera_pkg/lib/python3.10/site-packages/my_camera_pkg/undistort.py
/home/jacky/Documents/robot_vision_project_2025/install/my_camera_pkg/lib/python3.10/site-packages/my_camera_pkg/hsv.py
/home/jacky/Documents/robot_vision_project_2025/install/my_camera_pkg/lib/python3.10/site-packages/my_camera_pkg/camera_node.py
/home/jacky/Documents/robot_vision_project_2025/install/my_camera_pkg/lib/python3.10/site-packages/my_camera_pkg/hough_circle_tuner.py
/home/jacky/Documents/robot_vision_project_2025/install/my_camera_pkg/lib/python3.10/site-packages/my_camera_pkg/hole_template_match.py
/home/jacky/Documents/robot_vision_project_2025/install/my_camera_pkg/lib/python3.10/site-packages/my_camera_pkg/yolo.py
/home/jacky/Documents/robot_vision_project_2025/install/my_camera_pkg/lib/python3.10/site-packages/my_camera_pkg/canny_edges.py
/home/jacky/Documents/robot_vision_project_2025/install/my_camera_pkg/lib/python3.10/site-packages/my_camera_pkg/hough_circle.py
/home/jacky/Documents/robot_vision_project_2025/install/my_camera_pkg/lib/python3.10/site-packages/my_camera_pkg/object_detect.py
/home/jacky/Documents/robot_vision_project_2025/install/my_camera_pkg/lib/python3.10/site-packages/my_camera_pkg/__init__.py
/home/jacky/Documents/robot_vision_project_2025/install/my_camera_pkg/lib/python3.10/site-packages/my_camera_pkg/hsv_tuner.py
/home/jacky/Documents/robot_vision_project_2025/install/my_camera_pkg/lib/python3.10/site-packages/my_camera_pkg/camera_subscriber.py
/home/jacky/Documents/robot_vision_project_2025/install/my_camera_pkg/lib/python3.10/site-packages/my_camera_pkg/__pycache__/tkinter.cpython-310.pyc
/home/jacky/Documents/robot_vision_project_2025/install/my_camera_pkg/lib/python3.10/site-packages/my_camera_pkg/__pycache__/undistort.cpython-310.pyc
/home/jacky/Documents/robot_vision_project_2025/install/my_camera_pkg/lib/python3.10/site-packages/my_camera_pkg/__pycache__/hsv.cpython-310.pyc
/home/jacky/Documents/robot_vision_project_2025/install/my_camera_pkg/lib/python3.10/site-packages/my_camera_pkg/__pycache__/camera_node.cpython-310.pyc
/home/jacky/Documents/robot_vision_project_2025/install/my_camera_pkg/lib/python3.10/site-packages/my_camera_pkg/__pycache__/hough_circle_tuner.cpython-310.pyc
/home/jacky/Documents/robot_vision_project_2025/install/my_camera_pkg/lib/python3.10/site-packages/my_camera_pkg/__pycache__/hole_template_match.cpython-310.pyc
/home/jacky/Documents/robot_vision_project_2025/install/my_camera_pkg/lib/python3.10/site-packages/my_camera_pkg/__pycache__/yolo.cpython-310.pyc
/home/jacky/Documents/robot_vision_project_2025/install/my_camera_pkg/lib/python3.10/site-packages/my_camera_pkg/__pycache__/canny_edges.cpython-310.pyc
/home/jacky/Documents/robot_vision_project_2025/install/my_camera_pkg/lib/python3.10/site-packages/my_camera_pkg/__pycache__/hough_circle.cpython-310.pyc
/home/jacky/Documents/robot_vision_project_2025/install/my_camera_pkg/lib/python3.10/site-packages/my_camera_pkg/__pycache__/object_detect.cpython-310.pyc
/home/jacky/Documents/robot_vision_project_2025/install/my_camera_pkg/lib/python3.10/site-packages/my_camera_pkg/__pycache__/__init__.cpython-310.pyc
/home/jacky/Documents/robot_vision_project_2025/install/my_camera_pkg/lib/python3.10/site-packages/my_camera_pkg/__pycache__/hsv_tuner.cpython-310.pyc
/home/jacky/Documents/robot_vision_project_2025/install/my_camera_pkg/lib/python3.10/site-packages/my_camera_pkg/__pycache__/camera_subscriber.cpython-310.pyc
/home/jacky/Documents/robot_vision_project_2025/install/my_camera_pkg/share/ament_index/resource_index/packages/my_camera_pkg
/home/jacky/Documents/robot_vision_project_2025/install/my_camera_pkg/share/my_camera_pkg/package.xml
/home/jacky/Documents/robot_vision_project_2025/install/my_camera_pkg/share/my_camera_pkg/launch/camera_launch.py
/home/jacky/Documents/robot_vision_project_2025/install/my_camera_pkg/lib/python3.10/site-packages/my_camera_pkg-0.0.0-py3.10.egg-info/entry_points.txt
/home/jacky/Documents/robot_vision_project_2025/install/my_camera_pkg/lib/python3.10/site-packages/my_camera_pkg-0.0.0-py3.10.egg-info/SOURCES.txt
/home/jacky/Documents/robot_vision_project_2025/install/my_camera_pkg/lib/python3.10/site-packages/my_camera_pkg-0.0.0-py3.10.egg-info/PKG-INFO
/home/jacky/Documents/robot_vision_project_2025/install/my_camera_pkg/lib/python3.10/site-packages/my_camera_pkg-0.0.0-py3.10.egg-info/requires.txt
/home/jacky/Documents/robot_vision_project_2025/install/my_camera_pkg/lib/python3.10/site-packages/my_camera_pkg-0.0.0-py3.10.egg-info/zip-safe
/home/jacky/Documents/robot_vision_project_2025/install/my_camera_pkg/lib/python3.10/site-packages/my_camera_pkg-0.0.0-py3.10.egg-info/top_level.txt
/home/jacky/Documents/robot_vision_project_2025/install/my_camera_pkg/lib/python3.10/site-packages/my_camera_pkg-0.0.0-py3.10.egg-info/dependency_links.txt
/home/jacky/Documents/robot_vision_project_2025/install/my_camera_pkg/lib/my_camera_pkg/camera_node
/home/jacky/Documents/robot_vision_project_2025/install/my_camera_pkg/lib/my_camera_pkg/camera_subscriber
/home/jacky/Documents/robot_vision_project_2025/install/my_camera_pkg/lib/my_camera_pkg/canny_edges
/home/jacky/Documents/robot_vision_project_2025/install/my_camera_pkg/lib/my_camera_pkg/hole_template_match
/home/jacky/Documents/robot_vision_project_2025/install/my_camera_pkg/lib/my_camera_pkg/hough_circle
/home/jacky/Documents/robot_vision_project_2025/install/my_camera_pkg/lib/my_camera_pkg/hough_circle_tuner
/home/jacky/Documents/robot_vision_project_2025/install/my_camera_pkg/lib/my_camera_pkg/hsv
/home/jacky/Documents/robot_vision_project_2025/install/my_camera_pkg/lib/my_camera_pkg/hsv_tuner
/home/jacky/Documents/robot_vision_project_2025/install/my_camera_pkg/lib/my_camera_pkg/object_detect
/home/jacky/Documents/robot_vision_project_2025/install/my_camera_pkg/lib/my_camera_pkg/tkinter
/home/jacky/Documents/robot_vision_project_2025/install/my_camera_pkg/lib/my_camera_pkg/undistort
/home/jacky/Documents/robot_vision_project_2025/install/my_camera_pkg/lib/my_camera_pkg/yolo
