[0.061s] DEBUG:colcon:Command line arguments: ['/usr/bin/colcon', 'build']
[0.061s] DEBUG:colcon:Parsed command line arguments: Namespace(log_base=None, log_level=None, verb_name='build', build_base='build', install_base='install', merge_install=False, symlink_install=False, test_result_base=None, continue_on_error=False, executor='parallel', parallel_workers=16, event_handlers=None, ignore_user_meta=False, metas=['./colcon.meta'], base_paths=['.'], packages_ignore=None, packages_ignore_regex=None, paths=None, packages_up_to=None, packages_up_to_regex=None, packages_above=None, packages_above_and_dependencies=None, packages_above_depth=None, packages_select_by_dep=None, packages_skip_by_dep=None, packages_skip_up_to=None, packages_select_build_failed=False, packages_skip_build_finished=False, packages_select_test_failures=False, packages_skip_test_passed=False, packages_select=None, packages_skip=None, packages_select_regex=None, packages_skip_regex=None, packages_start=None, packages_end=None, allow_overriding=[], cmake_args=None, cmake_target=None, cmake_target_skip_unavailable=False, cmake_clean_cache=False, cmake_clean_first=False, cmake_force_configure=False, ament_cmake_args=None, catkin_cmake_args=None, catkin_skip_building_tests=False, mixin_files=None, mixin=None, verb_parser=<colcon_mixin.mixin.mixin_argument.MixinArgumentDecorator object at 0x795b25658a90>, verb_extension=<colcon_core.verb.build.BuildVerb object at 0x795b256585b0>, main=<bound method BuildVerb.main of <colcon_core.verb.build.BuildVerb object at 0x795b256585b0>>, mixin_verb=('build',))
[0.148s] Level 1:colcon.colcon_core.package_discovery:discover_packages(colcon_meta) check parameters
[0.148s] Level 1:colcon.colcon_core.package_discovery:discover_packages(recursive) check parameters
[0.148s] Level 1:colcon.colcon_core.package_discovery:discover_packages(ignore) check parameters
[0.148s] Level 1:colcon.colcon_core.package_discovery:discover_packages(path) check parameters
[0.148s] Level 1:colcon.colcon_core.package_discovery:discover_packages(colcon_meta) discover
[0.148s] Level 1:colcon.colcon_core.package_discovery:discover_packages(recursive) discover
[0.148s] INFO:colcon.colcon_core.package_discovery:Crawling recursively for packages in '/home/jacky/Documents/robot_vision_project_2025'
[0.148s] Level 1:colcon.colcon_core.package_identification:_identify(.) by extensions ['ignore', 'ignore_ament_install']
[0.148s] Level 1:colcon.colcon_core.package_identification:_identify(.) by extension 'ignore'
[0.148s] Level 1:colcon.colcon_core.package_identification:_identify(.) by extension 'ignore_ament_install'
[0.148s] Level 1:colcon.colcon_core.package_identification:_identify(.) by extensions ['colcon_pkg']
[0.148s] Level 1:colcon.colcon_core.package_identification:_identify(.) by extension 'colcon_pkg'
[0.148s] Level 1:colcon.colcon_core.package_identification:_identify(.) by extensions ['colcon_meta']
[0.148s] Level 1:colcon.colcon_core.package_identification:_identify(.) by extension 'colcon_meta'
[0.148s] Level 1:colcon.colcon_core.package_identification:_identify(.) by extensions ['ros']
[0.148s] Level 1:colcon.colcon_core.package_identification:_identify(.) by extension 'ros'
[0.155s] Level 1:colcon.colcon_core.package_identification:_identify(.) by extensions ['cmake', 'python']
[0.155s] Level 1:colcon.colcon_core.package_identification:_identify(.) by extension 'cmake'
[0.156s] Level 1:colcon.colcon_core.package_identification:_identify(.) by extension 'python'
[0.156s] Level 1:colcon.colcon_core.package_identification:_identify(.) by extensions ['python_setup_py']
[0.156s] Level 1:colcon.colcon_core.package_identification:_identify(.) by extension 'python_setup_py'
[0.156s] Level 1:colcon.colcon_core.package_identification:_identify(build) by extensions ['ignore', 'ignore_ament_install']
[0.156s] Level 1:colcon.colcon_core.package_identification:_identify(build) by extension 'ignore'
[0.156s] Level 1:colcon.colcon_core.package_identification:_identify(build) ignored
[0.156s] Level 1:colcon.colcon_core.package_identification:_identify(install) by extensions ['ignore', 'ignore_ament_install']
[0.156s] Level 1:colcon.colcon_core.package_identification:_identify(install) by extension 'ignore'
[0.156s] Level 1:colcon.colcon_core.package_identification:_identify(install) ignored
[0.156s] Level 1:colcon.colcon_core.package_identification:_identify(log) by extensions ['ignore', 'ignore_ament_install']
[0.156s] Level 1:colcon.colcon_core.package_identification:_identify(log) by extension 'ignore'
[0.156s] Level 1:colcon.colcon_core.package_identification:_identify(log) ignored
[0.156s] Level 1:colcon.colcon_core.package_identification:_identify(src) by extensions ['ignore', 'ignore_ament_install']
[0.156s] Level 1:colcon.colcon_core.package_identification:_identify(src) by extension 'ignore'
[0.156s] Level 1:colcon.colcon_core.package_identification:_identify(src) by extension 'ignore_ament_install'
[0.156s] Level 1:colcon.colcon_core.package_identification:_identify(src) by extensions ['colcon_pkg']
[0.156s] Level 1:colcon.colcon_core.package_identification:_identify(src) by extension 'colcon_pkg'
[0.156s] Level 1:colcon.colcon_core.package_identification:_identify(src) by extensions ['colcon_meta']
[0.156s] Level 1:colcon.colcon_core.package_identification:_identify(src) by extension 'colcon_meta'
[0.156s] Level 1:colcon.colcon_core.package_identification:_identify(src) by extensions ['ros']
[0.156s] Level 1:colcon.colcon_core.package_identification:_identify(src) by extension 'ros'
[0.156s] Level 1:colcon.colcon_core.package_identification:_identify(src) by extensions ['cmake', 'python']
[0.156s] Level 1:colcon.colcon_core.package_identification:_identify(src) by extension 'cmake'
[0.156s] Level 1:colcon.colcon_core.package_identification:_identify(src) by extension 'python'
[0.156s] Level 1:colcon.colcon_core.package_identification:_identify(src) by extensions ['python_setup_py']
[0.156s] Level 1:colcon.colcon_core.package_identification:_identify(src) by extension 'python_setup_py'
[0.156s] Level 1:colcon.colcon_core.package_identification:_identify(src/my_camera_pkg) by extensions ['ignore', 'ignore_ament_install']
[0.156s] Level 1:colcon.colcon_core.package_identification:_identify(src/my_camera_pkg) by extension 'ignore'
[0.156s] Level 1:colcon.colcon_core.package_identification:_identify(src/my_camera_pkg) by extension 'ignore_ament_install'
[0.156s] Level 1:colcon.colcon_core.package_identification:_identify(src/my_camera_pkg) by extensions ['colcon_pkg']
[0.157s] Level 1:colcon.colcon_core.package_identification:_identify(src/my_camera_pkg) by extension 'colcon_pkg'
[0.157s] Level 1:colcon.colcon_core.package_identification:_identify(src/my_camera_pkg) by extensions ['colcon_meta']
[0.157s] Level 1:colcon.colcon_core.package_identification:_identify(src/my_camera_pkg) by extension 'colcon_meta'
[0.157s] Level 1:colcon.colcon_core.package_identification:_identify(src/my_camera_pkg) by extensions ['ros']
[0.157s] Level 1:colcon.colcon_core.package_identification:_identify(src/my_camera_pkg) by extension 'ros'
[0.158s] DEBUG:colcon.colcon_core.package_identification:Package 'src/my_camera_pkg' with type 'ros.ament_python' and name 'my_camera_pkg'
[0.158s] Level 1:colcon.colcon_core.package_identification:_identify(src/rplidar_ros-ros2) by extensions ['ignore', 'ignore_ament_install']
[0.158s] Level 1:colcon.colcon_core.package_identification:_identify(src/rplidar_ros-ros2) by extension 'ignore'
[0.158s] Level 1:colcon.colcon_core.package_identification:_identify(src/rplidar_ros-ros2) by extension 'ignore_ament_install'
[0.158s] Level 1:colcon.colcon_core.package_identification:_identify(src/rplidar_ros-ros2) by extensions ['colcon_pkg']
[0.158s] Level 1:colcon.colcon_core.package_identification:_identify(src/rplidar_ros-ros2) by extension 'colcon_pkg'
[0.158s] Level 1:colcon.colcon_core.package_identification:_identify(src/rplidar_ros-ros2) by extensions ['colcon_meta']
[0.158s] Level 1:colcon.colcon_core.package_identification:_identify(src/rplidar_ros-ros2) by extension 'colcon_meta'
[0.158s] Level 1:colcon.colcon_core.package_identification:_identify(src/rplidar_ros-ros2) by extensions ['ros']
[0.158s] Level 1:colcon.colcon_core.package_identification:_identify(src/rplidar_ros-ros2) by extension 'ros'
[0.159s] DEBUG:colcon.colcon_core.package_identification:Package 'src/rplidar_ros-ros2' with type 'ros.ament_cmake' and name 'rplidar_ros'
[0.159s] Level 1:colcon.colcon_core.package_identification:_identify(src/webcam_stream) by extensions ['ignore', 'ignore_ament_install']
[0.159s] Level 1:colcon.colcon_core.package_identification:_identify(src/webcam_stream) by extension 'ignore'
[0.159s] Level 1:colcon.colcon_core.package_identification:_identify(src/webcam_stream) by extension 'ignore_ament_install'
[0.159s] Level 1:colcon.colcon_core.package_identification:_identify(src/webcam_stream) by extensions ['colcon_pkg']
[0.159s] Level 1:colcon.colcon_core.package_identification:_identify(src/webcam_stream) by extension 'colcon_pkg'
[0.159s] Level 1:colcon.colcon_core.package_identification:_identify(src/webcam_stream) by extensions ['colcon_meta']
[0.159s] Level 1:colcon.colcon_core.package_identification:_identify(src/webcam_stream) by extension 'colcon_meta'
[0.159s] Level 1:colcon.colcon_core.package_identification:_identify(src/webcam_stream) by extensions ['ros']
[0.159s] Level 1:colcon.colcon_core.package_identification:_identify(src/webcam_stream) by extension 'ros'
[0.159s] DEBUG:colcon.colcon_core.package_identification:Package 'src/webcam_stream' with type 'ros.ament_python' and name 'webcam_stream'
[0.160s] Level 1:colcon.colcon_core.package_discovery:discover_packages(recursive) using defaults
[0.160s] Level 1:colcon.colcon_core.package_discovery:discover_packages(ignore) discover
[0.160s] Level 1:colcon.colcon_core.package_discovery:discover_packages(ignore) using defaults
[0.160s] Level 1:colcon.colcon_core.package_discovery:discover_packages(path) discover
[0.160s] Level 1:colcon.colcon_core.package_discovery:discover_packages(path) using defaults
[0.172s] Level 1:colcon.colcon_core.package_discovery:discover_packages(prefix_path) check parameters
[0.172s] Level 1:colcon.colcon_core.package_discovery:discover_packages(prefix_path) discover
[0.173s] WARNING:colcon.colcon_ros.prefix_path.ament:The path '/home/jacky/Documents/robot_vision_project_2025/install/webcam_stream' in the environment variable AMENT_PREFIX_PATH doesn't exist
[0.173s] WARNING:colcon.colcon_ros.prefix_path.ament:The path '/home/jacky/Documents/robot_vision_project_2025/install/rplidar_ros' in the environment variable AMENT_PREFIX_PATH doesn't exist
[0.173s] WARNING:colcon.colcon_ros.prefix_path.ament:The path '/home/jacky/Documents/robot_vision_project_2025/install/my_camera_pkg' in the environment variable AMENT_PREFIX_PATH doesn't exist
[0.173s] WARNING:colcon.colcon_ros.prefix_path.catkin:The path '/home/jacky/Documents/robot_vision_project_2025/install/rplidar_ros' in the environment variable CMAKE_PREFIX_PATH doesn't exist
[0.173s] DEBUG:colcon.colcon_installed_package_information.package_discovery:Found 0 installed packages in /home/jacky/Documents/robot_vision_project_2025/install
[0.174s] DEBUG:colcon.colcon_installed_package_information.package_discovery:Found 185 installed packages in /opt/ros/humble
[0.180s] Level 1:colcon.colcon_core.package_discovery:discover_packages(prefix_path) using defaults
[0.194s] Level 5:colcon.colcon_core.verb:set package 'my_camera_pkg' build argument 'cmake_args' from command line to 'None'
[0.194s] Level 5:colcon.colcon_core.verb:set package 'my_camera_pkg' build argument 'cmake_target' from command line to 'None'
[0.194s] Level 5:colcon.colcon_core.verb:set package 'my_camera_pkg' build argument 'cmake_target_skip_unavailable' from command line to 'False'
[0.194s] Level 5:colcon.colcon_core.verb:set package 'my_camera_pkg' build argument 'cmake_clean_cache' from command line to 'False'
[0.194s] Level 5:colcon.colcon_core.verb:set package 'my_camera_pkg' build argument 'cmake_clean_first' from command line to 'False'
[0.194s] Level 5:colcon.colcon_core.verb:set package 'my_camera_pkg' build argument 'cmake_force_configure' from command line to 'False'
[0.194s] Level 5:colcon.colcon_core.verb:set package 'my_camera_pkg' build argument 'ament_cmake_args' from command line to 'None'
[0.194s] Level 5:colcon.colcon_core.verb:set package 'my_camera_pkg' build argument 'catkin_cmake_args' from command line to 'None'
[0.194s] Level 5:colcon.colcon_core.verb:set package 'my_camera_pkg' build argument 'catkin_skip_building_tests' from command line to 'False'
[0.194s] DEBUG:colcon.colcon_core.verb:Building package 'my_camera_pkg' with the following arguments: {'ament_cmake_args': None, 'build_base': '/home/jacky/Documents/robot_vision_project_2025/build/my_camera_pkg', 'catkin_cmake_args': None, 'catkin_skip_building_tests': False, 'cmake_args': None, 'cmake_clean_cache': False, 'cmake_clean_first': False, 'cmake_force_configure': False, 'cmake_target': None, 'cmake_target_skip_unavailable': False, 'install_base': '/home/jacky/Documents/robot_vision_project_2025/install/my_camera_pkg', 'merge_install': False, 'path': '/home/jacky/Documents/robot_vision_project_2025/src/my_camera_pkg', 'symlink_install': False, 'test_result_base': None}
[0.195s] Level 5:colcon.colcon_core.verb:set package 'rplidar_ros' build argument 'cmake_args' from command line to 'None'
[0.195s] Level 5:colcon.colcon_core.verb:set package 'rplidar_ros' build argument 'cmake_target' from command line to 'None'
[0.195s] Level 5:colcon.colcon_core.verb:set package 'rplidar_ros' build argument 'cmake_target_skip_unavailable' from command line to 'False'
[0.195s] Level 5:colcon.colcon_core.verb:set package 'rplidar_ros' build argument 'cmake_clean_cache' from command line to 'False'
[0.195s] Level 5:colcon.colcon_core.verb:set package 'rplidar_ros' build argument 'cmake_clean_first' from command line to 'False'
[0.195s] Level 5:colcon.colcon_core.verb:set package 'rplidar_ros' build argument 'cmake_force_configure' from command line to 'False'
[0.195s] Level 5:colcon.colcon_core.verb:set package 'rplidar_ros' build argument 'ament_cmake_args' from command line to 'None'
[0.195s] Level 5:colcon.colcon_core.verb:set package 'rplidar_ros' build argument 'catkin_cmake_args' from command line to 'None'
[0.195s] Level 5:colcon.colcon_core.verb:set package 'rplidar_ros' build argument 'catkin_skip_building_tests' from command line to 'False'
[0.195s] DEBUG:colcon.colcon_core.verb:Building package 'rplidar_ros' with the following arguments: {'ament_cmake_args': None, 'build_base': '/home/jacky/Documents/robot_vision_project_2025/build/rplidar_ros', 'catkin_cmake_args': None, 'catkin_skip_building_tests': False, 'cmake_args': None, 'cmake_clean_cache': False, 'cmake_clean_first': False, 'cmake_force_configure': False, 'cmake_target': None, 'cmake_target_skip_unavailable': False, 'install_base': '/home/jacky/Documents/robot_vision_project_2025/install/rplidar_ros', 'merge_install': False, 'path': '/home/jacky/Documents/robot_vision_project_2025/src/rplidar_ros-ros2', 'symlink_install': False, 'test_result_base': None}
[0.195s] Level 5:colcon.colcon_core.verb:set package 'webcam_stream' build argument 'cmake_args' from command line to 'None'
[0.195s] Level 5:colcon.colcon_core.verb:set package 'webcam_stream' build argument 'cmake_target' from command line to 'None'
[0.195s] Level 5:colcon.colcon_core.verb:set package 'webcam_stream' build argument 'cmake_target_skip_unavailable' from command line to 'False'
[0.195s] Level 5:colcon.colcon_core.verb:set package 'webcam_stream' build argument 'cmake_clean_cache' from command line to 'False'
[0.195s] Level 5:colcon.colcon_core.verb:set package 'webcam_stream' build argument 'cmake_clean_first' from command line to 'False'
[0.195s] Level 5:colcon.colcon_core.verb:set package 'webcam_stream' build argument 'cmake_force_configure' from command line to 'False'
[0.195s] Level 5:colcon.colcon_core.verb:set package 'webcam_stream' build argument 'ament_cmake_args' from command line to 'None'
[0.195s] Level 5:colcon.colcon_core.verb:set package 'webcam_stream' build argument 'catkin_cmake_args' from command line to 'None'
[0.195s] Level 5:colcon.colcon_core.verb:set package 'webcam_stream' build argument 'catkin_skip_building_tests' from command line to 'False'
[0.195s] DEBUG:colcon.colcon_core.verb:Building package 'webcam_stream' with the following arguments: {'ament_cmake_args': None, 'build_base': '/home/jacky/Documents/robot_vision_project_2025/build/webcam_stream', 'catkin_cmake_args': None, 'catkin_skip_building_tests': False, 'cmake_args': None, 'cmake_clean_cache': False, 'cmake_clean_first': False, 'cmake_force_configure': False, 'cmake_target': None, 'cmake_target_skip_unavailable': False, 'install_base': '/home/jacky/Documents/robot_vision_project_2025/install/webcam_stream', 'merge_install': False, 'path': '/home/jacky/Documents/robot_vision_project_2025/src/webcam_stream', 'symlink_install': False, 'test_result_base': None}
[0.195s] INFO:colcon.colcon_core.executor:Executing jobs using 'parallel' executor
[0.196s] DEBUG:colcon.colcon_parallel_executor.executor.parallel:run_until_complete
[0.196s] INFO:colcon.colcon_ros.task.ament_python.build:Building ROS package in '/home/jacky/Documents/robot_vision_project_2025/src/my_camera_pkg' with build type 'ament_python'
[0.196s] Level 1:colcon.colcon_core.shell:create_environment_hook('my_camera_pkg', 'ament_prefix_path')
[0.197s] INFO:colcon.colcon_core.plugin_system:Skipping extension 'colcon_core.shell.bat': Not used on non-Windows systems
[0.197s] INFO:colcon.colcon_core.shell:Creating environment hook '/home/jacky/Documents/robot_vision_project_2025/install/my_camera_pkg/share/my_camera_pkg/hook/ament_prefix_path.ps1'
[0.198s] INFO:colcon.colcon_core.shell:Creating environment descriptor '/home/jacky/Documents/robot_vision_project_2025/install/my_camera_pkg/share/my_camera_pkg/hook/ament_prefix_path.dsv'
[0.198s] INFO:colcon.colcon_core.shell:Creating environment hook '/home/jacky/Documents/robot_vision_project_2025/install/my_camera_pkg/share/my_camera_pkg/hook/ament_prefix_path.sh'
[0.198s] INFO:colcon.colcon_core.shell:Skip shell extension 'powershell' for command environment: Not usable outside of PowerShell
[0.198s] DEBUG:colcon.colcon_core.shell:Skip shell extension 'dsv' for command environment
[0.200s] INFO:colcon.colcon_ros.task.ament_cmake.build:Building ROS package in '/home/jacky/Documents/robot_vision_project_2025/src/rplidar_ros-ros2' with build type 'ament_cmake'
[0.200s] INFO:colcon.colcon_cmake.task.cmake.build:Building CMake package in '/home/jacky/Documents/robot_vision_project_2025/src/rplidar_ros-ros2'
[0.200s] INFO:colcon.colcon_core.shell:Skip shell extension 'powershell' for command environment: Not usable outside of PowerShell
[0.200s] DEBUG:colcon.colcon_core.shell:Skip shell extension 'dsv' for command environment
[0.202s] INFO:colcon.colcon_ros.task.ament_python.build:Building ROS package in '/home/jacky/Documents/robot_vision_project_2025/src/webcam_stream' with build type 'ament_python'
[0.202s] Level 1:colcon.colcon_core.shell:create_environment_hook('webcam_stream', 'ament_prefix_path')
[0.202s] INFO:colcon.colcon_core.shell:Creating environment hook '/home/jacky/Documents/robot_vision_project_2025/install/webcam_stream/share/webcam_stream/hook/ament_prefix_path.ps1'
[0.202s] INFO:colcon.colcon_core.shell:Creating environment descriptor '/home/jacky/Documents/robot_vision_project_2025/install/webcam_stream/share/webcam_stream/hook/ament_prefix_path.dsv'
[0.202s] INFO:colcon.colcon_core.shell:Creating environment hook '/home/jacky/Documents/robot_vision_project_2025/install/webcam_stream/share/webcam_stream/hook/ament_prefix_path.sh'
[0.202s] INFO:colcon.colcon_core.shell:Skip shell extension 'powershell' for command environment: Not usable outside of PowerShell
[0.202s] DEBUG:colcon.colcon_core.shell:Skip shell extension 'dsv' for command environment
[0.337s] INFO:colcon.colcon_core.task.python.build:Building Python package in '/home/jacky/Documents/robot_vision_project_2025/src/my_camera_pkg'
[0.337s] INFO:colcon.colcon_core.shell:Skip shell extension 'powershell' for command environment: Not usable outside of PowerShell
[0.337s] DEBUG:colcon.colcon_core.shell:Skip shell extension 'dsv' for command environment
[0.341s] DEBUG:colcon.colcon_core.event_handler.log_command:Invoking command in '/home/jacky/Documents/robot_vision_project_2025/build/rplidar_ros': CMAKE_PREFIX_PATH=${CMAKE_PREFIX_PATH}:/home/jacky/Documents/robot_vision_project_2025/install/webcam_stream:/home/jacky/Documents/robot_vision_project_2025/install/my_camera_pkg:/opt/ros/humble /usr/bin/cmake /home/jacky/Documents/robot_vision_project_2025/src/rplidar_ros-ros2 -DCMAKE_INSTALL_PREFIX=/home/jacky/Documents/robot_vision_project_2025/install/rplidar_ros
[0.480s] WARNING:colcon.colcon_ros.task.ament_python.build:Package 'webcam_stream' doesn't explicitly install a marker in the package index (colcon-ros currently does it implicitly but that fallback will be removed in the future)
[0.481s] WARNING:colcon.colcon_ros.task.ament_python.build:Package 'webcam_stream' doesn't explicitly install the 'package.xml' file (colcon-ros currently does it implicitly but that fallback will be removed in the future)
[0.481s] INFO:colcon.colcon_core.task.python.build:Building Python package in '/home/jacky/Documents/robot_vision_project_2025/src/webcam_stream'
[0.481s] INFO:colcon.colcon_core.shell:Skip shell extension 'powershell' for command environment: Not usable outside of PowerShell
[0.481s] DEBUG:colcon.colcon_core.shell:Skip shell extension 'dsv' for command environment
[0.701s] DEBUG:colcon.colcon_core.event_handler.log_command:Invoking command in '/home/jacky/Documents/robot_vision_project_2025/src/my_camera_pkg': PYTHONPATH=/home/jacky/Documents/robot_vision_project_2025/build/my_camera_pkg/prefix_override:/usr/lib/python3/dist-packages/colcon_core/task/python/colcon_distutils_commands:/home/jacky/Documents/robot_vision_project_2025/install/my_camera_pkg/lib/python3.10/site-packages:${PYTHONPATH} /usr/bin/python3 -W ignore:setup.py install is deprecated -W ignore:easy_install command is deprecated setup.py egg_info --egg-base ../../build/my_camera_pkg build --build-base /home/jacky/Documents/robot_vision_project_2025/build/my_camera_pkg/build install --record /home/jacky/Documents/robot_vision_project_2025/build/my_camera_pkg/install.log --single-version-externally-managed install_data
[0.716s] DEBUG:colcon.colcon_core.event_handler.log_command:Invoking command in '/home/jacky/Documents/robot_vision_project_2025/src/webcam_stream': PYTHONPATH=/home/jacky/Documents/robot_vision_project_2025/build/webcam_stream/prefix_override:/usr/lib/python3/dist-packages/colcon_core/task/python/colcon_distutils_commands:/home/jacky/Documents/robot_vision_project_2025/install/webcam_stream/lib/python3.10/site-packages:${PYTHONPATH} /usr/bin/python3 -W ignore:setup.py install is deprecated -W ignore:easy_install command is deprecated setup.py egg_info --egg-base ../../build/webcam_stream build --build-base /home/jacky/Documents/robot_vision_project_2025/build/webcam_stream/build install --record /home/jacky/Documents/robot_vision_project_2025/build/webcam_stream/install.log --single-version-externally-managed
[0.882s] DEBUG:colcon.colcon_core.event_handler.log_command:Invoked command in '/home/jacky/Documents/robot_vision_project_2025/src/my_camera_pkg' returned '0': PYTHONPATH=/home/jacky/Documents/robot_vision_project_2025/build/my_camera_pkg/prefix_override:/usr/lib/python3/dist-packages/colcon_core/task/python/colcon_distutils_commands:/home/jacky/Documents/robot_vision_project_2025/install/my_camera_pkg/lib/python3.10/site-packages:${PYTHONPATH} /usr/bin/python3 -W ignore:setup.py install is deprecated -W ignore:easy_install command is deprecated setup.py egg_info --egg-base ../../build/my_camera_pkg build --build-base /home/jacky/Documents/robot_vision_project_2025/build/my_camera_pkg/build install --record /home/jacky/Documents/robot_vision_project_2025/build/my_camera_pkg/install.log --single-version-externally-managed install_data
[0.884s] Level 1:colcon.colcon_core.environment:checking '/home/jacky/Documents/robot_vision_project_2025/install/my_camera_pkg' for CMake module files
[0.884s] Level 1:colcon.colcon_core.environment:checking '/home/jacky/Documents/robot_vision_project_2025/install/my_camera_pkg' for CMake config files
[0.884s] Level 1:colcon.colcon_core.environment:checking '/home/jacky/Documents/robot_vision_project_2025/install/my_camera_pkg/lib'
[0.884s] Level 1:colcon.colcon_core.environment:checking '/home/jacky/Documents/robot_vision_project_2025/install/my_camera_pkg/bin'
[0.884s] Level 1:colcon.colcon_core.environment:checking '/home/jacky/Documents/robot_vision_project_2025/install/my_camera_pkg/lib/pkgconfig/my_camera_pkg.pc'
[0.885s] Level 1:colcon.colcon_core.environment:checking '/home/jacky/Documents/robot_vision_project_2025/install/my_camera_pkg/lib/python3.10/site-packages'
[0.885s] Level 1:colcon.colcon_core.shell:create_environment_hook('my_camera_pkg', 'pythonpath')
[0.885s] INFO:colcon.colcon_core.shell:Creating environment hook '/home/jacky/Documents/robot_vision_project_2025/install/my_camera_pkg/share/my_camera_pkg/hook/pythonpath.ps1'
[0.885s] INFO:colcon.colcon_core.shell:Creating environment descriptor '/home/jacky/Documents/robot_vision_project_2025/install/my_camera_pkg/share/my_camera_pkg/hook/pythonpath.dsv'
[0.885s] INFO:colcon.colcon_core.shell:Creating environment hook '/home/jacky/Documents/robot_vision_project_2025/install/my_camera_pkg/share/my_camera_pkg/hook/pythonpath.sh'
[0.886s] Level 1:colcon.colcon_core.environment:checking '/home/jacky/Documents/robot_vision_project_2025/install/my_camera_pkg/bin'
[0.886s] Level 1:colcon.colcon_core.environment:create_environment_scripts_only(my_camera_pkg)
[0.886s] INFO:colcon.colcon_core.shell:Creating package script '/home/jacky/Documents/robot_vision_project_2025/install/my_camera_pkg/share/my_camera_pkg/package.ps1'
[0.886s] INFO:colcon.colcon_core.shell:Creating package descriptor '/home/jacky/Documents/robot_vision_project_2025/install/my_camera_pkg/share/my_camera_pkg/package.dsv'
[0.887s] INFO:colcon.colcon_core.shell:Creating package script '/home/jacky/Documents/robot_vision_project_2025/install/my_camera_pkg/share/my_camera_pkg/package.sh'
[0.887s] INFO:colcon.colcon_core.shell:Creating package script '/home/jacky/Documents/robot_vision_project_2025/install/my_camera_pkg/share/my_camera_pkg/package.bash'
[0.888s] INFO:colcon.colcon_core.shell:Creating package script '/home/jacky/Documents/robot_vision_project_2025/install/my_camera_pkg/share/my_camera_pkg/package.zsh'
[0.888s] Level 1:colcon.colcon_core.environment:create_file_with_runtime_dependencies(/home/jacky/Documents/robot_vision_project_2025/install/my_camera_pkg/share/colcon-core/packages/my_camera_pkg)
[0.889s] Level 1:colcon.colcon_core.environment:checking '/home/jacky/Documents/robot_vision_project_2025/install/webcam_stream' for CMake module files
[0.889s] DEBUG:colcon.colcon_core.event_handler.log_command:Invoked command in '/home/jacky/Documents/robot_vision_project_2025/src/webcam_stream' returned '0': PYTHONPATH=/home/jacky/Documents/robot_vision_project_2025/build/webcam_stream/prefix_override:/usr/lib/python3/dist-packages/colcon_core/task/python/colcon_distutils_commands:/home/jacky/Documents/robot_vision_project_2025/install/webcam_stream/lib/python3.10/site-packages:${PYTHONPATH} /usr/bin/python3 -W ignore:setup.py install is deprecated -W ignore:easy_install command is deprecated setup.py egg_info --egg-base ../../build/webcam_stream build --build-base /home/jacky/Documents/robot_vision_project_2025/build/webcam_stream/build install --record /home/jacky/Documents/robot_vision_project_2025/build/webcam_stream/install.log --single-version-externally-managed
[0.889s] Level 1:colcon.colcon_core.environment:checking '/home/jacky/Documents/robot_vision_project_2025/install/webcam_stream' for CMake config files
[0.890s] Level 1:colcon.colcon_core.environment:checking '/home/jacky/Documents/robot_vision_project_2025/install/webcam_stream/lib'
[0.890s] Level 1:colcon.colcon_core.environment:checking '/home/jacky/Documents/robot_vision_project_2025/install/webcam_stream/bin'
[0.890s] Level 1:colcon.colcon_core.environment:checking '/home/jacky/Documents/robot_vision_project_2025/install/webcam_stream/lib/pkgconfig/webcam_stream.pc'
[0.890s] Level 1:colcon.colcon_core.environment:checking '/home/jacky/Documents/robot_vision_project_2025/install/webcam_stream/lib/python3.10/site-packages'
[0.890s] Level 1:colcon.colcon_core.shell:create_environment_hook('webcam_stream', 'pythonpath')
[0.890s] INFO:colcon.colcon_core.shell:Creating environment hook '/home/jacky/Documents/robot_vision_project_2025/install/webcam_stream/share/webcam_stream/hook/pythonpath.ps1'
[0.890s] INFO:colcon.colcon_core.shell:Creating environment descriptor '/home/jacky/Documents/robot_vision_project_2025/install/webcam_stream/share/webcam_stream/hook/pythonpath.dsv'
[0.890s] INFO:colcon.colcon_core.shell:Creating environment hook '/home/jacky/Documents/robot_vision_project_2025/install/webcam_stream/share/webcam_stream/hook/pythonpath.sh'
[0.891s] Level 1:colcon.colcon_core.environment:checking '/home/jacky/Documents/robot_vision_project_2025/install/webcam_stream/bin'
[0.891s] Level 1:colcon.colcon_core.environment:create_environment_scripts_only(webcam_stream)
[0.891s] INFO:colcon.colcon_core.shell:Creating package script '/home/jacky/Documents/robot_vision_project_2025/install/webcam_stream/share/webcam_stream/package.ps1'
[0.892s] INFO:colcon.colcon_core.shell:Creating package descriptor '/home/jacky/Documents/robot_vision_project_2025/install/webcam_stream/share/webcam_stream/package.dsv'
[0.892s] INFO:colcon.colcon_core.shell:Creating package script '/home/jacky/Documents/robot_vision_project_2025/install/webcam_stream/share/webcam_stream/package.sh'
[0.893s] INFO:colcon.colcon_core.shell:Creating package script '/home/jacky/Documents/robot_vision_project_2025/install/webcam_stream/share/webcam_stream/package.bash'
[0.893s] INFO:colcon.colcon_core.shell:Creating package script '/home/jacky/Documents/robot_vision_project_2025/install/webcam_stream/share/webcam_stream/package.zsh'
[0.893s] Level 1:colcon.colcon_core.environment:create_file_with_runtime_dependencies(/home/jacky/Documents/robot_vision_project_2025/install/webcam_stream/share/colcon-core/packages/webcam_stream)
[1.061s] DEBUG:colcon.colcon_core.event_handler.log_command:Invoked command in '/home/jacky/Documents/robot_vision_project_2025/build/rplidar_ros' returned '0': CMAKE_PREFIX_PATH=${CMAKE_PREFIX_PATH}:/home/jacky/Documents/robot_vision_project_2025/install/webcam_stream:/home/jacky/Documents/robot_vision_project_2025/install/my_camera_pkg:/opt/ros/humble /usr/bin/cmake /home/jacky/Documents/robot_vision_project_2025/src/rplidar_ros-ros2 -DCMAKE_INSTALL_PREFIX=/home/jacky/Documents/robot_vision_project_2025/install/rplidar_ros
[1.063s] DEBUG:colcon.colcon_core.event_handler.log_command:Invoking command in '/home/jacky/Documents/robot_vision_project_2025/build/rplidar_ros': CMAKE_PREFIX_PATH=${CMAKE_PREFIX_PATH}:/home/jacky/Documents/robot_vision_project_2025/install/webcam_stream:/home/jacky/Documents/robot_vision_project_2025/install/my_camera_pkg:/opt/ros/humble /usr/bin/cmake --build /home/jacky/Documents/robot_vision_project_2025/build/rplidar_ros -- -j16 -l16
[7.200s] DEBUG:colcon.colcon_core.event_handler.log_command:Invoked command in '/home/jacky/Documents/robot_vision_project_2025/build/rplidar_ros' returned '0': CMAKE_PREFIX_PATH=${CMAKE_PREFIX_PATH}:/home/jacky/Documents/robot_vision_project_2025/install/webcam_stream:/home/jacky/Documents/robot_vision_project_2025/install/my_camera_pkg:/opt/ros/humble /usr/bin/cmake --build /home/jacky/Documents/robot_vision_project_2025/build/rplidar_ros -- -j16 -l16
[7.206s] DEBUG:colcon.colcon_core.event_handler.log_command:Invoking command in '/home/jacky/Documents/robot_vision_project_2025/build/rplidar_ros': CMAKE_PREFIX_PATH=${CMAKE_PREFIX_PATH}:/home/jacky/Documents/robot_vision_project_2025/install/webcam_stream:/home/jacky/Documents/robot_vision_project_2025/install/my_camera_pkg:/opt/ros/humble /usr/bin/cmake --install /home/jacky/Documents/robot_vision_project_2025/build/rplidar_ros
[7.217s] Level 1:colcon.colcon_core.environment:create_environment_scripts_only(rplidar_ros)
[7.217s] Level 1:colcon.colcon_core.environment:checking '/home/jacky/Documents/robot_vision_project_2025/install/rplidar_ros' for CMake module files
[7.217s] DEBUG:colcon.colcon_core.event_handler.log_command:Invoked command in '/home/jacky/Documents/robot_vision_project_2025/build/rplidar_ros' returned '0': CMAKE_PREFIX_PATH=${CMAKE_PREFIX_PATH}:/home/jacky/Documents/robot_vision_project_2025/install/webcam_stream:/home/jacky/Documents/robot_vision_project_2025/install/my_camera_pkg:/opt/ros/humble /usr/bin/cmake --install /home/jacky/Documents/robot_vision_project_2025/build/rplidar_ros
[7.217s] Level 1:colcon.colcon_core.environment:checking '/home/jacky/Documents/robot_vision_project_2025/install/rplidar_ros' for CMake config files
[7.217s] Level 1:colcon.colcon_core.shell:create_environment_hook('rplidar_ros', 'cmake_prefix_path')
[7.218s] INFO:colcon.colcon_core.shell:Creating environment hook '/home/jacky/Documents/robot_vision_project_2025/install/rplidar_ros/share/rplidar_ros/hook/cmake_prefix_path.ps1'
[7.218s] INFO:colcon.colcon_core.shell:Creating environment descriptor '/home/jacky/Documents/robot_vision_project_2025/install/rplidar_ros/share/rplidar_ros/hook/cmake_prefix_path.dsv'
[7.218s] INFO:colcon.colcon_core.shell:Creating environment hook '/home/jacky/Documents/robot_vision_project_2025/install/rplidar_ros/share/rplidar_ros/hook/cmake_prefix_path.sh'
[7.218s] Level 1:colcon.colcon_core.environment:checking '/home/jacky/Documents/robot_vision_project_2025/install/rplidar_ros/lib'
[7.218s] Level 1:colcon.colcon_core.environment:checking '/home/jacky/Documents/robot_vision_project_2025/install/rplidar_ros/bin'
[7.218s] Level 1:colcon.colcon_core.environment:checking '/home/jacky/Documents/robot_vision_project_2025/install/rplidar_ros/lib/pkgconfig/rplidar_ros.pc'
[7.219s] Level 1:colcon.colcon_core.environment:checking '/home/jacky/Documents/robot_vision_project_2025/install/rplidar_ros/lib/python3.10/site-packages'
[7.219s] Level 1:colcon.colcon_core.environment:checking '/home/jacky/Documents/robot_vision_project_2025/install/rplidar_ros/bin'
[7.219s] INFO:colcon.colcon_core.shell:Creating package script '/home/jacky/Documents/robot_vision_project_2025/install/rplidar_ros/share/rplidar_ros/package.ps1'
[7.219s] INFO:colcon.colcon_core.shell:Creating package descriptor '/home/jacky/Documents/robot_vision_project_2025/install/rplidar_ros/share/rplidar_ros/package.dsv'
[7.219s] INFO:colcon.colcon_core.shell:Creating package script '/home/jacky/Documents/robot_vision_project_2025/install/rplidar_ros/share/rplidar_ros/package.sh'
[7.220s] INFO:colcon.colcon_core.shell:Creating package script '/home/jacky/Documents/robot_vision_project_2025/install/rplidar_ros/share/rplidar_ros/package.bash'
[7.220s] INFO:colcon.colcon_core.shell:Creating package script '/home/jacky/Documents/robot_vision_project_2025/install/rplidar_ros/share/rplidar_ros/package.zsh'
[7.220s] Level 1:colcon.colcon_core.environment:create_file_with_runtime_dependencies(/home/jacky/Documents/robot_vision_project_2025/install/rplidar_ros/share/colcon-core/packages/rplidar_ros)
[7.220s] Level 1:colcon.colcon_core.environment:create_environment_scripts_only(rplidar_ros)
[7.220s] Level 1:colcon.colcon_core.environment:checking '/home/jacky/Documents/robot_vision_project_2025/install/rplidar_ros' for CMake module files
[7.221s] Level 1:colcon.colcon_core.environment:checking '/home/jacky/Documents/robot_vision_project_2025/install/rplidar_ros' for CMake config files
[7.221s] Level 1:colcon.colcon_core.shell:create_environment_hook('rplidar_ros', 'cmake_prefix_path')
[7.221s] INFO:colcon.colcon_core.shell:Creating environment hook '/home/jacky/Documents/robot_vision_project_2025/install/rplidar_ros/share/rplidar_ros/hook/cmake_prefix_path.ps1'
[7.221s] INFO:colcon.colcon_core.shell:Creating environment descriptor '/home/jacky/Documents/robot_vision_project_2025/install/rplidar_ros/share/rplidar_ros/hook/cmake_prefix_path.dsv'
[7.221s] INFO:colcon.colcon_core.shell:Creating environment hook '/home/jacky/Documents/robot_vision_project_2025/install/rplidar_ros/share/rplidar_ros/hook/cmake_prefix_path.sh'
[7.222s] Level 1:colcon.colcon_core.environment:checking '/home/jacky/Documents/robot_vision_project_2025/install/rplidar_ros/lib'
[7.222s] Level 1:colcon.colcon_core.environment:checking '/home/jacky/Documents/robot_vision_project_2025/install/rplidar_ros/bin'
[7.222s] Level 1:colcon.colcon_core.environment:checking '/home/jacky/Documents/robot_vision_project_2025/install/rplidar_ros/lib/pkgconfig/rplidar_ros.pc'
[7.222s] Level 1:colcon.colcon_core.environment:checking '/home/jacky/Documents/robot_vision_project_2025/install/rplidar_ros/lib/python3.10/site-packages'
[7.222s] Level 1:colcon.colcon_core.environment:checking '/home/jacky/Documents/robot_vision_project_2025/install/rplidar_ros/bin'
[7.222s] INFO:colcon.colcon_core.shell:Creating package script '/home/jacky/Documents/robot_vision_project_2025/install/rplidar_ros/share/rplidar_ros/package.ps1'
[7.223s] INFO:colcon.colcon_core.shell:Creating package descriptor '/home/jacky/Documents/robot_vision_project_2025/install/rplidar_ros/share/rplidar_ros/package.dsv'
[7.223s] INFO:colcon.colcon_core.shell:Creating package script '/home/jacky/Documents/robot_vision_project_2025/install/rplidar_ros/share/rplidar_ros/package.sh'
[7.223s] INFO:colcon.colcon_core.shell:Creating package script '/home/jacky/Documents/robot_vision_project_2025/install/rplidar_ros/share/rplidar_ros/package.bash'
[7.223s] INFO:colcon.colcon_core.shell:Creating package script '/home/jacky/Documents/robot_vision_project_2025/install/rplidar_ros/share/rplidar_ros/package.zsh'
[7.224s] Level 1:colcon.colcon_core.environment:create_file_with_runtime_dependencies(/home/jacky/Documents/robot_vision_project_2025/install/rplidar_ros/share/colcon-core/packages/rplidar_ros)
[7.224s] DEBUG:colcon.colcon_parallel_executor.executor.parallel:closing loop
[7.224s] DEBUG:colcon.colcon_parallel_executor.executor.parallel:loop closed
[7.224s] DEBUG:colcon.colcon_parallel_executor.executor.parallel:run_until_complete finished with '0'
[7.224s] DEBUG:colcon.colcon_core.event_reactor:joining thread
[7.238s] INFO:colcon.colcon_core.plugin_system:Skipping extension 'colcon_notification.desktop_notification.terminal_notifier': Not used on non-Darwin systems
[7.238s] INFO:colcon.colcon_core.plugin_system:Skipping extension 'colcon_notification.desktop_notification.win32': Not used on non-Windows systems
[7.238s] INFO:colcon.colcon_notification.desktop_notification:Sending desktop notification using 'notify2'
[7.246s] DEBUG:colcon.colcon_core.event_reactor:joined thread
[7.247s] INFO:colcon.colcon_core.shell:Creating prefix script '/home/jacky/Documents/robot_vision_project_2025/install/local_setup.ps1'
[7.247s] INFO:colcon.colcon_core.shell:Creating prefix util module '/home/jacky/Documents/robot_vision_project_2025/install/_local_setup_util_ps1.py'
[7.248s] INFO:colcon.colcon_core.shell:Creating prefix chain script '/home/jacky/Documents/robot_vision_project_2025/install/setup.ps1'
[7.249s] INFO:colcon.colcon_core.shell:Creating prefix script '/home/jacky/Documents/robot_vision_project_2025/install/local_setup.sh'
[7.249s] INFO:colcon.colcon_core.shell:Creating prefix util module '/home/jacky/Documents/robot_vision_project_2025/install/_local_setup_util_sh.py'
[7.249s] INFO:colcon.colcon_core.shell:Creating prefix chain script '/home/jacky/Documents/robot_vision_project_2025/install/setup.sh'
[7.250s] INFO:colcon.colcon_core.shell:Creating prefix script '/home/jacky/Documents/robot_vision_project_2025/install/local_setup.bash'
[7.251s] INFO:colcon.colcon_core.shell:Creating prefix chain script '/home/jacky/Documents/robot_vision_project_2025/install/setup.bash'
[7.251s] INFO:colcon.colcon_core.shell:Creating prefix script '/home/jacky/Documents/robot_vision_project_2025/install/local_setup.zsh'
[7.251s] INFO:colcon.colcon_core.shell:Creating prefix chain script '/home/jacky/Documents/robot_vision_project_2025/install/setup.zsh'
