running egg_info
writing ../../build/webcam_stream/webcam_stream.egg-info/PKG-INFO
writing dependency_links to ../../build/webcam_stream/webcam_stream.egg-info/dependency_links.txt
writing entry points to ../../build/webcam_stream/webcam_stream.egg-info/entry_points.txt
writing requirements to ../../build/webcam_stream/webcam_stream.egg-info/requires.txt
writing top-level names to ../../build/webcam_stream/webcam_stream.egg-info/top_level.txt
reading manifest file '../../build/webcam_stream/webcam_stream.egg-info/SOURCES.txt'
writing manifest file '../../build/webcam_stream/webcam_stream.egg-info/SOURCES.txt'
running build
running build_py
copying webcam_stream/camera_node.py -> /home/lego/ros2_ws/build/webcam_stream/build/lib/webcam_stream
running install
running install_lib
copying /home/lego/ros2_ws/build/webcam_stream/build/lib/webcam_stream/camera_node.py -> /home/lego/ros2_ws/install/webcam_stream/lib/python3.10/site-packages/webcam_stream
byte-compiling /home/lego/ros2_ws/install/webcam_stream/lib/python3.10/site-packages/webcam_stream/camera_node.py to camera_node.cpython-310.pyc
running install_egg_info
removing '/home/lego/ros2_ws/install/webcam_stream/lib/python3.10/site-packages/webcam_stream-0.0.0-py3.10.egg-info' (and everything under it)
Copying ../../build/webcam_stream/webcam_stream.egg-info to /home/lego/ros2_ws/install/webcam_stream/lib/python3.10/site-packages/webcam_stream-0.0.0-py3.10.egg-info
running install_scripts
Installing camera_node script to /home/lego/ros2_ws/install/webcam_stream/lib/webcam_stream
writing list of installed files to '/home/lego/ros2_ws/build/webcam_stream/install.log'
